Log file open, 07/10/17 03:39:23
LogInit:Display: Running engine for game: pangville
LogPlatformFile: Not using cached read wrapper
LogInit:Display: RandInit(-1118376813) SRandInit(-1118376812).
LogTaskGraph: Started task graph with 5 named threads and 8 total threads with 1 sets of task threads.
LogStats: Stats thread started at 0.117438
LogInit: Using libcurl 7.47.1
LogInit:  - built for x86_64-pc-win32
LogInit:  - supports SSL with OpenSSL/1.0.2g
LogInit:  - supports HTTP deflate (compression) using libz 1.2.8
LogInit:  - other features:
LogInit:      CURL_VERSION_SSL
LogInit:      CURL_VERSION_LIBZ
LogInit:      CURL_VERSION_IPV6
LogInit:      CURL_VERSION_ASYNCHDNS
LogInit:      CURL_VERSION_LARGEFILE
LogInit:      CURL_VERSION_IDN
LogInit:  CurlRequestOptions (configurable via config and command line):
LogInit:  - bVerifyPeer = false  - Libcurl will NOT verify peer certificate
LogInit:  - bUseHttpProxy = false  - Libcurl will NOT use HTTP proxy
LogInit:  - bDontReuseConnections = false  - Libcurl will reuse connections
LogInit:  - CertBundlePath = nullptr  - Libcurl will use whatever was configured at build time.
LogInit: Build: ++UE4+Release-4.16-CL-3514769
LogInit: Engine Version: 4.16.2-3514769+++UE4+Release-4.16
LogInit: Compatible Engine Version: 4.16.0-3452394+++UE4+Release-4.16
LogInit: Net CL: 3452394
LogDevObjectVersion: Number of dev versions registered: 16
LogDevObjectVersion:   Dev-Blueprints (B0D832E4-1F89-4F0D-ACCF-7EB736FD4AA2): 9
LogDevObjectVersion:   Dev-Build (E1C64328-A22C-4D53-A36C-8E866417BD8C): 0
LogDevObjectVersion:   Dev-Core (375EC13C-06E4-48FB-B500-84F0262A717E): 2
LogDevObjectVersion:   Dev-Editor (E4B068ED-F494-42E9-A231-DA0B2E46BB41): 17
LogDevObjectVersion:   Dev-Framework (CFFC743F-43B0-4480-9391-14DF171D2073): 23
LogDevObjectVersion:   Dev-Mobile (B02B49B5-BB20-44E9-A304-32B752E40360): 0
LogDevObjectVersion:   Dev-Networking (A4E4105C-59A1-49B5-A7C5-40C4547EDFEE): 0
LogDevObjectVersion:   Dev-Online (39C831C9-5AE6-47DC-9A44-9C173E1C8E7C): 0
LogDevObjectVersion:   Dev-Physics (78F01B33-EBEA-4F98-B9B4-84EACCB95AA2): 0
LogDevObjectVersion:   Dev-Platform (6631380F-2D4D-43E0-8009-CF276956A95A): 0
LogDevObjectVersion:   Dev-Rendering (12F88B9F-8875-4AFC-A67C-D90C383ABD29): 15
LogDevObjectVersion:   Dev-Sequencer (7B5AE74C-D270-4C10-A958-57980B212A5A): 4
LogDevObjectVersion:   Dev-VR (D7296918-1DD6-4BDD-9DE2-64A83CC13884): 0
LogDevObjectVersion:   Dev-LoadTimes (C2A15278-BFE7-4AFE-6C17-90FF531DF755): 1
LogDevObjectVersion:   Private-Geometry (6EACA3D4-40EC-4CC1-B786-8BED09428FC5): 1
LogDevObjectVersion:   Dev-AnimPhys (29E575DD-E0A3-4627-9D10-D276232CDCEA): 3
LogInit: Compiled (64-bit): Jun 29 2017 02:03:24
LogInit: Compiled with Visual C++: 19.00.24215.01
LogInit: Build Configuration: Development
LogInit: Branch Name: ++UE4+Release-4.16
LogInit: Command line:  
LogInit: Base directory: C:/Games/UE4/UE_4.16/Engine/Binaries/Win64/
LogInit: Installed Engine Build: 1
LogInit: Presizing for max 8388607 objects, including 0 objects not considered by GC, pre-allocating 0 bytes for permanent pool.
LogInit: Object subsystem initialized
[2017.07.10-01.39.24:050][  0]LogInit: Selected Device Profile: [Windows]
[2017.07.10-01.39.24:050][  0]LogInit: Applying CVar settings loaded from the selected device profile: [Windows]
[2017.07.10-01.39.24:086][  0]LogInit: Computer: TONI10
[2017.07.10-01.39.24:086][  0]LogInit: User: Toni
[2017.07.10-01.39.24:086][  0]LogInit: CPU Page size=4096, Cores=4
[2017.07.10-01.39.24:086][  0]LogInit: High frequency timer resolution =3.214554 MHz
[2017.07.10-01.39.24:087][  0]LogMemory: Memory total: Physical=8.0GB (8GB approx)
[2017.07.10-01.39.24:087][  0]LogMemory: Platform Memory Stats for Windows
[2017.07.10-01.39.24:087][  0]LogMemory: Process Physical Memory: 274.02 MB used, 274.02 MB peak
[2017.07.10-01.39.24:087][  0]LogMemory: Process Virtual Memory: 274.49 MB used, 274.49 MB peak
[2017.07.10-01.39.24:087][  0]LogMemory: Physical Memory: 3083.59 MB used,  5073.29 MB free, 8156.88 MB total
[2017.07.10-01.39.24:087][  0]LogMemory: Virtual Memory: 651.53 MB used,  5073.29 MB free, 134217728.00 MB total
[2017.07.10-01.39.24:406][  0]LogInit: Using OS detected language (en-US).
[2017.07.10-01.39.24:406][  0]LogInit: Using OS detected locale (en-US).
[2017.07.10-01.39.24:456][  0]LogTextLocalizationManager: No specific localization for 'en-US' exists, so the 'en' localization will be used.
[2017.07.10-01.39.27:871][  0]LogD3D11RHI: D3D11 adapters:
[2017.07.10-01.39.27:906][  0]LogD3D11RHI:    0. 'NVIDIA GeForce GTX 760' (Feature Level 11_0)
[2017.07.10-01.39.27:906][  0]LogD3D11RHI:       2017/0/4078 MB DedicatedVideo/DedicatedSystem/SharedSystem, Outputs:2, VendorId:0x10de
[2017.07.10-01.39.27:907][  0]LogD3D11RHI:    1. 'Microsoft Basic Render Driver' (Feature Level 11_0)
[2017.07.10-01.39.27:907][  0]LogD3D11RHI:       0/0/4078 MB DedicatedVideo/DedicatedSystem/SharedSystem, Outputs:0, VendorId:0x1414
[2017.07.10-01.39.27:907][  0]LogD3D11RHI: Chosen D3D11 Adapter: 0
[2017.07.10-01.39.27:915][  0]LogD3D11RHI: Creating new Direct3DDevice
[2017.07.10-01.39.27:915][  0]LogD3D11RHI:     GPU DeviceId: 0x1187 (for the marketing name, search the web for "GPU Device Id")
[2017.07.10-01.39.27:915][  0]LogWindows: EnumDisplayDevices:
[2017.07.10-01.39.27:915][  0]LogWindows:    0. 'NVIDIA GeForce GTX 760' (P:0 D:1)
[2017.07.10-01.39.27:915][  0]LogWindows:    1. 'NVIDIA GeForce GTX 760' (P:1 D:1)
[2017.07.10-01.39.27:915][  0]LogWindows:    2. 'NVIDIA GeForce GTX 760' (P:0 D:0)
[2017.07.10-01.39.27:915][  0]LogWindows:    3. 'NVIDIA GeForce GTX 760' (P:0 D:0)
[2017.07.10-01.39.27:915][  0]LogWindows: DebugString: FoundDriverCount:4 
[2017.07.10-01.39.27:915][  0]LogD3D11RHI:     Adapter Name: NVIDIA GeForce GTX 760
[2017.07.10-01.39.27:915][  0]LogD3D11RHI:   Driver Version: 382.33 (internal:22.21.13.8233, unified:382.33)
[2017.07.10-01.39.27:915][  0]LogD3D11RHI:      Driver Date: 5-17-2017
[2017.07.10-01.39.27:916][  0]LogRHI: Texture pool is 1361 MB (70% of 1945 MB)
[2017.07.10-01.39.27:942][  0]LogD3D11RHI: Async texture creation enabled
[2017.07.10-01.39.27:981][  0]LogD3D11RHI: GPU Timing Frequency: 1000.000000 (Debug: 2 2)
[2017.07.10-01.39.28:041][  0]LogShaderCompilers: Guid format shader working directory is -19 characters bigger than the processId version (../../../../../../Users/Toni.DESKTOP-EC9GL36/Documents/Unreal Projects/pangville/Intermediate/Shaders/WorkingDirectory/1520/).
[2017.07.10-01.39.28:041][  0]LogShaderCompilers: Cleaned the shader compiler working directory 'C:/Users/Toni.DESKTOP-EC9GL36/AppData/Local/Temp/UnrealShaderWorkingDir/97C1ACD7454978FFDA5BD992A44828CB/'.
[2017.07.10-01.39.28:042][  0]LogShaderCompilers:Display: Using Local Shader Compiler.
[2017.07.10-01.39.30:461][  0]LogTemp:Display: Loaded TP AllDesktopTargetPlatform
[2017.07.10-01.39.30:525][  0]LogTemp:Display: Loaded TP MacClientTargetPlatform
[2017.07.10-01.39.30:590][  0]LogTemp:Display: Loaded TP MacNoEditorTargetPlatform
[2017.07.10-01.39.30:655][  0]LogTemp:Display: Loaded TP MacServerTargetPlatform
[2017.07.10-01.39.30:727][  0]LogTemp:Display: Loaded TP MacTargetPlatform
[2017.07.10-01.39.30:792][  0]LogTemp:Display: Loaded TP WindowsClientTargetPlatform
[2017.07.10-01.39.30:859][  0]LogTemp:Display: Loaded TP WindowsNoEditorTargetPlatform
[2017.07.10-01.39.30:924][  0]LogTemp:Display: Loaded TP WindowsServerTargetPlatform
[2017.07.10-01.39.30:983][  0]LogTemp:Display: Loaded TP WindowsTargetPlatform
[2017.07.10-01.39.31:051][  0]LogTemp:Display: Loaded TP AndroidTargetPlatform
[2017.07.10-01.39.31:114][  0]LogTemp:Display: Loaded TP Android_ASTCTargetPlatform
[2017.07.10-01.39.31:177][  0]LogTemp:Display: Loaded TP Android_ATCTargetPlatform
[2017.07.10-01.39.31:240][  0]LogTemp:Display: Loaded TP Android_DXTTargetPlatform
[2017.07.10-01.39.31:301][  0]LogTemp:Display: Loaded TP Android_ETC1TargetPlatform
[2017.07.10-01.39.31:364][  0]LogTemp:Display: Loaded TP Android_ETC2TargetPlatform
[2017.07.10-01.39.31:492][  0]LogTemp:Display: Loaded TP Android_MultiTargetPlatform
[2017.07.10-01.39.31:492][  0]LogTemp:Display: Loaded TP Android_PVRTCTargetPlatform
[2017.07.10-01.39.31:544][  0]LogTemp:Display: Loaded TP HTML5TargetPlatform
[2017.07.10-01.39.31:663][  0]LogTemp:Display: Loaded TP IOSTargetPlatform
[2017.07.10-01.39.31:702][  0]LogTemp:Display: Loaded TP TVOSTargetPlatform
[2017.07.10-01.39.31:766][  0]LogTemp:Display: Loaded TP LinuxClientTargetPlatform
[2017.07.10-01.39.31:830][  0]LogTemp:Display: Loaded TP LinuxNoEditorTargetPlatform
[2017.07.10-01.39.31:893][  0]LogTemp:Display: Loaded TP LinuxServerTargetPlatform
[2017.07.10-01.39.31:960][  0]LogTemp:Display: Loaded TP LinuxTargetPlatform
[2017.07.10-01.39.31:961][  0]LogTargetPlatformManager:Display: Building Assets For Windows
[2017.07.10-01.39.32:700][  0]LogDerivedDataCache:Display: Max Cache Size: 512 MB
[2017.07.10-01.39.33:265][  0]LogDerivedDataCache: Loaded boot cache 0.57s 102MB C:/Users/Toni.DESKTOP-EC9GL36/AppData/Local/UnrealEngine/4.16/DerivedDataCache/Boot.ddc.
[2017.07.10-01.39.33:266][  0]LogDerivedDataCache:Display: Loaded Boot cache: C:/Users/Toni.DESKTOP-EC9GL36/AppData/Local/UnrealEngine/4.16/DerivedDataCache/Boot.ddc
[2017.07.10-01.39.33:266][  0]LogDerivedDataCache: FDerivedDataBackendGraph:  Pak pak cache file ../../../../../../Users/Toni.DESKTOP-EC9GL36/Documents/Unreal Projects/pangville/DerivedDataCache/DDC.ddp not found, will not use a pak cache.
[2017.07.10-01.39.33:266][  0]LogDerivedDataCache: Unable to find inner node Pak for hierarchical cache Hierarchy.
[2017.07.10-01.39.33:266][  0]LogDerivedDataCache: FDerivedDataBackendGraph:  CompressedPak pak cache file ../../../../../../Users/Toni.DESKTOP-EC9GL36/Documents/Unreal Projects/pangville/DerivedDataCache/Compressed.ddp not found, will not use a pak cache.
[2017.07.10-01.39.33:266][  0]LogDerivedDataCache: Unable to find inner node CompressedPak for hierarchical cache Hierarchy.
[2017.07.10-01.39.33:295][  0]LogDerivedDataCache:Display: Pak cache opened for reading ../../../Engine/DerivedDataCache/Compressed.ddp.
[2017.07.10-01.39.33:307][  0]LogDerivedDataCache: Using Local data cache path C:/Users/Toni.DESKTOP-EC9GL36/AppData/Local/UnrealEngine/Common/DerivedDataCache: Writable
[2017.07.10-01.39.33:323][  0]LogMaterial: Verifying Global Shaders for PCD3D_SM5
[2017.07.10-01.39.33:328][  0]LogSlate: Using Freetype 2.6.0
[2017.07.10-01.39.33:343][  0]LogSlate: SlateFontCache - WITH_FREETYPE: 1, WITH_HARFBUZZ: 1
[2017.07.10-01.39.33:343][  0]LogSlate: SlateFontCache - WITH_FREETYPE: 1, WITH_HARFBUZZ: 1
[2017.07.10-01.39.34:262][  0]LogInit: Selected Device Profile: [Windows]
[2017.07.10-01.39.34:472][  0]LogContentStreaming: Texture pool size is 0.00 MB
[2017.07.10-01.39.34:738][  0]LogMeshUtilities: Using QuadricMeshReduction for automatic static mesh reduction
[2017.07.10-01.39.34:805][  0]LogSimplygon: Simplygon DLL not present - disabling.
[2017.07.10-01.39.34:867][  0]LogMeshUtilities: Using SimplygonSwarm for distributed automatic mesh merging
[2017.07.10-01.39.34:867][  0]LogMeshUtilities: No automatic skeletal mesh reduction module available
[2017.07.10-01.39.34:867][  0]LogMeshUtilities: No automatic mesh merging module available
[2017.07.10-01.39.36:324][  0]LogNetVersion: pangville , NetCL: 3452394, EngineNetVer: 2, GameNetVer: 0 (Checksum: 2355678359)
[2017.07.10-01.39.36:430][  0]LogAssetRegistry: FAssetRegistry took 0.0279 seconds to start up
[2017.07.10-01.39.36:516][  0]LogPackageLocalizationCache: Processed 4 localized package path(s) for 2 prioritized culture(s) in 0.045646 seconds
[2017.07.10-01.39.36:524][  0]LogUObjectArray: 34194 objects as part of root set at end of initial load.
[2017.07.10-01.39.36:524][  0]LogUObjectAllocator: 7260424 out of 0 bytes used by permanent object pool.
[2017.07.10-01.39.36:524][  0]LogUObjectArray: CloseDisregardForGC: 0/0 objects in disregard for GC pool
[2017.07.10-01.39.36:610][  0]LogInit: WinSock: version 1.1 (2.2), MaxSocks=32767, MaxUdp=65467
[2017.07.10-01.39.41:666][  0]LogTcpMessaging: Initializing TcpMessaging bridge
[2017.07.10-01.39.41:714][  0]LogUdpMessaging: Initializing bridge on interface 0.0.0.0:0 to multicast group 230.0.0.1:6666.
[2017.07.10-01.39.42:496][  0]LogMaterial: Uniform references updated for custom material expression Custom.
[2017.07.10-01.39.43:116][  0]SourceControl: Info Source control is disabled
[2017.07.10-01.39.43:116][  0]SourceControl: Info Source control is disabled
[2017.07.10-01.39.43:183][  0]SourceControl: Info Source control is disabled
[2017.07.10-01.39.43:244][  0]SourceControl: Info Source control is disabled
[2017.07.10-01.39.44:647][  0]LogAndroidPermission: UAndroidPermissionCallbackProxy::GetInstance
[2017.07.10-01.39.45:425][  0]LogEngine: Initializing Engine...
[2017.07.10-01.39.45:426][  0]LogHMD: Failed to initialize OpenVR with code 110
[2017.07.10-01.39.45:839][  0]LogStats: UGameplayTagsManager::ConstructGameplayTagTree: Construct from data asset -  0.000 s
[2017.07.10-01.39.45:840][  0]LogStats: UGameplayTagsManager::ConstructGameplayTagTree: GameplayTagTreeChangedEvent.Broadcast -  0.000 s
[2017.07.10-01.39.46:044][  0]LogAIModule: Creating AISystem for world Untitled
[2017.07.10-01.39.46:079][  0]LogInit: XAudio2 using 'Speakers (Realtek High Definition Audio)' : 2 channels at 48 kHz using 32 bits per sample (channel mask 0x3)
[2017.07.10-01.39.46:100][  0]LogInit: FAudioDevice initialized.
[2017.07.10-01.39.46:155][  0]LogDerivedDataCache: Saved boot cache 0.06s 102MB C:/Users/Toni.DESKTOP-EC9GL36/AppData/Local/UnrealEngine/4.16/DerivedDataCache/Boot.ddc.
[2017.07.10-01.39.46:186][  0]LogInit: Texture streaming: Enabled
[2017.07.10-01.39.46:315][  0]LogEngineSessionManager: EngineSessionManager initialized
[2017.07.10-01.39.46:637][  0]LogInit: Transaction tracking system initialized
[2017.07.10-01.39.47:067][  0]BlueprintLog: New page: Editor Load
[2017.07.10-01.39.48:380][  0]LocalizationService: Info Localization service is disabled
[2017.07.10-01.39.49:321][  0]LogConsoleResponse:Display: 
[2017.07.10-01.39.49:739][  0]LogCook:Display: Max memory allowance for cook 16384mb min free memory 0mb
[2017.07.10-01.39.49:739][  0]LogCook:Display: Mobile HDR setting 1
[2017.07.10-01.39.50:426][  0]LogFileCache: Scanning file cache for directory 'C:/Users/Toni.DESKTOP-EC9GL36/Documents/Unreal Projects/pangville/Content/' took 0.02s
[2017.07.10-01.39.51:155][  0]SourceControl: Info Source control is disabled
[2017.07.10-01.39.51:158][  0]Cmd: MAP LOAD FILE="../../../../../../Users/Toni.DESKTOP-EC9GL36/Documents/Unreal Projects/pangville/Content/SideScrollerBP/Maps/SideScrollerExampleMap.umap" TEMPLATE=0 SHOWPROGRESS=1 FEATURELEVEL=3
[2017.07.10-01.39.51:158][  0]LogEditorServer:Warning: Can't find file '../../../../../../Users/Toni.DESKTOP-EC9GL36/Documents/Unreal Projects/pangville/Content/SideScrollerBP/Maps/SideScrollerExampleMap.umap'
[2017.07.10-01.39.51:158][  0]Cmd: MAP CHECKDEP NOCLEARLOG
[2017.07.10-01.39.51:215][  0]MapCheck: Info Map check complete: 0 Error(s), 0 Warning(s), took 56.267ms to complete.
[2017.07.10-01.39.51:215][  0]LogFileHelpers: Loading map 'SideScrollerExampleMap' took 0.058
[2017.07.10-01.39.51:482][  0]LogCollectionManager: Loaded 0 collections in 0.001694 seconds
[2017.07.10-01.39.51:589][  0]LogFileCache: Scanning file cache for directory 'C:/Users/Toni.DESKTOP-EC9GL36/Documents/Unreal Projects/pangville/Saved/Collections/' took 0.01s
[2017.07.10-01.39.51:589][  0]LogFileCache: Scanning file cache for directory 'C:/Users/Toni.DESKTOP-EC9GL36/Documents/Unreal Projects/pangville/Content/Developers/Toni/Collections/' took 0.01s
[2017.07.10-01.39.51:589][  0]LogFileCache: Scanning file cache for directory 'C:/Users/Toni.DESKTOP-EC9GL36/Documents/Unreal Projects/pangville/Content/Collections/' took 0.01s
[2017.07.10-01.39.51:589][  0]LogCollectionManager: Rebuilt the GUID cache for 0 collections in 0.000002 seconds
[2017.07.10-01.39.51:601][  0]LogContentBrowser: Native class hierarchy populated in 0.0107 seconds. Added 2329 classes and 491 folders.
[2017.07.10-01.39.51:686][  0]LogContentBrowser: Native class hierarchy updated for 'WidgetCarousel' in 0.0006 seconds. Added 0 classes and 0 folders.
[2017.07.10-01.39.52:061][  0]LogContentBrowser: Native class hierarchy updated for 'AddContentDialog' in 0.0006 seconds. Added 0 classes and 0 folders.
[2017.07.10-01.39.52:124][  0]LogContentBrowser: Native class hierarchy updated for 'SceneOutliner' in 0.0007 seconds. Added 1 classes and 2 folders.
[2017.07.10-01.39.52:209][  0]LogCrashTracker: Crashtracker disabled due to settings.
[2017.07.10-01.39.52:233][  0]LogSlate: Took 0.010467 seconds to synchronously load lazily loaded font '../../../Engine/Content/Slate/Fonts/Roboto-Regular.ttf' (155K)
[2017.07.10-01.39.52:243][  0]LogSlate: Took 0.006437 seconds to synchronously load lazily loaded font '../../../Engine/Content/Slate/Fonts/Roboto-Bold.ttf' (160K)
[2017.07.10-01.39.52:259][  0]LogSlate: Took 0.006291 seconds to synchronously load lazily loaded font '../../../Engine/Content/Editor/Slate/Fonts/FontAwesome.ttf' (139K)
[2017.07.10-01.39.52:451][  0]LogRenderer: Reallocating scene render targets to support 1212x556 NumSamples 1 (Frame:1).
[2017.07.10-01.39.52:626][  0]LogUObjectGlobals:Warning: Failed to find object 'Class None.'
[2017.07.10-01.39.52:707][  0]LogContentBrowser: Native class hierarchy updated for 'HierarchicalLODOutliner' in 0.0007 seconds. Added 1 classes and 2 folders.
[2017.07.10-01.39.52:707][  0]LogLoad: (Engine Initialization) Total time: 31.48 seconds
[2017.07.10-01.39.52:707][  0]LogLoad: (Engine Initialization) Total Blueprint compile time: 0.09 seconds
[2017.07.10-01.39.52:707][  0]LogExternalProfiler: Found external profiler: VSPerf
[2017.07.10-01.39.52:707][  0]LogExternalProfiler: Using external profiler: VSPerf
[2017.07.10-01.39.52:719][  0]LogOcInput: OculusInput pre-init called
[2017.07.10-01.39.52:720][  0]LogHMD: Starting GearVRController plugin
[2017.07.10-01.39.52:751][  0]LogContentStreaming: Texture pool size now 1000 MB
[2017.07.10-01.39.52:837][  1]LogAssetRegistry: Asset discovery search completed in 16.4279 seconds
[2017.07.10-01.39.52:840][  1]LogCollectionManager: Rebuilt the object cache for 0 collections in 0.000001 seconds (found 0 objects)
[2017.07.10-01.39.52:840][  1]LogCollectionManager: Fixed up redirectors for 0 collections in 0.000823 seconds (updated 0 objects)
[2017.07.10-01.39.56:841][465]LogSlate: Took 0.004875 seconds to synchronously load lazily loaded font '../../../Engine/Content/Slate/Fonts/Roboto-Light.ttf' (159K)
[2017.07.10-01.41.55:817][656]LogTemp: Repeting last play command: Selected Viewport
[2017.07.10-01.41.55:878][656]LogPlayLevel: PlayLevel: No blueprints needed recompiling
[2017.07.10-01.41.55:885][656]PIE: New page: PIE session: Untitled_0 (Jul 10, 2017, 5:41:55 AM)
[2017.07.10-01.41.55:938][656]LogPlayLevel: Creating play world package: /Temp/UEDPIE_0_Untitled_0
[2017.07.10-01.41.55:942][656]LogPlayLevel: PIE: StaticDuplicateObject took: (0.003432s)
[2017.07.10-01.41.55:943][656]LogAIModule: Creating AISystem for world Untitled
[2017.07.10-01.41.55:943][656]LogPlayLevel: PIE: World Init took: (0.001233s)
[2017.07.10-01.41.55:943][656]LogPlayLevel: PIE: Created PIE world by copying editor world from /Temp/Untitled_0.Untitled to /Temp/UEDPIE_0_Untitled_0.Untitled (0.005530s)
[2017.07.10-01.41.55:974][656]LogInit: XAudio2 using 'Speakers (Realtek High Definition Audio)' : 2 channels at 48 kHz using 32 bits per sample (channel mask 0x3)
[2017.07.10-01.41.55:987][656]LogInit: FAudioDevice initialized.
[2017.07.10-01.41.56:577][656]LogLoad: Game class is 'SideScrollerGameMode_C'
[2017.07.10-01.41.56:585][656]LogWorld: Bringing World /Temp/UEDPIE_0_Untitled_0.Untitled up for play (max tick rate 0) at 2017.07.10-03.41.56
[2017.07.10-01.41.56:585][656]LogWorld: Bringing up level for play took: 0.001056
[2017.07.10-01.41.56:652][656]LogContentBrowser: Native class hierarchy updated for 'MovieSceneCapture' in 0.0007 seconds. Added 11 classes and 0 folders.
[2017.07.10-01.41.56:669][656]PIE: Info Play in editor start time for /Temp/UEDPIE_0_Untitled_0 0.906
[2017.07.10-01.42.02:692][186]LogSlate: Only BGRA pngs, bmps or icos are supported in by External Image Picker
[2017.07.10-01.42.02:805][187]LogTemp: Executing iPhonePackager certificates Engine -bundlename com.YourCompany.pangville
[2017.07.10-01.42.02:805][187]LogTemp: CWD: C:\Games\UE4\UE_4.16\Engine\Binaries\DotNET\IOS
[2017.07.10-01.42.02:805][187]LogTemp: Initial Dir: C:\Games\UE4\UE_4.16
[2017.07.10-01.42.02:805][187]LogTemp: Env CWD: C:\Games\UE4\UE_4.16\Engine\Binaries\DotNET\IOS
[2017.07.10-01.42.02:805][187]LogTemp: BranchPath = TONI10/C/Games/UE4/UE_4.16/Engine/Binaries --- GameBranchPath = TONI10/C/Games/UE4/UE_4.16/Engine/Binaries
[2017.07.10-01.42.02:805][187]LogTemp: IPP ERROR: Could not find provision directory 'C:\Users\Toni.DESKTOP-EC9GL36\AppData\Local/Apple Computer/MobileDevice/Provisioning Profiles/'.
[2017.07.10-01.42.23:046][371]LogSlate: Took 0.000219 seconds to synchronously load lazily loaded font '../../../Engine/Content/Slate/Fonts/Roboto-Light.ttf' (159K)
[2017.07.10-01.42.31:881][360]LogSlate: Took 0.000158 seconds to synchronously load lazily loaded font '../../../Engine/Content/Slate/Fonts/Roboto-Light.ttf' (159K)
[2017.07.10-01.42.32:523][360]LogAIModule: Creating AISystem for world Level1
[2017.07.10-01.42.32:591][360]Cmd: MAP LOAD FILE="../../../../../../Users/Toni.DESKTOP-EC9GL36/Documents/Unreal Projects/pangville/Content/SideScrollerBP/Maps/Level1.umap" TEMPLATE=0 SHOWPROGRESS=1 FEATURELEVEL=3
[2017.07.10-01.42.32:591][360]LightingResults: New page: Lighting Build
[2017.07.10-01.42.32:643][360]LogContentBrowser: Native class hierarchy updated for 'StatsViewer' in 0.0006 seconds. Added 5 classes and 0 folders.
[2017.07.10-01.42.32:644][360]LoadErrors: New page: Loading map: Level1.umap
[2017.07.10-01.42.32:645][360]MapCheck: New page: Map Check
[2017.07.10-01.42.32:645][360]LightingResults: New page: Lighting Build
[2017.07.10-01.42.32:689][360]LogEditorServer: Finished looking for orphan Actors (0.000 secs)
[2017.07.10-01.42.32:741][360]Cmd: MAP CHECKDEP NOCLEARLOG
[2017.07.10-01.42.32:808][360]MapCheck: Info Map check complete: 0 Error(s), 0 Warning(s), took 66.705ms to complete.
[2017.07.10-01.42.32:809][360]LogFileHelpers: Loading map 'Level1' took 0.220
[2017.07.10-01.45.30:960][541]Cmd: MAP LOAD FILE="../../../../../../Users/Toni.DESKTOP-EC9GL36/Documents/Unreal Projects/pangville/Content/SideScrollerBP/Maps/Level1.umap" TEMPLATE=0 SHOWPROGRESS=1 FEATURELEVEL=3
[2017.07.10-01.45.30:960][541]LightingResults: New page: Lighting Build
[2017.07.10-01.45.30:961][541]LoadErrors: New page: Loading map: Level1.umap
[2017.07.10-01.45.30:963][541]MapCheck: New page: Map Check
[2017.07.10-01.45.30:963][541]LightingResults: New page: Lighting Build
[2017.07.10-01.45.31:107][541]LogAIModule: Creating AISystem for world Level1
[2017.07.10-01.45.31:139][541]LogEditorServer: Finished looking for orphan Actors (0.000 secs)
[2017.07.10-01.45.31:203][541]Cmd: MAP CHECKDEP NOCLEARLOG
[2017.07.10-01.45.31:273][541]MapCheck: Info Map check complete: 0 Error(s), 0 Warning(s), took 69.905ms to complete.
[2017.07.10-01.45.31:277][541]LogFileHelpers: Loading map 'Level1' took 0.319
[2017.07.10-01.45.41:520][626]Cmd: MAP LOAD FILE="../../../../../../Users/Toni.DESKTOP-EC9GL36/Documents/Unreal Projects/pangville/Content/SideScrollerBP/Maps/Level1.umap" TEMPLATE=0 SHOWPROGRESS=1 FEATURELEVEL=3
[2017.07.10-01.45.41:520][626]LightingResults: New page: Lighting Build
[2017.07.10-01.45.41:521][626]LoadErrors: New page: Loading map: Level1.umap
[2017.07.10-01.45.41:522][626]MapCheck: New page: Map Check
[2017.07.10-01.45.41:522][626]LightingResults: New page: Lighting Build
[2017.07.10-01.45.41:662][626]LogAIModule: Creating AISystem for world Level1
[2017.07.10-01.45.41:688][626]LogEditorServer: Finished looking for orphan Actors (0.000 secs)
[2017.07.10-01.45.41:773][626]Cmd: MAP CHECKDEP NOCLEARLOG
[2017.07.10-01.45.41:840][626]MapCheck: Info Map check complete: 0 Error(s), 0 Warning(s), took 67.125ms to complete.
[2017.07.10-01.45.41:841][626]LogFileHelpers: Loading map 'Level1' took 0.323
[2017.07.10-01.45.47:564][113]LogWindowsTextInputMethodSystem:Display: IME system now deactivated.
[2017.07.10-01.45.47:757][114]Cmd: QUIT_EDITOR
[2017.07.10-01.45.48:553][114]LogExit: Preparing to exit.
[2017.07.10-01.45.49:032][114]LogDirectoryWatcher: A directory notification for 'C:/Users/Toni.DESKTOP-EC9GL36/Documents/Unreal Projects/pangville/Content/' was aborted.
[2017.07.10-01.45.49:063][114]LogExit: Editor shut down
[2017.07.10-01.45.49:069][114]LogExit: Transaction tracking system shut down
[2017.07.10-01.45.49:235][114]LogObj: Freed 0b from 0 cluster array pools.
[2017.07.10-01.45.49:236][114]LogExit: Object subsystem successfully closed.
[2017.07.10-01.45.49:272][114]LogD3D11RHI: Shutdown
[2017.07.10-01.45.49:272][114]LogD3D11RHI: CleanupD3DDevice
[2017.07.10-01.45.49:411][114]LogD3D11RHI: ~FD3D11DynamicRHI
[2017.07.10-01.45.49:464][114]LogModuleManager: Shutting down and abandoning module StatsViewer (528)
[2017.07.10-01.45.49:464][114]LogModuleManager: Shutting down and abandoning module ExternalImagePicker (526)
[2017.07.10-01.45.49:464][114]LogModuleManager: Shutting down and abandoning module MovieSceneCapture (524)
[2017.07.10-01.45.49:464][114]LogModuleManager: Shutting down and abandoning module HierarchicalLODOutliner (522)
[2017.07.10-01.45.49:465][114]LogModuleManager: Shutting down and abandoning module CrashTracker (520)
[2017.07.10-01.45.49:465][114]LogModuleManager: Shutting down and abandoning module SceneOutliner (518)
[2017.07.10-01.45.49:466][114]LogModuleManager: Shutting down and abandoning module AddContentDialog (516)
[2017.07.10-01.45.49:467][114]LogDirectoryWatcher: A directory notification for 'C:/Games/UE4/UE_4.16/FeaturePacks/' was aborted.
[2017.07.10-01.45.49:471][114]LogModuleManager: Shutting down and abandoning module WidgetCarousel (515)
[2017.07.10-01.45.49:471][114]LogModuleManager: Shutting down and abandoning module EditorWidgets (512)
[2017.07.10-01.45.49:471][114]LogModuleManager: Shutting down and abandoning module CollectionManager (510)
[2017.07.10-01.45.49:472][114]LogDirectoryWatcher: A directory notification for 'C:/Users/Toni.DESKTOP-EC9GL36/Documents/Unreal Projects/pangville/Content/Collections/' was aborted.
[2017.07.10-01.45.49:472][114]LogDirectoryWatcher: A directory notification for 'C:/Users/Toni.DESKTOP-EC9GL36/Documents/Unreal Projects/pangville/Content/Developers/Toni/Collections/' was aborted.
[2017.07.10-01.45.49:472][114]LogDirectoryWatcher: A directory notification for 'C:/Users/Toni.DESKTOP-EC9GL36/Documents/Unreal Projects/pangville/Saved/Collections/' was aborted.
[2017.07.10-01.45.49:472][114]LogModuleManager: Shutting down and abandoning module FoliageEdit (508)
[2017.07.10-01.45.49:472][114]LogModuleManager: Shutting down and abandoning module LandscapeEditor (506)
[2017.07.10-01.45.49:473][114]LogModuleManager: Shutting down and abandoning module MeshPaintMode (504)
[2017.07.10-01.45.49:473][114]LogModuleManager: Shutting down and abandoning module SceneDepthPickerMode (502)
[2017.07.10-01.45.49:473][114]LogModuleManager: Shutting down and abandoning module ActorPickerMode (500)
[2017.07.10-01.45.49:473][114]LogModuleManager: Shutting down and abandoning module GeometryMode (498)
[2017.07.10-01.45.49:473][114]LogModuleManager: Shutting down and abandoning module TextureAlignMode (496)
[2017.07.10-01.45.49:473][114]LogModuleManager: Shutting down and abandoning module BspMode (494)
[2017.07.10-01.45.49:473][114]LogModuleManager: Shutting down and abandoning module HardwareSurvey (492)
[2017.07.10-01.45.49:474][114]LogModuleManager: Shutting down and abandoning module SequenceRecorderSections (490)
[2017.07.10-01.45.49:474][114]LogModuleManager: Shutting down and abandoning module AutomationWorker (488)
[2017.07.10-01.45.49:474][114]LogModuleManager: Shutting down and abandoning module MatineeToLevelSequence (486)
[2017.07.10-01.45.49:474][114]LogModuleManager: Shutting down and abandoning module LevelSequenceEditor (484)
[2017.07.10-01.45.49:479][114]LogModuleManager: Shutting down and abandoning module PlacementMode (483)
[2017.07.10-01.45.49:479][114]LogModuleManager: Shutting down and abandoning module WmfMediaFactory (480)
[2017.07.10-01.45.49:479][114]LogModuleManager: Shutting down and abandoning module WmfMediaEditor (478)
[2017.07.10-01.45.49:479][114]LogModuleManager: Shutting down and abandoning module AvfMediaFactory (476)
[2017.07.10-01.45.49:479][114]LogModuleManager: Shutting down and abandoning module AvfMediaEditor (474)
[2017.07.10-01.45.49:479][114]LogModuleManager: Shutting down and abandoning module AndroidMediaFactory (472)
[2017.07.10-01.45.49:479][114]LogModuleManager: Shutting down and abandoning module Media (471)
[2017.07.10-01.45.49:479][114]LogModuleManager: Shutting down and abandoning module AndroidMediaEditor (468)
[2017.07.10-01.45.49:479][114]LogModuleManager: Shutting down and abandoning module CharacterAI (466)
[2017.07.10-01.45.49:479][114]LogModuleManager: Shutting down and abandoning module AudioCapture (464)
[2017.07.10-01.45.49:480][114]LogModuleManager: Shutting down and abandoning module SequenceRecorder (463)
[2017.07.10-01.45.49:481][114]LogModuleManager: Shutting down and abandoning module SmartSnapping (460)
[2017.07.10-01.45.49:481][114]LogModuleManager: Shutting down and abandoning module SessionServices (458)
[2017.07.10-01.45.49:481][114]LogModuleManager: Shutting down and abandoning module ViewportSnapping (456)
[2017.07.10-01.45.49:481][114]LogModuleManager: Shutting down and abandoning module ViewportInteraction (454)
[2017.07.10-01.45.49:481][114]LogModuleManager: Shutting down and abandoning module ClothPainter (452)
[2017.07.10-01.45.49:482][114]LogModuleManager: Shutting down and abandoning module LogVisualizer (450)
[2017.07.10-01.45.49:483][114]LogModuleManager: Shutting down and abandoning module IntroTutorials (448)
[2017.07.10-01.45.49:485][114]LogModuleManager: Shutting down and abandoning module GameProjectGeneration (447)
[2017.07.10-01.45.49:485][114]LogModuleManager: Shutting down and abandoning module EditorLiveStreaming (444)
[2017.07.10-01.45.49:485][114]LogModuleManager: Shutting down and abandoning module IOSPlatformEditor (442)
[2017.07.10-01.45.49:485][114]LogModuleManager: Shutting down and abandoning module HTML5PlatformEditor (440)
[2017.07.10-01.45.49:485][114]LogModuleManager: Shutting down and abandoning module AndroidPlatformEditor (438)
[2017.07.10-01.45.49:485][114]LogModuleManager: Shutting down and abandoning module AndroidDeviceDetection (437)
[2017.07.10-01.45.50:053][114]LogModuleManager: Shutting down and abandoning module IOSRuntimeSettings (434)
[2017.07.10-01.45.50:053][114]LogModuleManager: Shutting down and abandoning module AndroidRuntimeSettings (432)
[2017.07.10-01.45.50:053][114]LogModuleManager: Shutting down and abandoning module InputBindingEditor (430)
[2017.07.10-01.45.50:055][114]LogModuleManager: Shutting down and abandoning module MergeActors (428)
[2017.07.10-01.45.50:055][114]LogModuleManager: Shutting down and abandoning module SizeMap (426)
[2017.07.10-01.45.50:055][114]LogModuleManager: Shutting down and abandoning module TreeMap (424)
[2017.07.10-01.45.50:056][114]LogModuleManager: Shutting down and abandoning module ReferenceViewer (422)
[2017.07.10-01.45.50:056][114]LogModuleManager: Shutting down and abandoning module LocalizationDashboard (420)
[2017.07.10-01.45.50:057][114]LogModuleManager: Shutting down and abandoning module LocalizationService (419)
[2017.07.10-01.45.50:057][114]LogModuleManager: Shutting down and abandoning module HardwareTargeting (416)
[2017.07.10-01.45.50:057][114]LogModuleManager: Shutting down and abandoning module DeviceProfileEditor (414)
[2017.07.10-01.45.50:057][114]LogModuleManager: Shutting down and abandoning module UndoHistory (412)
[2017.07.10-01.45.50:058][114]LogModuleManager: Shutting down and abandoning module UserFeedback (410)
[2017.07.10-01.45.50:058][114]LogModuleManager: Shutting down and abandoning module XmlParser (408)
[2017.07.10-01.45.50:058][114]LogModuleManager: Shutting down and abandoning module Blutility (406)
[2017.07.10-01.45.50:058][114]LogModuleManager: Shutting down and abandoning module ProjectSettingsViewer (404)
[2017.07.10-01.45.50:058][114]LogModuleManager: Shutting down and abandoning module ProjectTargetPlatformEditor (403)
[2017.07.10-01.45.50:060][114]LogModuleManager: Shutting down and abandoning module EditorSettingsViewer (400)
[2017.07.10-01.45.50:060][114]LogModuleManager: Shutting down and abandoning module SettingsEditor (398)
[2017.07.10-01.45.50:061][114]LogModuleManager: Shutting down and abandoning module ProjectLauncher (396)
[2017.07.10-01.45.50:062][114]LogModuleManager: Shutting down and abandoning module SessionFrontend (394)
[2017.07.10-01.45.50:063][114]LogModuleManager: Shutting down and abandoning module ProfilerClient (392)
[2017.07.10-01.45.50:063][114]LogModuleManager: Shutting down and abandoning module DeviceManager (390)
[2017.07.10-01.45.50:064][114]LogModuleManager: Shutting down and abandoning module TargetDeviceServices (389)
[2017.07.10-01.45.50:121][114]LogModuleManager: Shutting down and abandoning module AutomationController (386)
[2017.07.10-01.45.50:124][114]LogModuleManager: Shutting down and abandoning module AutomationWindow (384)
[2017.07.10-01.45.50:125][114]LogModuleManager: Shutting down and abandoning module Layers (382)
[2017.07.10-01.45.50:127][114]LogModuleManager: Shutting down and abandoning module ComponentVisualizers (380)
[2017.07.10-01.45.50:127][114]LogModuleManager: Shutting down and abandoning module DetailCustomizations (378)
[2017.07.10-01.45.50:127][114]LogModuleManager: Shutting down and abandoning module PackagesDialog (376)
[2017.07.10-01.45.50:130][114]LogModuleManager: Shutting down and abandoning module Persona (374)
[2017.07.10-01.45.50:134][114]LogModuleManager: Shutting down and abandoning module AdvancedPreviewScene (373)
[2017.07.10-01.45.50:134][114]LogModuleManager: Shutting down and abandoning module AnimGraph (371)
[2017.07.10-01.45.50:134][114]LogModuleManager: Shutting down and abandoning module Kismet (368)
[2017.07.10-01.45.50:136][114]LogModuleManager: Shutting down and abandoning module ClassViewer (366)
[2017.07.10-01.45.50:136][114]LogModuleManager: Shutting down and abandoning module Toolbox (364)
[2017.07.10-01.45.50:137][114]LogModuleManager: Shutting down and abandoning module ModuleUI (362)
[2017.07.10-01.45.50:138][114]LogModuleManager: Shutting down and abandoning module MovieSceneTools (360)
[2017.07.10-01.45.50:139][114]LogModuleManager: Shutting down and abandoning module OutputLog (358)
[2017.07.10-01.45.50:139][114]LogModuleManager: Shutting down and abandoning module GammaUI (356)
[2017.07.10-01.45.50:139][114]LogModuleManager: Shutting down and abandoning module Documentation (354)
[2017.07.10-01.45.50:139][114]LogModuleManager: Shutting down and abandoning module MovieSceneTracks (352)
[2017.07.10-01.45.50:139][114]LogModuleManager: Shutting down and abandoning module MovieScene (350)
[2017.07.10-01.45.50:139][114]LogModuleManager: Shutting down and abandoning module Niagara (348)
[2017.07.10-01.45.50:140][114]LogModuleManager: Shutting down and abandoning module NiagaraEditor (347)
[2017.07.10-01.45.50:142][114]LogModuleManager: Shutting down and abandoning module StreamingPauseRendering (344)
[2017.07.10-01.45.50:145][114]LogModuleManager: Shutting down and abandoning module AnalyticsET (342)
[2017.07.10-01.45.50:145][114]LogModuleManager: Shutting down and abandoning module PortalServices (340)
[2017.07.10-01.45.50:145][114]LogModuleManager: Shutting down and abandoning module PortalRpc (338)
[2017.07.10-01.45.50:145][114]LogModuleManager: Shutting down and abandoning module MessagingRpc (336)
[2017.07.10-01.45.50:145][114]LogModuleManager: Shutting down and abandoning module AIModule (334)
[2017.07.10-01.45.50:145][114]LogModuleManager: Shutting down and abandoning module GameplayDebugger (333)
[2017.07.10-01.45.50:145][114]LogModuleManager: Shutting down and abandoning module AITestSuite (331)
[2017.07.10-01.45.50:146][114]LogModuleManager: Shutting down and abandoning module ProfilerService (328)
[2017.07.10-01.45.50:278][114]LogModuleManager: Shutting down and abandoning module TaskGraph (326)
[2017.07.10-01.45.50:280][114]LogModuleManager: Shutting down and abandoning module SteamVRController (324)
[2017.07.10-01.45.50:280][114]LogModuleManager: Shutting down and abandoning module SteamVR (322)
[2017.07.10-01.45.50:280][114]LogModuleManager: Shutting down and abandoning module ProceduralMeshComponentEditor (320)
[2017.07.10-01.45.50:280][114]LogModuleManager: Shutting down and abandoning module ProceduralMeshComponent (318)
[2017.07.10-01.45.50:281][114]LogModuleManager: Shutting down and abandoning module OculusLibrary (316)
[2017.07.10-01.45.50:281][114]LogModuleManager: Shutting down and abandoning module OculusInput (314)
[2017.07.10-01.45.50:281][114]LogModuleManager: Shutting down and abandoning module MobilePatchingUtils (312)
[2017.07.10-01.45.50:281][114]LogModuleManager: Shutting down and abandoning module CustomMeshComponent (310)
[2017.07.10-01.45.50:281][114]LogModuleManager: Shutting down and abandoning module CableComponent (308)
[2017.07.10-01.45.50:281][114]LogModuleManager: Shutting down and abandoning module ArchVisCharacter (306)
[2017.07.10-01.45.50:281][114]LogModuleManager: Shutting down and abandoning module AndroidPermission (304)
[2017.07.10-01.45.50:281][114]LogModuleManager: Shutting down and abandoning module MediaPlayerEditor (300)
[2017.07.10-01.45.50:283][114]LogModuleManager: Shutting down and abandoning module HTML5Networking (298)
[2017.07.10-01.45.50:283][114]LogModuleManager: Shutting down and abandoning module AlembicImporter (296)
[2017.07.10-01.45.50:283][114]LogModuleManager: Shutting down and abandoning module AlembicLibrary (295)
[2017.07.10-01.45.50:283][114]LogModuleManager: Shutting down and abandoning module GeometryCache (294)
[2017.07.10-01.45.50:283][114]LogModuleManager: Shutting down and abandoning module GeometryCacheEd (293)
[2017.07.10-01.45.50:283][114]LogModuleManager: Shutting down and abandoning module SuperSearchEditor (288)
[2017.07.10-01.45.50:283][114]LogModuleManager: Shutting down and abandoning module SuperSearch (287)
[2017.07.10-01.45.50:283][114]LogModuleManager: Shutting down and abandoning module SpeedTreeImporter (284)
[2017.07.10-01.45.50:283][114]LogModuleManager: Shutting down and abandoning module PluginBrowser (282)
[2017.07.10-01.45.50:284][114]LogModuleManager: Shutting down and abandoning module MobileLauncherProfileWizard (280)
[2017.07.10-01.45.50:285][114]LogModuleManager: Shutting down and abandoning module VisualStudioSourceCodeAccess (278)
[2017.07.10-01.45.50:285][114]LogModuleManager: Shutting down and abandoning module DesktopPlatform (277)
[2017.07.10-01.45.50:285][114]LogModuleManager: Shutting down and abandoning module UObjectPlugin (274)
[2017.07.10-01.45.50:285][114]LogModuleManager: Shutting down and abandoning module SubversionSourceControl (272)
[2017.07.10-01.45.50:286][114]LogModuleManager: Shutting down and abandoning module PerforceSourceControl (270)
[2017.07.10-01.45.50:286][114]LogModuleManager: Shutting down and abandoning module GitSourceControl (268)
[2017.07.10-01.45.50:287][114]LogModuleManager: Shutting down and abandoning module SourceControl (267)
[2017.07.10-01.45.50:287][114]LogModuleManager: Shutting down and abandoning module LightPropagationVolumeEditor (264)
[2017.07.10-01.45.50:287][114]LogModuleManager: Shutting down and abandoning module PaperTiledImporter (262)
[2017.07.10-01.45.50:287][114]LogModuleManager: Shutting down and abandoning module PaperSpriteSheetImporter (260)
[2017.07.10-01.45.50:287][114]LogModuleManager: Shutting down and abandoning module Paper2DEditor (258)
[2017.07.10-01.45.50:290][114]LogModuleManager: Shutting down and abandoning module MeshPaint (257)
[2017.07.10-01.45.50:291][114]LogModuleManager: Shutting down and abandoning module LevelEditor (255)
[2017.07.10-01.45.50:292][114]LogModuleManager: Shutting down and abandoning module PixelInspectorModule (254)
[2017.07.10-01.45.50:292][114]LogModuleManager: Shutting down and abandoning module MainFrame (252)
[2017.07.10-01.45.50:293][114]LogModuleManager: Shutting down and abandoning module HotReload (251)
[2017.07.10-01.45.50:293][114]LogModuleManager: Shutting down and abandoning module PhysXVehiclesEditor (246)
[2017.07.10-01.45.50:294][114]LogModuleManager: Shutting down and abandoning module PhysXVehicles (244)
[2017.07.10-01.45.50:294][114]LogModuleManager: Shutting down and abandoning module LocationServicesBPLibrary (242)
[2017.07.10-01.45.50:294][114]LogModuleManager: Shutting down and abandoning module ImmediatePhysicsEditor (240)
[2017.07.10-01.45.50:294][114]LogModuleManager: Shutting down and abandoning module ImmediatePhysics (238)
[2017.07.10-01.45.50:294][114]LogModuleManager: Shutting down and abandoning module UdpMessaging (236)
