Log file open, 08/11/17 09:23:56
LogInit:Display: Running engine for game: pangville
LogPlatformFile: Not using cached read wrapper
LogInit:Display: RandInit(2080289553) SRandInit(2080289553).
LogTaskGraph: Started task graph with 5 named threads and 8 total threads with 1 sets of task threads.
LogStats: Stats thread started at 0.141757
LogInit: Using libcurl 7.47.1
LogInit:  - built for x86_64-pc-win32
LogInit:  - supports SSL with OpenSSL/1.0.2g
LogInit:  - supports HTTP deflate (compression) using libz 1.2.8
LogInit:  - other features:
LogInit:      CURL_VERSION_SSL
LogInit:      CURL_VERSION_LIBZ
LogInit:      CURL_VERSION_IPV6
LogInit:      CURL_VERSION_ASYNCHDNS
LogInit:      CURL_VERSION_LARGEFILE
LogInit:      CURL_VERSION_IDN
LogInit:  CurlRequestOptions (configurable via config and command line):
LogInit:  - bVerifyPeer = false  - Libcurl will NOT verify peer certificate
LogInit:  - bUseHttpProxy = false  - Libcurl will NOT use HTTP proxy
LogInit:  - bDontReuseConnections = false  - Libcurl will reuse connections
LogInit:  - CertBundlePath = nullptr  - Libcurl will use whatever was configured at build time.
LogInit: Build: ++UE4+Release-4.16-CL-3514769
LogInit: Engine Version: 4.16.2-3514769+++UE4+Release-4.16
LogInit: Compatible Engine Version: 4.16.0-3452394+++UE4+Release-4.16
LogInit: Net CL: 3452394
LogDevObjectVersion: Number of dev versions registered: 16
LogDevObjectVersion:   Dev-Blueprints (B0D832E4-1F89-4F0D-ACCF-7EB736FD4AA2): 9
LogDevObjectVersion:   Dev-Build (E1C64328-A22C-4D53-A36C-8E866417BD8C): 0
LogDevObjectVersion:   Dev-Core (375EC13C-06E4-48FB-B500-84F0262A717E): 2
LogDevObjectVersion:   Dev-Editor (E4B068ED-F494-42E9-A231-DA0B2E46BB41): 17
LogDevObjectVersion:   Dev-Framework (CFFC743F-43B0-4480-9391-14DF171D2073): 23
LogDevObjectVersion:   Dev-Mobile (B02B49B5-BB20-44E9-A304-32B752E40360): 0
LogDevObjectVersion:   Dev-Networking (A4E4105C-59A1-49B5-A7C5-40C4547EDFEE): 0
LogDevObjectVersion:   Dev-Online (39C831C9-5AE6-47DC-9A44-9C173E1C8E7C): 0
LogDevObjectVersion:   Dev-Physics (78F01B33-EBEA-4F98-B9B4-84EACCB95AA2): 0
LogDevObjectVersion:   Dev-Platform (6631380F-2D4D-43E0-8009-CF276956A95A): 0
LogDevObjectVersion:   Dev-Rendering (12F88B9F-8875-4AFC-A67C-D90C383ABD29): 15
LogDevObjectVersion:   Dev-Sequencer (7B5AE74C-D270-4C10-A958-57980B212A5A): 4
LogDevObjectVersion:   Dev-VR (D7296918-1DD6-4BDD-9DE2-64A83CC13884): 0
LogDevObjectVersion:   Dev-LoadTimes (C2A15278-BFE7-4AFE-6C17-90FF531DF755): 1
LogDevObjectVersion:   Private-Geometry (6EACA3D4-40EC-4CC1-B786-8BED09428FC5): 1
LogDevObjectVersion:   Dev-AnimPhys (29E575DD-E0A3-4627-9D10-D276232CDCEA): 3
LogInit: Compiled (64-bit): Jun 29 2017 02:03:24
LogInit: Compiled with Visual C++: 19.00.24215.01
LogInit: Build Configuration: Development
LogInit: Branch Name: ++UE4+Release-4.16
LogInit: Command line:  
LogInit: Base directory: C:/Games/UE4/UE_4.16/Engine/Binaries/Win64/
LogInit: Installed Engine Build: 1
LogInit: Presizing for max 8388607 objects, including 0 objects not considered by GC, pre-allocating 0 bytes for permanent pool.
LogInit: Object subsystem initialized
[2017.08.11-07.23.57:172][  0]LogInit: Selected Device Profile: [Windows]
[2017.08.11-07.23.57:172][  0]LogInit: Applying CVar settings loaded from the selected device profile: [Windows]
[2017.08.11-07.23.57:213][  0]LogInit: Computer: TONI10
[2017.08.11-07.23.57:213][  0]LogInit: User: Toni
[2017.08.11-07.23.57:213][  0]LogInit: CPU Page size=4096, Cores=4
[2017.08.11-07.23.57:213][  0]LogInit: High frequency timer resolution =3.214550 MHz
[2017.08.11-07.23.57:214][  0]LogMemory: Memory total: Physical=8.0GB (8GB approx)
[2017.08.11-07.23.57:214][  0]LogMemory: Platform Memory Stats for Windows
[2017.08.11-07.23.57:214][  0]LogMemory: Process Physical Memory: 273.54 MB used, 273.54 MB peak
[2017.08.11-07.23.57:214][  0]LogMemory: Process Virtual Memory: 270.62 MB used, 270.62 MB peak
[2017.08.11-07.23.57:214][  0]LogMemory: Physical Memory: 3820.53 MB used,  4336.34 MB free, 8156.88 MB total
[2017.08.11-07.23.57:214][  0]LogMemory: Virtual Memory: 647.54 MB used,  4336.34 MB free, 134217728.00 MB total
[2017.08.11-07.23.57:570][  0]LogInit: Using OS detected language (en-US).
[2017.08.11-07.23.57:570][  0]LogInit: Using OS detected locale (en-US).
[2017.08.11-07.23.57:644][  0]LogTextLocalizationManager: No specific localization for 'en-US' exists, so the 'en' localization will be used.
[2017.08.11-07.24.01:552][  0]LogD3D11RHI: D3D11 adapters:
[2017.08.11-07.24.01:592][  0]LogD3D11RHI:    0. 'NVIDIA GeForce GTX 760' (Feature Level 11_0)
[2017.08.11-07.24.01:592][  0]LogD3D11RHI:       2017/0/4078 MB DedicatedVideo/DedicatedSystem/SharedSystem, Outputs:2, VendorId:0x10de
[2017.08.11-07.24.01:594][  0]LogD3D11RHI:    1. 'Microsoft Basic Render Driver' (Feature Level 11_0)
[2017.08.11-07.24.01:594][  0]LogD3D11RHI:       0/0/4078 MB DedicatedVideo/DedicatedSystem/SharedSystem, Outputs:0, VendorId:0x1414
[2017.08.11-07.24.01:594][  0]LogD3D11RHI: Chosen D3D11 Adapter: 0
[2017.08.11-07.24.01:603][  0]LogD3D11RHI: Creating new Direct3DDevice
[2017.08.11-07.24.01:603][  0]LogD3D11RHI:     GPU DeviceId: 0x1187 (for the marketing name, search the web for "GPU Device Id")
[2017.08.11-07.24.01:603][  0]LogWindows: EnumDisplayDevices:
[2017.08.11-07.24.01:603][  0]LogWindows:    0. 'NVIDIA GeForce GTX 760' (P:0 D:1)
[2017.08.11-07.24.01:603][  0]LogWindows:    1. 'NVIDIA GeForce GTX 760' (P:1 D:1)
[2017.08.11-07.24.01:603][  0]LogWindows:    2. 'NVIDIA GeForce GTX 760' (P:0 D:0)
[2017.08.11-07.24.01:603][  0]LogWindows:    3. 'NVIDIA GeForce GTX 760' (P:0 D:0)
[2017.08.11-07.24.01:603][  0]LogWindows: DebugString: FoundDriverCount:4 
[2017.08.11-07.24.01:603][  0]LogD3D11RHI:     Adapter Name: NVIDIA GeForce GTX 760
[2017.08.11-07.24.01:603][  0]LogD3D11RHI:   Driver Version: 382.33 (internal:22.21.13.8233, unified:382.33)
[2017.08.11-07.24.01:603][  0]LogD3D11RHI:      Driver Date: 5-17-2017
[2017.08.11-07.24.01:604][  0]LogRHI: Texture pool is 1361 MB (70% of 1945 MB)
[2017.08.11-07.24.01:631][  0]LogD3D11RHI: Async texture creation enabled
[2017.08.11-07.24.01:664][  0]LogD3D11RHI: GPU Timing Frequency: 1000.000000 (Debug: 2 1)
[2017.08.11-07.24.01:724][  0]LogShaderCompilers: Guid format shader working directory is -19 characters bigger than the processId version (../../../../../../Users/Toni.DESKTOP-EC9GL36/Documents/Unreal Projects/pangville/Intermediate/Shaders/WorkingDirectory/8572/).
[2017.08.11-07.24.01:724][  0]LogShaderCompilers: Cleaned the shader compiler working directory 'C:/Users/Toni.DESKTOP-EC9GL36/AppData/Local/Temp/UnrealShaderWorkingDir/C32A2C1342CADFE654D547B9251DBFAA/'.
[2017.08.11-07.24.01:724][  0]LogShaderCompilers:Display: Using Local Shader Compiler.
[2017.08.11-07.24.04:420][  0]LogTemp:Display: Loaded TP AllDesktopTargetPlatform
[2017.08.11-07.24.04:490][  0]LogTemp:Display: Loaded TP MacClientTargetPlatform
[2017.08.11-07.24.04:558][  0]LogTemp:Display: Loaded TP MacNoEditorTargetPlatform
[2017.08.11-07.24.04:627][  0]LogTemp:Display: Loaded TP MacServerTargetPlatform
[2017.08.11-07.24.04:700][  0]LogTemp:Display: Loaded TP MacTargetPlatform
[2017.08.11-07.24.04:767][  0]LogTemp:Display: Loaded TP WindowsClientTargetPlatform
[2017.08.11-07.24.04:838][  0]LogTemp:Display: Loaded TP WindowsNoEditorTargetPlatform
[2017.08.11-07.24.04:910][  0]LogTemp:Display: Loaded TP WindowsServerTargetPlatform
[2017.08.11-07.24.04:972][  0]LogTemp:Display: Loaded TP WindowsTargetPlatform
[2017.08.11-07.24.05:039][  0]LogTemp:Display: Loaded TP AndroidTargetPlatform
[2017.08.11-07.24.05:105][  0]LogTemp:Display: Loaded TP Android_ASTCTargetPlatform
[2017.08.11-07.24.05:171][  0]LogTemp:Display: Loaded TP Android_ATCTargetPlatform
[2017.08.11-07.24.05:238][  0]LogTemp:Display: Loaded TP Android_DXTTargetPlatform
[2017.08.11-07.24.05:303][  0]LogTemp:Display: Loaded TP Android_ETC1TargetPlatform
[2017.08.11-07.24.05:370][  0]LogTemp:Display: Loaded TP Android_ETC2TargetPlatform
[2017.08.11-07.24.05:512][  0]LogTemp:Display: Loaded TP Android_MultiTargetPlatform
[2017.08.11-07.24.05:512][  0]LogTemp:Display: Loaded TP Android_PVRTCTargetPlatform
[2017.08.11-07.24.05:566][  0]LogTemp:Display: Loaded TP HTML5TargetPlatform
[2017.08.11-07.24.05:688][  0]LogTemp:Display: Loaded TP IOSTargetPlatform
[2017.08.11-07.24.05:735][  0]LogTemp:Display: Loaded TP TVOSTargetPlatform
[2017.08.11-07.24.05:803][  0]LogTemp:Display: Loaded TP LinuxClientTargetPlatform
[2017.08.11-07.24.05:869][  0]LogTemp:Display: Loaded TP LinuxNoEditorTargetPlatform
[2017.08.11-07.24.05:932][  0]LogTemp:Display: Loaded TP LinuxServerTargetPlatform
[2017.08.11-07.24.06:002][  0]LogTemp:Display: Loaded TP LinuxTargetPlatform
[2017.08.11-07.24.06:002][  0]LogTargetPlatformManager:Display: Building Assets For Windows
[2017.08.11-07.24.06:779][  0]LogDerivedDataCache:Display: Max Cache Size: 512 MB
[2017.08.11-07.24.07:307][  0]LogDerivedDataCache: Loaded boot cache 0.53s 90MB C:/Users/Toni.DESKTOP-EC9GL36/AppData/Local/UnrealEngine/4.16/DerivedDataCache/Boot.ddc.
[2017.08.11-07.24.07:307][  0]LogDerivedDataCache:Display: Loaded Boot cache: C:/Users/Toni.DESKTOP-EC9GL36/AppData/Local/UnrealEngine/4.16/DerivedDataCache/Boot.ddc
[2017.08.11-07.24.07:307][  0]LogDerivedDataCache: FDerivedDataBackendGraph:  Pak pak cache file ../../../../../../Users/Toni.DESKTOP-EC9GL36/Documents/Unreal Projects/pangville/DerivedDataCache/DDC.ddp not found, will not use a pak cache.
[2017.08.11-07.24.07:307][  0]LogDerivedDataCache: Unable to find inner node Pak for hierarchical cache Hierarchy.
[2017.08.11-07.24.07:308][  0]LogDerivedDataCache: FDerivedDataBackendGraph:  CompressedPak pak cache file ../../../../../../Users/Toni.DESKTOP-EC9GL36/Documents/Unreal Projects/pangville/DerivedDataCache/Compressed.ddp not found, will not use a pak cache.
[2017.08.11-07.24.07:308][  0]LogDerivedDataCache: Unable to find inner node CompressedPak for hierarchical cache Hierarchy.
[2017.08.11-07.24.07:338][  0]LogDerivedDataCache:Display: Pak cache opened for reading ../../../Engine/DerivedDataCache/Compressed.ddp.
[2017.08.11-07.24.07:351][  0]LogDerivedDataCache: Using Local data cache path C:/Users/Toni.DESKTOP-EC9GL36/AppData/Local/UnrealEngine/Common/DerivedDataCache: Writable
[2017.08.11-07.24.07:367][  0]LogMaterial: Verifying Global Shaders for PCD3D_SM5
[2017.08.11-07.24.07:372][  0]LogSlate: Using Freetype 2.6.0
[2017.08.11-07.24.07:391][  0]LogSlate: SlateFontCache - WITH_FREETYPE: 1, WITH_HARFBUZZ: 1
[2017.08.11-07.24.07:391][  0]LogSlate: SlateFontCache - WITH_FREETYPE: 1, WITH_HARFBUZZ: 1
[2017.08.11-07.24.08:444][  0]LogInit: Selected Device Profile: [Windows]
[2017.08.11-07.24.08:669][  0]LogContentStreaming: Texture pool size is 0.00 MB
[2017.08.11-07.24.08:962][  0]LogMeshUtilities: Using QuadricMeshReduction for automatic static mesh reduction
[2017.08.11-07.24.09:037][  0]LogSimplygon: Simplygon DLL not present - disabling.
[2017.08.11-07.24.09:103][  0]LogMeshUtilities: Using SimplygonSwarm for distributed automatic mesh merging
[2017.08.11-07.24.09:103][  0]LogMeshUtilities: No automatic skeletal mesh reduction module available
[2017.08.11-07.24.09:103][  0]LogMeshUtilities: No automatic mesh merging module available
[2017.08.11-07.24.10:663][  0]LogNetVersion: pangville , NetCL: 3452394, EngineNetVer: 2, GameNetVer: 0 (Checksum: 2355678359)
[2017.08.11-07.24.10:772][  0]LogAssetRegistry: FAssetRegistry took 0.0285 seconds to start up
[2017.08.11-07.24.10:865][  0]LogPackageLocalizationCache: Processed 4 localized package path(s) for 2 prioritized culture(s) in 0.058834 seconds
[2017.08.11-07.24.10:872][  0]LogUObjectArray: 34194 objects as part of root set at end of initial load.
[2017.08.11-07.24.10:872][  0]LogUObjectAllocator: 7260416 out of 0 bytes used by permanent object pool.
[2017.08.11-07.24.10:872][  0]LogUObjectArray: CloseDisregardForGC: 0/0 objects in disregard for GC pool
[2017.08.11-07.24.10:961][  0]LogInit: WinSock: version 1.1 (2.2), MaxSocks=32767, MaxUdp=65467
[2017.08.11-07.24.17:360][  0]LogTcpMessaging: Initializing TcpMessaging bridge
[2017.08.11-07.24.17:409][  0]LogUdpMessaging: Initializing bridge on interface 0.0.0.0:0 to multicast group 230.0.0.1:6666.
[2017.08.11-07.24.18:273][  0]LogMaterial: Uniform references updated for custom material expression Custom.
[2017.08.11-07.24.18:942][  0]SourceControl: Info Source control is disabled
[2017.08.11-07.24.21:549][  0]LogAndroidPermission: UAndroidPermissionCallbackProxy::GetInstance
[2017.08.11-07.24.22:398][  0]LogEngine: Initializing Engine...
[2017.08.11-07.24.22:400][  0]LogHMD: Failed to initialize OpenVR with code 110
[2017.08.11-07.24.22:881][  0]LogStats: UGameplayTagsManager::ConstructGameplayTagTree: Construct from data asset -  0.000 s
[2017.08.11-07.24.22:881][  0]LogStats: UGameplayTagsManager::ConstructGameplayTagTree: GameplayTagTreeChangedEvent.Broadcast -  0.000 s
[2017.08.11-07.24.23:076][  0]LogAIModule: Creating AISystem for world Untitled
[2017.08.11-07.24.23:103][  0]LogInit: XAudio2 using 'Speakers (Realtek High Definition Audio)' : 2 channels at 48 kHz using 32 bits per sample (channel mask 0x3)
[2017.08.11-07.24.23:125][  0]LogInit: FAudioDevice initialized.
[2017.08.11-07.24.23:178][  0]LogDerivedDataCache: Saved boot cache 0.05s 90MB C:/Users/Toni.DESKTOP-EC9GL36/AppData/Local/UnrealEngine/4.16/DerivedDataCache/Boot.ddc.
[2017.08.11-07.24.23:208][  0]LogInit: Texture streaming: Enabled
[2017.08.11-07.24.23:339][  0]LogEngineSessionManager: EngineSessionManager initialized
[2017.08.11-07.24.23:681][  0]LogInit: Transaction tracking system initialized
[2017.08.11-07.24.24:139][  0]BlueprintLog: New page: Editor Load
[2017.08.11-07.24.25:501][  0]LocalizationService: Info Localization service is disabled
[2017.08.11-07.24.26:561][  0]LogConsoleResponse:Display: 
[2017.08.11-07.24.27:025][  0]LogCook:Display: Max memory allowance for cook 16384mb min free memory 0mb
[2017.08.11-07.24.27:025][  0]LogCook:Display: Mobile HDR setting 1
[2017.08.11-07.24.27:462][  0]LogFileCache: Scanning file cache for directory 'C:/Users/Toni.DESKTOP-EC9GL36/Documents/Unreal Projects/pangville/Content/' took 0.04s
[2017.08.11-07.24.28:761][  0]Cmd: MAP LOAD FILE="../../../../../../Users/Toni.DESKTOP-EC9GL36/Documents/Unreal Projects/pangville/Content/SideScrollerBP/Maps/Level1.umap" TEMPLATE=0 SHOWPROGRESS=1 FEATURELEVEL=3
[2017.08.11-07.24.28:768][  0]LightingResults: New page: Lighting Build
[2017.08.11-07.24.28:827][  0]MapCheck: New page: Map Check
[2017.08.11-07.24.28:827][  0]LightingResults: New page: Lighting Build
[2017.08.11-07.24.29:945][  0]LogBlueprint:Warning: [Level1] 'Level1Score' variable not found. Base class was probably changed.
[2017.08.11-07.24.29:959][  0]LogBlueprint:Warning: [Level1] 'Level1Score' variable not found. Base class was probably changed.
[2017.08.11-07.24.30:477][  0]LogAIModule: Creating AISystem for world Level1
[2017.08.11-07.24.30:532][  0]LogEditorServer: Finished looking for orphan Actors (0.000 secs)
[2017.08.11-07.24.30:555][  0]Cmd: MAP CHECKDEP NOCLEARLOG
[2017.08.11-07.24.30:630][  0]MapCheck: Info Map check complete: 0 Error(s), 0 Warning(s), took 74.337ms to complete.
[2017.08.11-07.24.30:630][  0]LogFileHelpers: Loading map 'Level1' took 1.869
[2017.08.11-07.24.30:999][  0]LogCollectionManager: Loaded 0 collections in 0.002079 seconds
[2017.08.11-07.24.31:126][  0]LogFileCache: Scanning file cache for directory 'C:/Users/Toni.DESKTOP-EC9GL36/Documents/Unreal Projects/pangville/Saved/Collections/' took 0.01s
[2017.08.11-07.24.31:126][  0]LogFileCache: Scanning file cache for directory 'C:/Users/Toni.DESKTOP-EC9GL36/Documents/Unreal Projects/pangville/Content/Developers/Toni/Collections/' took 0.01s
[2017.08.11-07.24.31:126][  0]LogFileCache: Scanning file cache for directory 'C:/Users/Toni.DESKTOP-EC9GL36/Documents/Unreal Projects/pangville/Content/Collections/' took 0.01s
[2017.08.11-07.24.31:126][  0]LogCollectionManager: Rebuilt the GUID cache for 0 collections in 0.000002 seconds
[2017.08.11-07.24.31:139][  0]LogContentBrowser: Native class hierarchy populated in 0.0110 seconds. Added 2329 classes and 491 folders.
[2017.08.11-07.24.31:238][  0]LogContentBrowser: Native class hierarchy updated for 'WidgetCarousel' in 0.0006 seconds. Added 0 classes and 0 folders.
[2017.08.11-07.24.31:754][  0]LogContentBrowser: Native class hierarchy updated for 'AddContentDialog' in 0.0006 seconds. Added 0 classes and 0 folders.
[2017.08.11-07.24.31:834][  0]LogContentBrowser: Native class hierarchy updated for 'SceneOutliner' in 0.0008 seconds. Added 1 classes and 2 folders.
[2017.08.11-07.24.31:924][  0]LogCrashTracker: Crashtracker disabled due to settings.
[2017.08.11-07.24.31:956][  0]LogSlate: Took 0.018233 seconds to synchronously load lazily loaded font '../../../Engine/Content/Slate/Fonts/Roboto-Regular.ttf' (155K)
[2017.08.11-07.24.31:963][  0]LogSlate: Took 0.005051 seconds to synchronously load lazily loaded font '../../../Engine/Content/Slate/Fonts/Roboto-Bold.ttf' (160K)
[2017.08.11-07.24.31:977][  0]LogSlate: Took 0.005853 seconds to synchronously load lazily loaded font '../../../Engine/Content/Editor/Slate/Fonts/FontAwesome.ttf' (139K)
[2017.08.11-07.24.32:202][  0]LogRenderer: Reallocating scene render targets to support 1212x556 NumSamples 1 (Frame:1).
[2017.08.11-07.24.32:351][  0]LogUObjectGlobals:Warning: Failed to find object 'Class None.'
[2017.08.11-07.24.32:431][  0]LogContentBrowser: Native class hierarchy updated for 'HierarchicalLODOutliner' in 0.0007 seconds. Added 1 classes and 2 folders.
[2017.08.11-07.24.32:432][  0]LogLoad: (Engine Initialization) Total time: 38.41 seconds
[2017.08.11-07.24.32:432][  0]LogLoad: (Engine Initialization) Total Blueprint compile time: 0.38 seconds
[2017.08.11-07.24.32:432][  0]LogExternalProfiler: Found external profiler: VSPerf
[2017.08.11-07.24.32:432][  0]LogExternalProfiler: Using external profiler: VSPerf
[2017.08.11-07.24.32:443][  0]LogOcInput: OculusInput pre-init called
[2017.08.11-07.24.32:443][  0]LogHMD: Starting GearVRController plugin
[2017.08.11-07.24.32:467][  0]SourceControl: Info On branch master
[2017.08.11-07.24.32:467][  0]SourceControl: Info Your branch is up-to-date with 'origin/master'.
[2017.08.11-07.24.32:467][  0]SourceControl: Info Changes to be committed:
[2017.08.11-07.24.32:467][  0]SourceControl: Info   (use "git reset HEAD <file>..." to unstage)
[2017.08.11-07.24.32:467][  0]SourceControl: Info 	new file:   Content/SideScrollerBP/Blueprints/Balls/XtraSmallLeft1.uasset
[2017.08.11-07.24.32:467][  0]SourceControl: Info 	new file:   Content/SideScrollerBP/Blueprints/Balls/XtraSmallLeft_Child.uasset
[2017.08.11-07.24.32:467][  0]SourceControl: Info 	modified:   Content/SideScrollerBP/Maps/Level1.umap
[2017.08.11-07.24.32:467][  0]SourceControl: Info 	new file:   Content/SideScrollerBP/Maps/Level1_BuiltData.uasset
[2017.08.11-07.24.32:467][  0]SourceControl: Info 	modified:   Content/SideScrollerBP/Maps/Level3.umap
[2017.08.11-07.24.32:467][  0]SourceControl: Info 	new file:   Content/SideScrollerBP/Maps/Level3_2.umap
[2017.08.11-07.24.32:467][  0]SourceControl: Info 	new file:   Content/SideScrollerBP/New_assets/Box001.uasset
[2017.08.11-07.24.32:467][  0]SourceControl: Info 	new file:   Content/SideScrollerBP/New_assets/Box001Mat.uasset
[2017.08.11-07.24.32:467][  0]SourceControl: Info 	new file:   Content/SideScrollerBP/New_assets/FbxScene_superglass1.uasset
[2017.08.11-07.24.32:467][  0]SourceControl: Info 	new file:   Content/SideScrollerBP/New_assets/sda.uasset
[2017.08.11-07.24.32:467][  0]SourceControl: Info 	new file:   Content/SideScrollerBP/New_assets/sda_DM.uasset
[2017.08.11-07.24.32:467][  0]SourceControl: Info 	new file:   Content/SideScrollerBP/New_assets/superglass1.uasset
[2017.08.11-07.24.32:467][  0]SourceControl: Info 	new file:   Content/SideScrollerBP/New_assets/toni_mats/glass.uasset
[2017.08.11-07.24.32:467][  0]SourceControl: Info 	new file:   Content/SideScrollerBP/Sounds/new/new_pop1.uasset
[2017.08.11-07.24.32:467][  0]SourceControl: Info 	new file:   Content/SideScrollerBP/Sounds/new/new_pop2.uasset
[2017.08.11-07.24.32:467][  0]SourceControl: Info 	new file:   Content/SideScrollerBP/Sounds/new/new_pop3.uasset
[2017.08.11-07.24.32:467][  0]SourceControl: Info 	new file:   Content/SideScrollerBP/Sounds/new/new_pop4.uasset
[2017.08.11-07.24.32:467][  0]SourceControl: Info 	new file:   Content/SideScrollerBP/Sounds/new/powerup1.uasset
[2017.08.11-07.24.32:467][  0]SourceControl: Info Changes not staged for commit:
[2017.08.11-07.24.32:467][  0]SourceControl: Info   (use "git add/rm <file>..." to update what will be committed)
[2017.08.11-07.24.32:467][  0]SourceControl: Info   (use "git checkout -- <file>..." to discard changes in working directory)
[2017.08.11-07.24.32:467][  0]SourceControl: Info 	modified:   Config/DefaultEngine.ini
[2017.08.11-07.24.32:467][  0]SourceControl: Info 	modified:   Content/SideScrollerBP/Blueprints/Balls/BigBallLeft.uasset
[2017.08.11-07.24.32:467][  0]SourceControl: Info 	modified:   Content/SideScrollerBP/Blueprints/Balls/BigBallRight.uasset
[2017.08.11-07.24.32:467][  0]SourceControl: Info 	modified:   Content/SideScrollerBP/Blueprints/Balls/MediumBalRight.uasset
[2017.08.11-07.24.32:467][  0]SourceControl: Info 	modified:   Content/SideScrollerBP/Blueprints/Balls/MediumBallLeft.uasset
[2017.08.11-07.24.32:467][  0]SourceControl: Info 	modified:   Content/SideScrollerBP/Blueprints/Balls/XtraSmallLeft.uasset
[2017.08.11-07.24.32:467][  0]SourceControl: Info 	modified:   Content/SideScrollerBP/Blueprints/Balls/XtraSmallRight.uasset
[2017.08.11-07.24.32:467][  0]SourceControl: Info 	modified:   Content/SideScrollerBP/Blueprints/Blocks/GlassBlock_H1.uasset
[2017.08.11-07.24.32:467][  0]SourceControl: Info 	modified:   Content/SideScrollerBP/Blueprints/CameraFocusActor.uasset
[2017.08.11-07.24.32:467][  0]SourceControl: Info 	modified:   Content/SideScrollerBP/Blueprints/MachineGun.uasset
[2017.08.11-07.24.32:468][  0]SourceControl: Info 	modified:   Content/SideScrollerBP/Blueprints/PangInstance.uasset
[2017.08.11-07.24.32:468][  0]SourceControl: Info 	modified:   Content/SideScrollerBP/Blueprints/Players/Hero.uasset
[2017.08.11-07.24.32:468][  0]SourceControl: Info 	modified:   Content/SideScrollerBP/Blueprints/PowerUps/DoublePower.uasset
[2017.08.11-07.24.32:468][  0]SourceControl: Info 	modified:   Content/SideScrollerBP/Blueprints/PowerUps/TimePower.uasset
[2017.08.11-07.24.32:468][  0]SourceControl: Info 	modified:   Content/SideScrollerBP/Blueprints/RopeBullet.uasset
[2017.08.11-07.24.32:468][  0]SourceControl: Info 	modified:   Content/SideScrollerBP/Maps/Level1.umap
[2017.08.11-07.24.32:468][  0]SourceControl: Info 	deleted:    Content/SideScrollerBP/Maps/Level1_BuiltData.uasset
[2017.08.11-07.24.32:468][  0]SourceControl: Info 	modified:   Content/SideScrollerBP/Maps/Level2.umap
[2017.08.11-07.24.32:468][  0]SourceControl: Info 	modified:   Content/SideScrollerBP/Materials/Emision_Mat.uasset
[2017.08.11-07.24.32:468][  0]SourceControl: Info 	deleted:    Content/SideScrollerBP/New_assets/alarm clock.obj
[2017.08.11-07.24.32:468][  0]SourceControl: Info 	deleted:    Content/SideScrollerBP/New_assets/alarm_clock.uasset
[2017.08.11-07.24.32:468][  0]SourceControl: Info 	deleted:    Content/SideScrollerBP/New_assets/empty hourglass.fbx
[2017.08.11-07.24.32:468][  0]SourceControl: Info 	deleted:    Content/SideScrollerBP/New_assets/empty_hourglass.uasset
[2017.08.11-07.24.32:468][  0]SourceControl: Info 	modified:   Content/SideScrollerBP/New_assets/sda_DM.uasset
[2017.08.11-07.24.32:468][  0]SourceControl: Info 	modified:   Content/SideScrollerBP/Sounds/new/new_pop2.uasset
[2017.08.11-07.24.32:468][  0]SourceControl: Info 	modified:   Content/SideScrollerBP/Sounds/new/powerup1.uasset
[2017.08.11-07.24.32:468][  0]SourceControl: Info 	modified:   Intermediate/AssetRegistryCache/c90e3f55.bin
[2017.08.11-07.24.32:468][  0]SourceControl: Info 	modified:   Intermediate/CachedAssetRegistry.bin
[2017.08.11-07.24.32:468][  0]SourceControl: Info 	modified:   Intermediate/ReimportCache/3688439234.bin
[2017.08.11-07.24.32:468][  0]SourceControl: Info 	modified:   Saved/AutoScreenshot.png
[2017.08.11-07.24.32:468][  0]SourceControl: Info 	modified:   Saved/Autosaves/Game/SideScrollerBP/Blueprints/Balls/XtraSmallLeft_Auto1.uasset
[2017.08.11-07.24.32:468][  0]SourceControl: Info 	modified:   Saved/Autosaves/Game/SideScrollerBP/Blueprints/Balls/XtraSmallLeft_Auto5.uasset
[2017.08.11-07.24.32:468][  0]SourceControl: Info 	modified:   Saved/Autosaves/Game/SideScrollerBP/Blueprints/Blocks/GlassBlock_H1_Auto2.uasset
[2017.08.11-07.24.32:468][  0]SourceControl: Info 	modified:   Saved/Autosaves/Game/SideScrollerBP/Blueprints/Blocks/GlassBlock_H1_Auto3.uasset
[2017.08.11-07.24.32:468][  0]SourceControl: Info 	modified:   Saved/Autosaves/Game/SideScrollerBP/Blueprints/CameraFocusActor_Auto3.uasset
[2017.08.11-07.24.32:468][  0]SourceControl: Info 	modified:   Saved/Autosaves/Game/SideScrollerBP/Blueprints/PangInstance_Auto1.uasset
[2017.08.11-07.24.32:468][  0]SourceControl: Info 	modified:   Saved/Autosaves/Game/SideScrollerBP/Blueprints/Players/Hero_Auto3.uasset
[2017.08.11-07.24.32:468][  0]SourceControl: Info 	modified:   Saved/Autosaves/Game/SideScrollerBP/Blueprints/PowerUps/DoublePower_Auto6.uasset
[2017.08.11-07.24.32:468][  0]SourceControl: Info 	modified:   Saved/Autosaves/Game/SideScrollerBP/Blueprints/PowerUps/DoublePower_Auto7.uasset
[2017.08.11-07.24.32:468][  0]SourceControl: Info 	modified:   Saved/Autosaves/Game/SideScrollerBP/Blueprints/RopeBullet_Auto2.uasset
[2017.08.11-07.24.32:468][  0]SourceControl: Info 	modified:   Saved/Autosaves/Game/SideScrollerBP/Blueprints/RopeBullet_Auto3.uasset
[2017.08.11-07.24.32:468][  0]SourceControl: Info 	modified:   Saved/Autosaves/Game/SideScrollerBP/Blueprints/RopeBullet_Auto4.uasset
[2017.08.11-07.24.32:468][  0]SourceControl: Info 	modified:   Saved/Autosaves/Game/SideScrollerBP/Blueprints/RopeBullet_Auto8.uasset
[2017.08.11-07.24.32:468][  0]SourceControl: Info 	modified:   Saved/Autosaves/Game/SideScrollerBP/Maps/Level1_Auto1.umap
[2017.08.11-07.24.32:468][  0]SourceControl: Info 	modified:   Saved/Autosaves/Game/SideScrollerBP/Maps/Level1_Auto2.umap
[2017.08.11-07.24.32:468][  0]SourceControl: Info 	modified:   Saved/Autosaves/Game/SideScrollerBP/Maps/Level1_Auto3.umap
[2017.08.11-07.24.32:468][  0]SourceControl: Info 	modified:   Saved/Autosaves/Game/SideScrollerBP/Maps/Level1_Auto4.umap
[2017.08.11-07.24.32:468][  0]SourceControl: Info 	modified:   Saved/Autosaves/Game/SideScrollerBP/Maps/Level1_Auto5.umap
[2017.08.11-07.24.32:468][  0]SourceControl: Info 	modified:   Saved/Autosaves/Game/SideScrollerBP/Maps/Level1_Auto6.umap
[2017.08.11-07.24.32:468][  0]SourceControl: Info 	modified:   Saved/Autosaves/PackageRestoreData.json
[2017.08.11-07.24.32:468][  0]SourceControl: Info 	deleted:    Saved/Backup/Block1x5_2017-08-05-13-37-51.uasset
[2017.08.11-07.24.32:468][  0]SourceControl: Info 	deleted:    Saved/Backup/Block1x5_2017-08-05-14-10-29.uasset
[2017.08.11-07.24.32:468][  0]SourceControl: Info 	deleted:    Saved/Backup/Block1x5_2017-08-05-14-54-56.uasset
[2017.08.11-07.24.32:468][  0]SourceControl: Info 	deleted:    Saved/Backup/Block1x5_2017-08-05-16-06-20.uasset
[2017.08.11-07.24.32:468][  0]SourceControl: Info 	deleted:    Saved/Backup/CameraFocusActor_2017-08-05-11-53-51.uasset
[2017.08.11-07.24.32:469][  0]SourceControl: Info 	deleted:    Saved/Backup/CameraFocusActor_2017-08-05-12-08-31.uasset
[2017.08.11-07.24.32:469][  0]SourceControl: Info 	deleted:    Saved/Backup/CameraFocusActor_2017-08-05-12-19-13.uasset
[2017.08.11-07.24.32:469][  0]SourceControl: Info 	deleted:    Saved/Backup/CameraFocusActor_2017-08-06-06-52-45.uasset
[2017.08.11-07.24.32:469][  0]SourceControl: Info 	deleted:    Saved/Backup/GlassBlock_H1_2017-08-05-14-54-57.uasset
[2017.08.11-07.24.32:469][  0]SourceControl: Info 	deleted:    Saved/Backup/GlassBlock_H1_2017-08-05-15-07-30.uasset
[2017.08.11-07.24.32:469][  0]SourceControl: Info 	deleted:    Saved/Backup/GlassBlock_H1_2017-08-05-15-17-36.uasset
[2017.08.11-07.24.32:469][  0]SourceControl: Info 	deleted:    Saved/Backup/GlassBlock_H1_2017-08-05-16-06-21.uasset
[2017.08.11-07.24.32:469][  0]SourceControl: Info 	deleted:    Saved/Backup/GlassBlock_H1_2017-08-06-06-52-45.uasset
[2017.08.11-07.24.32:469][  0]SourceControl: Info 	deleted:    Saved/Backup/Hero_2017-08-05-11-53-51.uasset
[2017.08.11-07.24.32:469][  0]SourceControl: Info 	deleted:    Saved/Backup/Hero_2017-08-05-12-08-31.uasset
[2017.08.11-07.24.32:469][  0]SourceControl: Info 	deleted:    Saved/Backup/Hero_2017-08-05-12-19-14.uasset
[2017.08.11-07.24.32:469][  0]SourceControl: Info 	deleted:    Saved/Backup/Hero_2017-08-05-13-12-48.uasset
[2017.08.11-07.24.32:469][  0]SourceControl: Info 	deleted:    Saved/Backup/Hero_2017-08-05-13-37-51.uasset
[2017.08.11-07.24.32:469][  0]SourceControl: Info 	deleted:    Saved/Backup/Hero_2017-08-05-13-54-54.uasset
[2017.08.11-07.24.32:469][  0]SourceControl: Info 	deleted:    Saved/Backup/Hero_2017-08-05-14-10-29.uasset
[2017.08.11-07.24.32:469][  0]SourceControl: Info 	deleted:    Saved/Backup/Hero_2017-08-05-14-23-29.uasset
[2017.08.11-07.24.32:469][  0]SourceControl: Info 	deleted:    Saved/Backup/Hero_2017-08-05-14-35-25.uasset
[2017.08.11-07.24.32:469][  0]SourceControl: Info 	deleted:    Saved/Backup/Hero_2017-08-05-14-54-56.uasset
[2017.08.11-07.24.32:469][  0]SourceControl: Info 	deleted:    Saved/Backup/Hero_2017-08-05-16-06-20.uasset
[2017.08.11-07.24.32:469][  0]SourceControl: Info 	deleted:    Saved/Backup/Hero_2017-08-06-06-52-45.uasset
[2017.08.11-07.24.32:469][  0]SourceControl: Info 	deleted:    Saved/Backup/Level1_2017-08-05-14-23-28.umap
[2017.08.11-07.24.32:469][  0]SourceControl: Info 	deleted:    Saved/Backup/Level1_2017-08-05-14-35-24.umap
[2017.08.11-07.24.32:469][  0]SourceControl: Info 	deleted:    Saved/Backup/Level1_2017-08-05-14-42-28.umap
[2017.08.11-07.24.32:469][  0]SourceControl: Info 	deleted:    Saved/Backup/Level1_2017-08-05-14-54-55.umap
[2017.08.11-07.24.32:469][  0]SourceControl: Info 	deleted:    Saved/Backup/Level1_2017-08-05-15-07-29.umap
[2017.08.11-07.24.32:469][  0]SourceControl: Info 	deleted:    Saved/Backup/Level1_2017-08-05-15-17-35.umap
[2017.08.11-07.24.32:469][  0]SourceControl: Info 	deleted:    Saved/Backup/Level1_2017-08-05-15-35-23.umap
[2017.08.11-07.24.32:469][  0]SourceControl: Info 	deleted:    Saved/Backup/Level1_2017-08-05-15-45-42.umap
[2017.08.11-07.24.32:469][  0]SourceControl: Info 	deleted:    Saved/Backup/Level1_2017-08-05-15-56-18.umap
[2017.08.11-07.24.32:469][  0]SourceControl: Info 	deleted:    Saved/Backup/Level1_2017-08-05-16-06-19.umap
[2017.08.11-07.24.32:469][  0]SourceControl: Info 	deleted:    Saved/Backup/Level1_2017-08-06-05-35-54.umap
[2017.08.11-07.24.32:469][  0]SourceControl: Info 	deleted:    Saved/Backup/Level1_2017-08-06-06-38-29.umap
[2017.08.11-07.24.32:469][  0]SourceControl: Info 	deleted:    Saved/Backup/Level1_2017-08-06-06-52-44.umap
[2017.08.11-07.24.32:469][  0]SourceControl: Info 	deleted:    Saved/Backup/Level3_2017-08-05-11-53-50.umap
[2017.08.11-07.24.32:469][  0]SourceControl: Info 	deleted:    Saved/Backup/Level3_2017-08-05-12-08-31.umap
[2017.08.11-07.24.32:469][  0]SourceControl: Info 	deleted:    Saved/Backup/Level3_2017-08-05-12-19-13.umap
[2017.08.11-07.24.32:469][  0]SourceControl: Info 	deleted:    Saved/Backup/Level3_2017-08-05-13-12-47.umap
[2017.08.11-07.24.32:469][  0]SourceControl: Info 	deleted:    Saved/Backup/Level3_2017-08-05-13-25-35.umap
[2017.08.11-07.24.32:469][  0]SourceControl: Info 	deleted:    Saved/Backup/Level3_2017-08-05-13-44-53.umap
[2017.08.11-07.24.32:469][  0]SourceControl: Info 	deleted:    Saved/Backup/Level3_2017-08-05-14-10-22.umap
[2017.08.11-07.24.32:469][  0]SourceControl: Info 	deleted:    Saved/Backup/MachineGun_2017-08-06-06-52-45.uasset
[2017.08.11-07.24.32:469][  0]SourceControl: Info 	deleted:    Saved/Backup/RopeBullet_2017-08-05-11-53-51.uasset
[2017.08.11-07.24.32:469][  0]SourceControl: Info 	deleted:    Saved/Backup/RopeBullet_2017-08-05-12-08-31.uasset
[2017.08.11-07.24.32:469][  0]SourceControl: Info 	deleted:    Saved/Backup/RopeBullet_2017-08-05-12-19-14.uasset
[2017.08.11-07.24.32:469][  0]SourceControl: Info 	deleted:    Saved/Backup/RopeBullet_2017-08-05-12-54-04.uasset
[2017.08.11-07.24.32:469][  0]SourceControl: Info 	deleted:    Saved/Backup/RopeBullet_2017-08-05-13-12-48.uasset
[2017.08.11-07.24.32:469][  0]SourceControl: Info 	deleted:    Saved/Backup/RopeBullet_2017-08-05-13-37-51.uasset
[2017.08.11-07.24.32:470][  0]SourceControl: Info 	deleted:    Saved/Backup/RopeBullet_2017-08-05-13-54-54.uasset
[2017.08.11-07.24.32:470][  0]SourceControl: Info 	deleted:    Saved/Backup/RopeBullet_2017-08-05-14-10-29.uasset
[2017.08.11-07.24.32:470][  0]SourceControl: Info 	deleted:    Saved/Backup/RopeBullet_2017-08-05-14-54-57.uasset
[2017.08.11-07.24.32:470][  0]SourceControl: Info 	deleted:    Saved/Backup/RopeBullet_2017-08-05-16-06-20.uasset
[2017.08.11-07.24.32:470][  0]SourceControl: Info 	deleted:    Saved/Backup/RopeBullet_2017-08-06-06-52-45.uasset
[2017.08.11-07.24.32:470][  0]SourceControl: Info 	deleted:    Saved/Backup/XtraSmallLeft_2017-08-05-11-34-05.uasset
[2017.08.11-07.24.32:470][  0]SourceControl: Info 	deleted:    Saved/Backup/XtraSmallRight_2017-08-05-11-34-05.uasset
[2017.08.11-07.24.32:470][  0]SourceControl: Info 	deleted:    Saved/Config/CrashReportClient/UE4CC-Windows-0712F067446557332C7C34832A0DF4CA/CrashReportClient.ini
[2017.08.11-07.24.32:470][  0]SourceControl: Info 	deleted:    Saved/Config/CrashReportClient/UE4CC-Windows-11AA9EE044CC1C8552557A8F511A6DCA/CrashReportClient.ini
[2017.08.11-07.24.32:470][  0]SourceControl: Info 	deleted:    Saved/Config/CrashReportClient/UE4CC-Windows-C8F82B7E4BFE46E8390B22A6F719D3AA/CrashReportClient.ini
[2017.08.11-07.24.32:470][  0]SourceControl: Info 	deleted:    Saved/Config/CrashReportClient/UE4CC-Windows-CF595FF746E5A5FDB14E5386594C590F/CrashReportClient.ini
[2017.08.11-07.24.32:470][  0]SourceControl: Info 	deleted:    Saved/Config/CrashReportClient/UE4CC-Windows-F070E818476C6F3F1BBD21BF1424C210/CrashReportClient.ini
[2017.08.11-07.24.32:470][  0]SourceControl: Info 	modified:   Saved/Config/Windows/Editor.ini
[2017.08.11-07.24.32:470][  0]SourceControl: Info 	modified:   Saved/Config/Windows/EditorPerProjectUserSettings.ini
[2017.08.11-07.24.32:470][  0]SourceControl: Info 	deleted:    Saved/Logs/pangville-backup-2017.08.04-04.41.54.log
[2017.08.11-07.24.32:470][  0]SourceControl: Info 	deleted:    Saved/Logs/pangville-backup-2017.08.04-23.25.29.log
[2017.08.11-07.24.32:470][  0]SourceControl: Info 	deleted:    Saved/Logs/pangville-backup-2017.08.05-11.14.07.log
[2017.08.11-07.24.32:470][  0]SourceControl: Info 	deleted:    Saved/Logs/pangville-backup-2017.08.05-12.30.29.log
[2017.08.11-07.24.32:470][  0]SourceControl: Info 	deleted:    Saved/Logs/pangville-backup-2017.08.06-05.16.31.log
[2017.08.11-07.24.32:470][  0]SourceControl: Info 	deleted:    Saved/Logs/pangville-backup-2017.08.06-05.25.26.log
[2017.08.11-07.24.32:470][  0]SourceControl: Info 	modified:   Saved/Logs/pangville.log
[2017.08.11-07.24.32:470][  0]SourceControl: Info 	modified:   Saved/Logs/pangville_2.log
[2017.08.11-07.24.32:470][  0]SourceControl: Info Untracked files:
[2017.08.11-07.24.32:470][  0]SourceControl: Info   (use "git add <file>..." to include in what will be committed)
[2017.08.11-07.24.32:470][  0]SourceControl: Info 	Content/InfinityBladeEffects/
[2017.08.11-07.24.32:470][  0]SourceControl: Info 	Content/SideScrollerBP/Maps/asdasd/
[2017.08.11-07.24.32:470][  0]SourceControl: Info 	Content/SideScrollerBP/New_assets/sda.FBX
[2017.08.11-07.24.32:470][  0]SourceControl: Info 	Content/SideScrollerBP/New_assets/superglass1.obj
[2017.08.11-07.24.32:470][  0]SourceControl: Info 	Content/SideScrollerBP/Sounds/new/new_pop1.wav
[2017.08.11-07.24.32:470][  0]SourceControl: Info 	Content/SideScrollerBP/Sounds/new/new_pop2.wav
[2017.08.11-07.24.32:470][  0]SourceControl: Info 	Content/SideScrollerBP/Sounds/new/new_pop3.wav
[2017.08.11-07.24.32:470][  0]SourceControl: Info 	Content/SideScrollerBP/Sounds/new/new_pop4.wav
[2017.08.11-07.24.32:470][  0]SourceControl: Info 	Content/SideScrollerBP/Sounds/new/powerup1.wav
[2017.08.11-07.24.32:470][  0]SourceControl: Info 	Intermediate/CachedAssetRegistry - Copy.bin
[2017.08.11-07.24.32:470][  0]SourceControl: Info 	Saved/Autosaves/Engine/
[2017.08.11-07.24.32:470][  0]SourceControl: Info 	Saved/Autosaves/Game/SideScrollerBP/Blueprints/Balls/XtraSmallLeft_Child_Auto5.uasset
[2017.08.11-07.24.32:470][  0]SourceControl: Info 	Saved/Autosaves/Game/SideScrollerBP/Blueprints/Balls/XtraSmallRight_Auto7.uasset
[2017.08.11-07.24.32:470][  0]SourceControl: Info 	Saved/Autosaves/Game/SideScrollerBP/Blueprints/Blocks/GlassBlock_H1_Auto1.uasset
[2017.08.11-07.24.32:470][  0]SourceControl: Info 	Saved/Autosaves/Game/SideScrollerBP/Blueprints/MachineGun_Auto3.uasset
[2017.08.11-07.24.32:470][  0]SourceControl: Info 	Saved/Autosaves/Game/SideScrollerBP/Blueprints/PowerUps/TimePower_Auto1.uasset
[2017.08.11-07.24.32:470][  0]SourceControl: Info 	Saved/Autosaves/Game/SideScrollerBP/Maps/Level1_BuiltData_Auto4.uasset
[2017.08.11-07.24.32:470][  0]SourceControl: Info 	Saved/Autosaves/Game/SideScrollerBP/Maps/Level1_BuiltData_Auto6.uasset
[2017.08.11-07.24.32:470][  0]SourceControl: Info 	Saved/Autosaves/Game/SideScrollerBP/Materials/Emision_Mat_Auto5.uasset
[2017.08.11-07.24.32:470][  0]SourceControl: Info 	Saved/Autosaves/Game/SideScrollerBP/Materials/Emision_Mat_Auto6.uasset
[2017.08.11-07.24.32:470][  0]SourceControl: Info 	Saved/Autosaves/Game/SideScrollerBP/New_assets/
[2017.08.11-07.24.32:470][  0]SourceControl: Info 	Saved/Autosaves/Game/SideScrollerBP/Sounds/new/
[2017.08.11-07.24.32:470][  0]SourceControl: Info 	Saved/Backup/BigBallLeft_2017-08-06-13-20-50.uasset
[2017.08.11-07.24.32:471][  0]SourceControl: Info 	Saved/Backup/BigBallRight_2017-08-06-13-20-50.uasset
[2017.08.11-07.24.32:471][  0]SourceControl: Info 	Saved/Backup/DoublePower_2017-08-06-09-33-26.uasset
[2017.08.11-07.24.32:471][  0]SourceControl: Info 	Saved/Backup/DoublePower_2017-08-06-10-30-37.uasset
[2017.08.11-07.24.32:471][  0]SourceControl: Info 	Saved/Backup/Emision_Mat_2017-08-06-09-17-22.uasset
[2017.08.11-07.24.32:471][  0]SourceControl: Info 	Saved/Backup/Emision_Mat_2017-08-06-10-30-37.uasset
[2017.08.11-07.24.32:471][  0]SourceControl: Info 	Saved/Backup/GlassBlock_H1_2017-08-07-17-28-49.uasset
[2017.08.11-07.24.32:471][  0]SourceControl: Info 	Saved/Backup/GlassBlock_H1_2017-08-07-17-39-44.uasset
[2017.08.11-07.24.32:471][  0]SourceControl: Info 	Saved/Backup/GlassBlock_H1_2017-08-08-09-25-40.uasset
[2017.08.11-07.24.32:471][  0]SourceControl: Info 	Saved/Backup/GlassBlock_H1_2017-08-08-09-46-45.uasset
[2017.08.11-07.24.32:471][  0]SourceControl: Info 	Saved/Backup/Hero_2017-08-06-10-49-10.uasset
[2017.08.11-07.24.32:471][  0]SourceControl: Info 	Saved/Backup/Hero_2017-08-06-14-06-12.uasset
[2017.08.11-07.24.32:471][  0]SourceControl: Info 	Saved/Backup/Level1_2017-08-06-09-23-26.umap
[2017.08.11-07.24.32:471][  0]SourceControl: Info 	Saved/Backup/Level1_2017-08-06-10-30-36.umap
[2017.08.11-07.24.32:471][  0]SourceControl: Info 	Saved/Backup/Level1_2017-08-06-13-22-55.umap
[2017.08.11-07.24.32:471][  0]SourceControl: Info 	Saved/Backup/Level1_2017-08-06-13-33-15.umap
[2017.08.11-07.24.32:471][  0]SourceControl: Info 	Saved/Backup/Level1_2017-08-06-13-51-28.umap
[2017.08.11-07.24.32:471][  0]SourceControl: Info 	Saved/Backup/Level1_2017-08-06-14-06-12.umap
[2017.08.11-07.24.32:471][  0]SourceControl: Info 	Saved/Backup/Level1_2017-08-06-14-11-35.umap
[2017.08.11-07.24.32:471][  0]SourceControl: Info 	Saved/Backup/Level1_2017-08-07-06-38-32.umap
[2017.08.11-07.24.32:471][  0]SourceControl: Info 	Saved/Backup/Level1_2017-08-07-06-51-52.umap
[2017.08.11-07.24.32:471][  0]SourceControl: Info 	Saved/Backup/Level1_2017-08-07-07-29-14.umap
[2017.08.11-07.24.32:471][  0]SourceControl: Info 	Saved/Backup/Level1_2017-08-07-17-28-47.umap
[2017.08.11-07.24.32:471][  0]SourceControl: Info 	Saved/Backup/Level1_2017-08-07-17-39-43.umap
[2017.08.11-07.24.32:471][  0]SourceControl: Info 	Saved/Backup/Level1_2017-08-07-17-53-44.umap
[2017.08.11-07.24.32:471][  0]SourceControl: Info 	Saved/Backup/Level1_2017-08-07-18-04-28.umap
[2017.08.11-07.24.32:471][  0]SourceControl: Info 	Saved/Backup/Level1_2017-08-08-09-25-39.umap
[2017.08.11-07.24.32:471][  0]SourceControl: Info 	Saved/Backup/Level1_2017-08-08-09-46-44.umap
[2017.08.11-07.24.32:471][  0]SourceControl: Info 	Saved/Backup/Level1_2017-08-10-13-06-00.umap
[2017.08.11-07.24.32:471][  0]SourceControl: Info 	Saved/Backup/Level1_BuiltData_2017-08-06-13-22-56.uasset
[2017.08.11-07.24.32:471][  0]SourceControl: Info 	Saved/Backup/Level2_2017-08-06-10-39-25.umap
[2017.08.11-07.24.32:471][  0]SourceControl: Info 	Saved/Backup/Level2_2017-08-06-11-04-43.umap
[2017.08.11-07.24.32:471][  0]SourceControl: Info 	Saved/Backup/Level2_2017-08-06-13-17-25.umap
[2017.08.11-07.24.32:471][  0]SourceControl: Info 	Saved/Backup/Level2_2017-08-06-13-33-13.umap
[2017.08.11-07.24.32:471][  0]SourceControl: Info 	Saved/Backup/Level3_2017-08-06-13-21-38.umap
[2017.08.11-07.24.32:471][  0]SourceControl: Info 	Saved/Backup/MediumBalRight_2017-08-06-13-20-50.uasset
[2017.08.11-07.24.32:471][  0]SourceControl: Info 	Saved/Backup/MediumBallLeft_2017-08-06-13-20-50.uasset
[2017.08.11-07.24.32:471][  0]SourceControl: Info 	Saved/Backup/PangInstance_2017-08-06-13-43-23.uasset
[2017.08.11-07.24.32:471][  0]SourceControl: Info 	Saved/Backup/PangInstance_2017-08-06-13-51-29.uasset
[2017.08.11-07.24.32:471][  0]SourceControl: Info 	Saved/Backup/RopeBullet_2017-08-06-10-49-11.uasset
[2017.08.11-07.24.32:471][  0]SourceControl: Info 	Saved/Backup/RopeBullet_2017-08-06-11-04-42.uasset
[2017.08.11-07.24.32:471][  0]SourceControl: Info 	Saved/Backup/RopeBullet_2017-08-07-17-39-44.uasset
[2017.08.11-07.24.32:471][  0]SourceControl: Info 	Saved/Backup/RopeBullet_2017-08-07-17-53-44.uasset
[2017.08.11-07.24.32:471][  0]SourceControl: Info 	Saved/Backup/RopeBullet_2017-08-07-18-04-29.uasset
[2017.08.11-07.24.32:471][  0]SourceControl: Info 	Saved/Backup/TimePower_2017-08-06-13-43-23.uasset
[2017.08.11-07.24.32:471][  0]SourceControl: Info 	Saved/Backup/TimePower_2017-08-06-13-51-29.uasset
[2017.08.11-07.24.32:471][  0]SourceControl: Info 	Saved/Backup/XtraSmallLeft_2017-08-06-10-30-37.uasset
[2017.08.11-07.24.32:471][  0]SourceControl: Info 	Saved/Backup/XtraSmallLeft_2017-08-06-11-04-43.uasset
[2017.08.11-07.24.32:472][  0]SourceControl: Info 	Saved/Backup/XtraSmallRight_2017-08-06-09-33-26.uasset
[2017.08.11-07.24.32:472][  0]SourceControl: Info 	Saved/Backup/XtraSmallRight_2017-08-06-10-30-37.uasset
[2017.08.11-07.24.32:472][  0]SourceControl: Info 	Saved/Backup/XtraSmallRight_2017-08-06-11-04-43.uasset
[2017.08.11-07.24.32:472][  0]SourceControl: Info 	Saved/Backup/fup_2017-08-07-06-51-54.uasset
[2017.08.11-07.24.32:472][  0]SourceControl: Info 	Saved/Backup/new_pop2_2017-08-06-10-30-37.uasset
[2017.08.11-07.24.32:472][  0]SourceControl: Info 	Saved/Backup/powerup1_2017-08-06-09-33-26.uasset
[2017.08.11-07.24.32:472][  0]SourceControl: Info 	Saved/Backup/powerup1_2017-08-06-10-30-37.uasset
[2017.08.11-07.24.32:472][  0]SourceControl: Info 	Saved/Backup/sda_DM_2017-08-08-09-25-40.uasset
[2017.08.11-07.24.32:472][  0]SourceControl: Info 	Saved/Backup/sda_DM_2017-08-08-09-46-45.uasset
[2017.08.11-07.24.32:472][  0]SourceControl: Info 	Saved/Config/CrashReportClient/UE4CC-Windows-863DB2204D97E77924807B9E42754866/
[2017.08.11-07.24.32:472][  0]SourceControl: Info 	Saved/Config/CrashReportClient/UE4CC-Windows-C63C34BE46DACEF8917E41BB0AD48B03/
[2017.08.11-07.24.32:472][  0]SourceControl: Info 	Saved/Crashes/UE4CC-Windows-1FDEFF9B4C20DDCE75C61390FB46D6B3_0000/
[2017.08.11-07.24.32:472][  0]SourceControl: Info 	Saved/Crashes/UE4CC-Windows-2F2855794218969641326A9505B0FEA9_0000/
[2017.08.11-07.24.32:472][  0]SourceControl: Info 	Saved/Crashes/UE4CC-Windows-6A0723224B61C700FA46C0BB7A37BEFA_0000/
[2017.08.11-07.24.32:472][  0]SourceControl: Info 	Saved/Crashes/UE4CC-Windows-79570F8A4A11D670B5B3C993D75385E7_0000/
[2017.08.11-07.24.32:472][  0]SourceControl: Info 	Saved/Crashes/UE4CC-Windows-79570F8A4A11D670B5B3C993D75385E7_0001/
[2017.08.11-07.24.32:472][  0]SourceControl: Info 	Saved/Crashes/UE4CC-Windows-B05D70D545DBF5D62A1BF7BB730C5A96_0000/
[2017.08.11-07.24.32:472][  0]SourceControl: Info 	Saved/Crashes/UE4CC-Windows-B8FBF0F148F7267CDDA9BFBEEC448CCA_0000/
[2017.08.11-07.24.32:472][  0]SourceControl: Info 	Saved/Crashes/UE4CC-Windows-BCE746544CEEEBDD7CFB42BDFB75F5C1_0000/
[2017.08.11-07.24.32:472][  0]SourceControl: Info 	Saved/Crashes/UE4CC-Windows-C0F90014401A7C5F2FABE2B2BF4283AA_0000/
[2017.08.11-07.24.32:472][  0]SourceControl: Info 	Saved/Crashes/UE4CC-Windows-E481EF814481F20E1B14BF9F2826C587_0000/
[2017.08.11-07.24.32:472][  0]SourceControl: Info 	Saved/Logs/pangville-backup-2017.08.06-14.04.21.log
[2017.08.11-07.24.32:472][  0]SourceControl: Info 	Saved/Logs/pangville-backup-2017.08.06-14.05.00.log
[2017.08.11-07.24.32:472][  0]SourceControl: Info 	Saved/Logs/pangville-backup-2017.08.06-14.11.41.log
[2017.08.11-07.24.32:472][  0]SourceControl: Info 	Saved/Logs/pangville-backup-2017.08.07-06.19.32.log
[2017.08.11-07.24.32:472][  0]SourceControl: Info 	Saved/Logs/pangville-backup-2017.08.07-17.16.27.log
[2017.08.11-07.24.32:472][  0]SourceControl: Info 	Saved/Logs/pangville-backup-2017.08.08-09.12.28.log
[2017.08.11-07.24.32:472][  0]SourceControl: Info 	Saved/Logs/pangville-backup-2017.08.10-12.52.06.log
[2017.08.11-07.24.32:472][  0]SourceControl: Info 	Saved/Logs/pangville-backup-2017.08.11-09.23.56.log
[2017.08.11-07.24.32:473][  0]LogContentStreaming: Texture pool size now 1000 MB
[2017.08.11-07.24.32:545][  0]LogSlate: Took 0.005455 seconds to synchronously load lazily loaded font '../../../Engine/Content/Slate/Fonts/Roboto-Light.ttf' (159K)
[2017.08.11-07.24.32:633][  2]LogAssetRegistry: Asset discovery search completed in 21.8823 seconds
[2017.08.11-07.24.32:638][  2]LogCollectionManager: Rebuilt the object cache for 0 collections in 0.000001 seconds (found 0 objects)
[2017.08.11-07.24.32:638][  2]LogCollectionManager: Fixed up redirectors for 0 collections in 0.000098 seconds (updated 0 objects)
[2017.08.11-07.31.56:032][883]Cmd: QUIT_EDITOR
[2017.08.11-07.31.56:087][883]LogWindowsTextInputMethodSystem:Display: IME system now deactivated.
[2017.08.11-07.31.56:106][883]LogExit: Preparing to exit.
[2017.08.11-07.31.57:517][883]LogDirectoryWatcher: A directory notification for 'C:/Users/Toni.DESKTOP-EC9GL36/Documents/Unreal Projects/pangville/Content/' was aborted.
[2017.08.11-07.31.57:587][883]LogExit: Editor shut down
[2017.08.11-07.31.57:594][883]LogExit: Transaction tracking system shut down
[2017.08.11-07.31.57:789][883]LogObj: Freed 0b from 0 cluster array pools.
[2017.08.11-07.31.57:789][883]LogExit: Object subsystem successfully closed.
[2017.08.11-07.31.57:822][883]LogD3D11RHI: Shutdown
[2017.08.11-07.31.57:822][883]LogD3D11RHI: CleanupD3DDevice
[2017.08.11-07.31.57:917][883]LogD3D11RHI: ~FD3D11DynamicRHI
[2017.08.11-07.31.57:969][883]LogModuleManager: Shutting down and abandoning module HierarchicalLODOutliner (524)
[2017.08.11-07.31.57:970][883]LogModuleManager: Shutting down and abandoning module CrashTracker (522)
[2017.08.11-07.31.57:970][883]LogModuleManager: Shutting down and abandoning module SceneOutliner (520)
[2017.08.11-07.31.57:970][883]LogModuleManager: Shutting down and abandoning module AddContentDialog (518)
[2017.08.11-07.31.57:971][883]LogDirectoryWatcher: A directory notification for 'C:/Games/UE4/UE_4.16/FeaturePacks/' was aborted.
[2017.08.11-07.31.57:972][883]LogModuleManager: Shutting down and abandoning module WidgetCarousel (517)
[2017.08.11-07.31.57:972][883]LogModuleManager: Shutting down and abandoning module EditorWidgets (514)
[2017.08.11-07.31.57:972][883]LogModuleManager: Shutting down and abandoning module CollectionManager (512)
[2017.08.11-07.31.57:972][883]LogDirectoryWatcher: A directory notification for 'C:/Users/Toni.DESKTOP-EC9GL36/Documents/Unreal Projects/pangville/Content/Collections/' was aborted.
[2017.08.11-07.31.57:972][883]LogDirectoryWatcher: A directory notification for 'C:/Users/Toni.DESKTOP-EC9GL36/Documents/Unreal Projects/pangville/Content/Developers/Toni/Collections/' was aborted.
[2017.08.11-07.31.57:972][883]LogDirectoryWatcher: A directory notification for 'C:/Users/Toni.DESKTOP-EC9GL36/Documents/Unreal Projects/pangville/Saved/Collections/' was aborted.
[2017.08.11-07.31.57:972][883]LogModuleManager: Shutting down and abandoning module StatsViewer (510)
[2017.08.11-07.31.57:973][883]LogModuleManager: Shutting down and abandoning module FoliageEdit (508)
[2017.08.11-07.31.57:973][883]LogModuleManager: Shutting down and abandoning module LandscapeEditor (506)
[2017.08.11-07.31.57:974][883]LogModuleManager: Shutting down and abandoning module MeshPaintMode (504)
[2017.08.11-07.31.57:974][883]LogModuleManager: Shutting down and abandoning module SceneDepthPickerMode (502)
[2017.08.11-07.31.57:974][883]LogModuleManager: Shutting down and abandoning module ActorPickerMode (500)
[2017.08.11-07.31.57:975][883]LogModuleManager: Shutting down and abandoning module GeometryMode (498)
[2017.08.11-07.31.57:975][883]LogModuleManager: Shutting down and abandoning module TextureAlignMode (496)
[2017.08.11-07.31.57:975][883]LogModuleManager: Shutting down and abandoning module BspMode (494)
[2017.08.11-07.31.57:975][883]LogModuleManager: Shutting down and abandoning module HardwareSurvey (492)
[2017.08.11-07.31.57:975][883]LogModuleManager: Shutting down and abandoning module SequenceRecorderSections (490)
[2017.08.11-07.31.57:975][883]LogModuleManager: Shutting down and abandoning module AutomationWorker (488)
[2017.08.11-07.31.57:975][883]LogModuleManager: Shutting down and abandoning module MatineeToLevelSequence (486)
[2017.08.11-07.31.57:975][883]LogModuleManager: Shutting down and abandoning module LevelSequenceEditor (484)
[2017.08.11-07.31.57:978][883]LogModuleManager: Shutting down and abandoning module PlacementMode (483)
[2017.08.11-07.31.57:978][883]LogModuleManager: Shutting down and abandoning module WmfMediaFactory (480)
[2017.08.11-07.31.57:978][883]LogModuleManager: Shutting down and abandoning module WmfMediaEditor (478)
[2017.08.11-07.31.57:978][883]LogModuleManager: Shutting down and abandoning module AvfMediaFactory (476)
[2017.08.11-07.31.57:978][883]LogModuleManager: Shutting down and abandoning module AvfMediaEditor (474)
[2017.08.11-07.31.57:978][883]LogModuleManager: Shutting down and abandoning module AndroidMediaFactory (472)
[2017.08.11-07.31.57:978][883]LogModuleManager: Shutting down and abandoning module Media (471)
[2017.08.11-07.31.57:978][883]LogModuleManager: Shutting down and abandoning module AndroidMediaEditor (468)
[2017.08.11-07.31.57:978][883]LogModuleManager: Shutting down and abandoning module CharacterAI (466)
[2017.08.11-07.31.57:978][883]LogModuleManager: Shutting down and abandoning module AudioCapture (464)
[2017.08.11-07.31.57:979][883]LogModuleManager: Shutting down and abandoning module SequenceRecorder (463)
[2017.08.11-07.31.57:980][883]LogModuleManager: Shutting down and abandoning module SmartSnapping (460)
[2017.08.11-07.31.57:980][883]LogModuleManager: Shutting down and abandoning module SessionServices (458)
[2017.08.11-07.31.57:980][883]LogModuleManager: Shutting down and abandoning module ViewportSnapping (456)
[2017.08.11-07.31.57:980][883]LogModuleManager: Shutting down and abandoning module ViewportInteraction (454)
[2017.08.11-07.31.57:980][883]LogModuleManager: Shutting down and abandoning module ClothPainter (452)
[2017.08.11-07.31.57:982][883]LogModuleManager: Shutting down and abandoning module LogVisualizer (450)
[2017.08.11-07.31.57:982][883]LogModuleManager: Shutting down and abandoning module IntroTutorials (448)
[2017.08.11-07.31.57:984][883]LogModuleManager: Shutting down and abandoning module GameProjectGeneration (447)
[2017.08.11-07.31.57:985][883]LogModuleManager: Shutting down and abandoning module EditorLiveStreaming (444)
[2017.08.11-07.31.57:985][883]LogModuleManager: Shutting down and abandoning module IOSPlatformEditor (442)
[2017.08.11-07.31.57:986][883]LogModuleManager: Shutting down and abandoning module HTML5PlatformEditor (440)
[2017.08.11-07.31.57:986][883]LogModuleManager: Shutting down and abandoning module AndroidPlatformEditor (438)
[2017.08.11-07.31.57:986][883]LogModuleManager: Shutting down and abandoning module AndroidDeviceDetection (437)
[2017.08.11-07.31.58:464][883]LogModuleManager: Shutting down and abandoning module IOSRuntimeSettings (434)
[2017.08.11-07.31.58:464][883]LogModuleManager: Shutting down and abandoning module AndroidRuntimeSettings (432)
[2017.08.11-07.31.58:464][883]LogModuleManager: Shutting down and abandoning module InputBindingEditor (430)
[2017.08.11-07.31.58:464][883]LogModuleManager: Shutting down and abandoning module MergeActors (428)
[2017.08.11-07.31.58:465][883]LogModuleManager: Shutting down and abandoning module SizeMap (426)
[2017.08.11-07.31.58:465][883]LogModuleManager: Shutting down and abandoning module TreeMap (424)
[2017.08.11-07.31.58:465][883]LogModuleManager: Shutting down and abandoning module ReferenceViewer (422)
[2017.08.11-07.31.58:466][883]LogModuleManager: Shutting down and abandoning module LocalizationDashboard (420)
[2017.08.11-07.31.58:471][883]LogModuleManager: Shutting down and abandoning module LocalizationService (419)
[2017.08.11-07.31.58:471][883]LogModuleManager: Shutting down and abandoning module HardwareTargeting (416)
[2017.08.11-07.31.58:471][883]LogModuleManager: Shutting down and abandoning module DeviceProfileEditor (414)
[2017.08.11-07.31.58:471][883]LogModuleManager: Shutting down and abandoning module UndoHistory (412)
[2017.08.11-07.31.58:472][883]LogModuleManager: Shutting down and abandoning module UserFeedback (410)
[2017.08.11-07.31.58:472][883]LogModuleManager: Shutting down and abandoning module XmlParser (408)
[2017.08.11-07.31.58:472][883]LogModuleManager: Shutting down and abandoning module Blutility (406)
[2017.08.11-07.31.58:472][883]LogModuleManager: Shutting down and abandoning module ProjectSettingsViewer (404)
[2017.08.11-07.31.58:472][883]LogModuleManager: Shutting down and abandoning module ProjectTargetPlatformEditor (403)
[2017.08.11-07.31.58:472][883]LogModuleManager: Shutting down and abandoning module EditorSettingsViewer (400)
[2017.08.11-07.31.58:472][883]LogModuleManager: Shutting down and abandoning module SettingsEditor (398)
[2017.08.11-07.31.58:475][883]LogModuleManager: Shutting down and abandoning module ProjectLauncher (396)
[2017.08.11-07.31.58:476][883]LogModuleManager: Shutting down and abandoning module SessionFrontend (394)
[2017.08.11-07.31.58:476][883]LogModuleManager: Shutting down and abandoning module ProfilerClient (392)
[2017.08.11-07.31.58:477][883]LogModuleManager: Shutting down and abandoning module DeviceManager (390)
[2017.08.11-07.31.58:484][883]LogModuleManager: Shutting down and abandoning module TargetDeviceServices (389)
[2017.08.11-07.31.58:555][883]LogModuleManager: Shutting down and abandoning module AutomationController (386)
[2017.08.11-07.31.58:572][883]LogModuleManager: Shutting down and abandoning module AutomationWindow (384)
[2017.08.11-07.31.58:589][883]LogModuleManager: Shutting down and abandoning module Layers (382)
[2017.08.11-07.31.58:609][883]LogModuleManager: Shutting down and abandoning module ComponentVisualizers (380)
[2017.08.11-07.31.58:609][883]LogModuleManager: Shutting down and abandoning module DetailCustomizations (378)
[2017.08.11-07.31.58:611][883]LogModuleManager: Shutting down and abandoning module PackagesDialog (376)
[2017.08.11-07.31.58:611][883]LogModuleManager: Shutting down and abandoning module Persona (374)
[2017.08.11-07.31.58:616][883]LogModuleManager: Shutting down and abandoning module AdvancedPreviewScene (373)
[2017.08.11-07.31.58:616][883]LogModuleManager: Shutting down and abandoning module AnimGraph (371)
[2017.08.11-07.31.58:616][883]LogModuleManager: Shutting down and abandoning module Kismet (368)
[2017.08.11-07.31.58:617][883]LogModuleManager: Shutting down and abandoning module ClassViewer (366)
[2017.08.11-07.31.58:617][883]LogModuleManager: Shutting down and abandoning module Toolbox (364)
[2017.08.11-07.31.58:617][883]LogModuleManager: Shutting down and abandoning module ModuleUI (362)
[2017.08.11-07.31.58:618][883]LogModuleManager: Shutting down and abandoning module MovieSceneTools (360)
[2017.08.11-07.31.58:620][883]LogModuleManager: Shutting down and abandoning module OutputLog (358)
[2017.08.11-07.31.58:620][883]LogModuleManager: Shutting down and abandoning module GammaUI (356)
[2017.08.11-07.31.58:621][883]LogModuleManager: Shutting down and abandoning module Documentation (354)
[2017.08.11-07.31.58:621][883]LogModuleManager: Shutting down and abandoning module MovieSceneTracks (352)
[2017.08.11-07.31.58:621][883]LogModuleManager: Shutting down and abandoning module MovieScene (350)
[2017.08.11-07.31.58:621][883]LogModuleManager: Shutting down and abandoning module Niagara (348)
[2017.08.11-07.31.58:621][883]LogModuleManager: Shutting down and abandoning module NiagaraEditor (347)
[2017.08.11-07.31.58:623][883]LogModuleManager: Shutting down and abandoning module StreamingPauseRendering (344)
[2017.08.11-07.31.58:623][883]LogModuleManager: Shutting down and abandoning module AnalyticsET (342)
[2017.08.11-07.31.58:623][883]LogModuleManager: Shutting down and abandoning module PortalServices (340)
[2017.08.11-07.31.58:623][883]LogModuleManager: Shutting down and abandoning module PortalRpc (338)
[2017.08.11-07.31.58:623][883]LogModuleManager: Shutting down and abandoning module MessagingRpc (336)
[2017.08.11-07.31.58:623][883]LogModuleManager: Shutting down and abandoning module AIModule (334)
[2017.08.11-07.31.58:623][883]LogModuleManager: Shutting down and abandoning module GameplayDebugger (333)
[2017.08.11-07.31.58:624][883]LogModuleManager: Shutting down and abandoning module AITestSuite (331)
[2017.08.11-07.31.58:624][883]LogModuleManager: Shutting down and abandoning module ProfilerService (328)
[2017.08.11-07.31.58:722][883]LogModuleManager: Shutting down and abandoning module TaskGraph (326)
[2017.08.11-07.31.58:724][883]LogModuleManager: Shutting down and abandoning module SteamVRController (324)
[2017.08.11-07.31.58:724][883]LogModuleManager: Shutting down and abandoning module SteamVR (322)
[2017.08.11-07.31.58:724][883]LogModuleManager: Shutting down and abandoning module ProceduralMeshComponentEditor (320)
[2017.08.11-07.31.58:724][883]LogModuleManager: Shutting down and abandoning module ProceduralMeshComponent (318)
[2017.08.11-07.31.58:724][883]LogModuleManager: Shutting down and abandoning module OculusLibrary (316)
[2017.08.11-07.31.58:724][883]LogModuleManager: Shutting down and abandoning module OculusInput (314)
[2017.08.11-07.31.58:724][883]LogModuleManager: Shutting down and abandoning module MobilePatchingUtils (312)
[2017.08.11-07.31.58:724][883]LogModuleManager: Shutting down and abandoning module CustomMeshComponent (310)
[2017.08.11-07.31.58:724][883]LogModuleManager: Shutting down and abandoning module CableComponent (308)
[2017.08.11-07.31.58:725][883]LogModuleManager: Shutting down and abandoning module ArchVisCharacter (306)
[2017.08.11-07.31.58:725][883]LogModuleManager: Shutting down and abandoning module AndroidPermission (304)
[2017.08.11-07.31.58:725][883]LogModuleManager: Shutting down and abandoning module MediaPlayerEditor (300)
[2017.08.11-07.31.58:726][883]LogModuleManager: Shutting down and abandoning module HTML5Networking (298)
[2017.08.11-07.31.58:726][883]LogModuleManager: Shutting down and abandoning module AlembicImporter (296)
[2017.08.11-07.31.58:726][883]LogModuleManager: Shutting down and abandoning module AlembicLibrary (295)
[2017.08.11-07.31.58:727][883]LogModuleManager: Shutting down and abandoning module GeometryCache (294)
[2017.08.11-07.31.58:727][883]LogModuleManager: Shutting down and abandoning module GeometryCacheEd (293)
[2017.08.11-07.31.58:727][883]LogModuleManager: Shutting down and abandoning module SuperSearchEditor (288)
[2017.08.11-07.31.58:727][883]LogModuleManager: Shutting down and abandoning module SuperSearch (287)
[2017.08.11-07.31.58:727][883]LogModuleManager: Shutting down and abandoning module SpeedTreeImporter (284)
[2017.08.11-07.31.58:727][883]LogModuleManager: Shutting down and abandoning module PluginBrowser (282)
[2017.08.11-07.31.58:728][883]LogModuleManager: Shutting down and abandoning module MobileLauncherProfileWizard (280)
[2017.08.11-07.31.58:729][883]LogModuleManager: Shutting down and abandoning module VisualStudioSourceCodeAccess (278)
[2017.08.11-07.31.58:729][883]LogModuleManager: Shutting down and abandoning module DesktopPlatform (277)
[2017.08.11-07.31.58:729][883]LogModuleManager: Shutting down and abandoning module UObjectPlugin (274)
[2017.08.11-07.31.58:729][883]LogModuleManager: Shutting down and abandoning module SubversionSourceControl (272)
[2017.08.11-07.31.58:729][883]LogModuleManager: Shutting down and abandoning module PerforceSourceControl (270)
[2017.08.11-07.31.58:730][883]LogModuleManager: Shutting down and abandoning module GitSourceControl (268)
[2017.08.11-07.31.58:731][883]LogModuleManager: Shutting down and abandoning module SourceControl (267)
[2017.08.11-07.31.58:731][883]LogModuleManager: Shutting down and abandoning module LightPropagationVolumeEditor (264)
[2017.08.11-07.31.58:731][883]LogModuleManager: Shutting down and abandoning module PaperTiledImporter (262)
[2017.08.11-07.31.58:731][883]LogModuleManager: Shutting down and abandoning module PaperSpriteSheetImporter (260)
[2017.08.11-07.31.58:731][883]LogModuleManager: Shutting down and abandoning module Paper2DEditor (258)
[2017.08.11-07.31.58:732][883]LogModuleManager: Shutting down and abandoning module MeshPaint (257)
[2017.08.11-07.31.58:732][883]LogModuleManager: Shutting down and abandoning module LevelEditor (255)
[2017.08.11-07.31.58:733][883]LogModuleManager: Shutting down and abandoning module PixelInspectorModule (254)
[2017.08.11-07.31.58:741][883]LogModuleManager: Shutting down and abandoning module MainFrame (252)
[2017.08.11-07.31.58:746][883]LogModuleManager: Shutting down and abandoning module HotReload (251)
[2017.08.11-07.31.58:750][883]LogModuleManager: Shutting down and abandoning module PhysXVehiclesEditor (246)
[2017.08.11-07.31.58:761][883]LogModuleManager: Shutting down and abandoning module PhysXVehicles (244)
[2017.08.11-07.31.58:761][883]LogModuleManager: Shutting down and abandoning module LocationServicesBPLibrary (242)
[2017.08.11-07.31.58:761][883]LogModuleManager: Shutting down and abandoning module ImmediatePhysicsEditor (240)
[2017.08.11-07.31.58:761][883]LogModuleManager: Shutting down and abandoning module ImmediatePhysics (238)
[2017.08.11-07.31.58:773][883]LogModuleManager: Shutting down and abandoning module UdpMessaging (236)
[2017.08.11-07.31.58:874][883]LogModuleManager: Shutting down and abandoning module TcpMessaging (234)
[2017.08.11-07.31.59:081][883]LogModuleManager: Shutting down and abandoning module GameplayTagsEditor (232)
[2017.08.11-07.31.59:083][883]LogModuleManager: Shutting down and abandoning module FacialAnimationEditor (230)
[2017.08.11-07.31.59:083][883]LogModuleManager: Shutting down and abandoning module FacialAnimation (228)
[2017.08.11-07.31.59:083][883]LogModuleManager: Shutting down and abandoning module AssetManagerEditor (226)
[2017.08.11-07.31.59:086][883]LogModuleManager: Shutting down and abandoning module GraphEditor (225)
[2017.08.11-07.31.59:087][883]LogModuleManager: Shutting down and abandoning module ContentBrowser (223)
[2017.08.11-07.31.59:088][883]LogModuleManager: Shutting down and abandoning module LightPropagationVolumeRuntime (220)
[2017.08.11-07.31.59:088][883]LogModuleManager: Shutting down and abandoning module Paper2D (218)
[2017.08.11-07.31.59:089][883]LogModuleManager: Shutting down and abandoning module WindowsMoviePlayer (216)
[2017.08.11-07.31.59:089][883]LogModuleManager: Shutting down and abandoning module WmfMedia (214)
[2017.08.11-07.31.59:089][883]LogModuleManager: Shutting down and abandoning module ClothingSystemEditor (212)
[2017.08.11-07.31.59:089][883]LogModuleManager: Shutting down and abandoning module ClothingSystemRuntime (210)
[2017.08.11-07.31.59:089][883]LogModuleManager: Shutting down and abandoning module MediaAssets (208)
[2017.08.11-07.31.59:089][883]LogModuleManager: Shutting down and abandoning module GameLiveStreaming (206)
[2017.08.11-07.31.59:090][883]LogModuleManager: Shutting down and abandoning module VREditor (204)
[2017.08.11-07.31.59:090][883]LogModuleManager: Shutting down and abandoning module StringTableEditor (202)
[2017.08.11-07.31.59:092][883]LogModuleManager: Shutting down and abandoning module GameplayTasksEditor (200)
[2017.08.11-07.31.59:092][883]LogModuleManager: Shutting down and abandoning module BehaviorTreeEditor (198)
[2017.08.11-07.31.59:097][883]LogModuleManager: Shutting down and abandoning module FunctionalTesting (196)
[2017.08.11-07.31.59:097][883]LogModuleManager: Shutting down and abandoning module CollisionAnalyzer (194)
[2017.08.11-07.31.59:098][883]LogModuleManager: Shutting down and abandoning module UMG (192)
[2017.08.11-07.31.59:100][883]LogModuleManager: Shutting down and abandoning module UMGEditor (191)
[2017.08.11-07.31.59:101][883]LogModuleManager: Shutting down and abandoning module Sequencer (190)
[2017.08.11-07.31.59:103][883]LogModuleManager: Shutting down and abandoning module AssetTools (188)
[2017.08.11-07.31.59:107][883]LogModuleManager: Shutting down and abandoning module MessageLog (187)
[2017.08.11-07.31.59:107][883]LogModuleManager: Shutting down and abandoning module WorkspaceMenuStructure (186)
[2017.08.11-07.31.59:107][883]LogModuleManager: Shutting down and abandoning module SlateReflector (180)
[2017.08.11-07.31.59:109][883]LogModuleManager: Shutting down and abandoning module Slate (178)
[2017.08.11-07.31.59:109][883]LogModuleManager: Shutting down and abandoning module EditorStyle (176)
[2017.08.11-07.31.59:112][883]LogModuleManager: Shutting down and abandoning module SourceCodeAccess (174)
[2017.08.11-07.31.59:112][883]LogModuleManager: Shutting down and abandoning module HeadMountedDisplay (172)
[2017.08.11-07.31.59:112][883]LogModuleManager: Shutting down and abandoning module XAudio2 (170)
[2017.08.11-07.31.59:112][883]LogModuleManager: Shutting down and abandoning module Networking (168)
[2017.08.11-07.31.59:112][883]LogModuleManager: Shutting down and abandoning module Core (164)
[2017.08.11-07.31.59:112][883]LogModuleManager: Shutting down and abandoning module AssetRegistry (162)
[2017.08.11-07.31.59:433][883]LogDirectoryWatcher: A directory notification for '../../../Engine/Content/' was aborted.
[2017.08.11-07.31.59:433][883]LogDirectoryWatcher: A directory notification for '../../../../../../Users/Toni.DESKTOP-EC9GL36/Documents/Unreal Projects/pangville/Content/' was aborted.
[2017.08.11-07.31.59:433][883]LogDirectoryWatcher: A directory notification for '../../../Engine/Plugins/2D/Paper2D/Content/' was aborted.
[2017.08.11-07.31.59:433][883]LogDirectoryWatcher: A directory notification for '../../../Engine/Plugins/Runtime/GearVR/Content/' was aborted.
[2017.08.11-07.31.59:439][883]LogModuleManager: Shutting down and abandoning module DirectoryWatcher (161)
[2017.08.11-07.31.59:440][883]LogModuleManager: Shutting down and abandoning module KismetCompiler (158)
[2017.08.11-07.31.59:440][883]LogModuleManager: Shutting down and abandoning module LevelSequence (156)
[2017.08.11-07.31.59:440][883]LogModuleManager: Shutting down and abandoning module PhysXFormats (154)
[2017.08.11-07.31.59:440][883]LogModuleManager: Shutting down and abandoning module MeshUtilities (152)
[2017.08.11-07.31.59:444][883]LogModuleManager: Shutting down and abandoning module SimplygonSwarm (151)
[2017.08.11-07.31.59:445][883]LogModuleManager: Shutting down and abandoning module SimplygonMeshReduction (149)
[2017.08.11-07.31.59:445][883]LogModuleManager: Shutting down and abandoning module QuadricMeshReduction (147)
[2017.08.11-07.31.59:447][883]LogModuleManager: Shutting down and abandoning module DerivedDataCache (144)
[2017.08.11-07.31.59:450][883]LogDerivedDataCache: Shutdown
[2017.08.11-07.31.59:451][883]LogModuleManager: Shutting down and abandoning module TargetPlatform (142)
[2017.08.11-07.31.59:451][883]LogModuleManager: Shutting down and abandoning module VulkanShaderFormat (141)
[2017.08.11-07.31.59:451][883]LogModuleManager: Shutting down and abandoning module ShaderFormatVectorVM (139)
[2017.08.11-07.31.59:452][883]LogModuleManager: Shutting down and abandoning module ShaderFormatOpenGL (137)
[2017.08.11-07.31.59:458][883]LogModuleManager: Shutting down and abandoning module ShaderFormatD3D (135)
[2017.08.11-07.31.59:458][883]LogModuleManager: Shutting down and abandoning module MetalShaderFormat (133)
[2017.08.11-07.31.59:485][883]LogModuleManager: Shutting down and abandoning module TextureFormatUncompressed (131)
[2017.08.11-07.31.59:485][883]LogModuleManager: Shutting down and abandoning module TextureFormatPVR (129)
[2017.08.11-07.31.59:485][883]LogModuleManager: Shutting down and abandoning module TextureFormatDXT (127)
[2017.08.11-07.31.59:485][883]LogModuleManager: Shutting down and abandoning module TextureFormatIntelISPCTexComp (125)
[2017.08.11-07.31.59:485][883]LogModuleManager: Shutting down and abandoning module TextureFormatASTC (123)
[2017.08.11-07.31.59:485][883]LogModuleManager: Shutting down and abandoning module ImageWrapper (122)
[2017.08.11-07.31.59:485][883]LogModuleManager: Shutting down and abandoning module TextureFormatAndroid (119)
[2017.08.11-07.31.59:485][883]LogModuleManager: Shutting down and abandoning module AudioFormatOpus (117)
[2017.08.11-07.31.59:485][883]LogModuleManager: Shutting down and abandoning module AudioFormatOgg (115)
[2017.08.11-07.31.59:485][883]LogModuleManager: Shutting down and abandoning module AudioFormatADPCM (113)
[2017.08.11-07.31.59:485][883]LogModuleManager: Shutting down and abandoning module LinuxTargetPlatform (111)
[2017.08.11-07.31.59:485][883]LogModuleManager: Shutting down and abandoning module LinuxServerTargetPlatform (109)
[2017.08.11-07.31.59:485][883]LogModuleManager: Shutting down and abandoning module LinuxNoEditorTargetPlatform (107)
[2017.08.11-07.31.59:485][883]LogModuleManager: Shutting down and abandoning module LinuxClientTargetPlatform (105)
[2017.08.11-07.31.59:485][883]LogModuleManager: Shutting down and abandoning module TVOSTargetPlatform (103)
[2017.08.11-07.31.59:485][883]LogModuleManager: Shutting down and abandoning module Messaging (101)
[2017.08.11-07.31.59:485][883]LogModuleManager: Shutting down and abandoning module IOSTargetPlatform (99)
[2017.08.11-07.31.59:485][883]LogModuleManager: Shutting down and abandoning module HTML5TargetPlatform (97)
[2017.08.11-07.31.59:485][883]LogModuleManager: Shutting down and abandoning module Android_PVRTCTargetPlatform (95)
[2017.08.11-07.31.59:485][883]LogModuleManager: Shutting down and abandoning module Android_MultiTargetPlatform (93)
[2017.08.11-07.31.59:485][883]LogModuleManager: Shutting down and abandoning module Android_ETC2TargetPlatform (91)
[2017.08.11-07.31.59:485][883]LogModuleManager: Shutting down and abandoning module Android_ETC1TargetPlatform (89)
[2017.08.11-07.31.59:485][883]LogModuleManager: Shutting down and abandoning module Android_DXTTargetPlatform (87)
[2017.08.11-07.31.59:485][883]LogModuleManager: Shutting down and abandoning module Android_ATCTargetPlatform (85)
[2017.08.11-07.31.59:485][883]LogModuleManager: Shutting down and abandoning module Android_ASTCTargetPlatform (83)
[2017.08.11-07.31.59:485][883]LogModuleManager: Shutting down and abandoning module AndroidTargetPlatform (81)
[2017.08.11-07.31.59:485][883]LogModuleManager: Shutting down and abandoning module WindowsTargetPlatform (79)
[2017.08.11-07.31.59:485][883]LogModuleManager: Shutting down and abandoning module WindowsServerTargetPlatform (77)
[2017.08.11-07.31.59:485][883]LogModuleManager: Shutting down and abandoning module WindowsNoEditorTargetPlatform (75)
[2017.08.11-07.31.59:485][883]LogModuleManager: Shutting down and abandoning module WindowsClientTargetPlatform (73)
[2017.08.11-07.31.59:485][883]LogModuleManager: Shutting down and abandoning module MacTargetPlatform (71)
[2017.08.11-07.31.59:485][883]LogModuleManager: Shutting down and abandoning module MacServerTargetPlatform (69)
[2017.08.11-07.31.59:485][883]LogModuleManager: Shutting down and abandoning module MacNoEditorTargetPlatform (67)
[2017.08.11-07.31.59:485][883]LogModuleManager: Shutting down and abandoning module MacClientTargetPlatform (65)
[2017.08.11-07.31.59:485][883]LogModuleManager: Shutting down and abandoning module AllDesktopTargetPlatform (63)
[2017.08.11-07.31.59:485][883]LogModuleManager: Shutting down and abandoning module InputCore (60)
[2017.08.11-07.31.59:485][883]LogModuleManager: Shutting down and abandoning module Settings (58)
[2017.08.11-07.31.59:485][883]LogModuleManager: Shutting down and abandoning module OculusRift (56)
[2017.08.11-07.31.59:488][883]LogModuleManager: Shutting down and abandoning module GearVRController (54)
[2017.08.11-07.31.59:488][883]LogModuleManager: Shutting down and abandoning module GearVR (52)
[2017.08.11-07.31.59:496][883]LogModuleManager: Shutting down and abandoning module ExampleDeviceProfileSelector (50)
[2017.08.11-07.31.59:496][883]LogModuleManager: Shutting down and abandoning module OnlineBlueprintSupport (48)
[2017.08.11-07.31.59:496][883]LogModuleManager: Shutting down and abandoning module OnlineSubsystem (44)
[2017.08.11-07.31.59:496][883]LogOnline:Display: Unloading online subsystem: NULL
[2017.08.11-07.31.59:502][883]LogModuleManager: Shutting down and abandoning module XMPP (43)
[2017.08.11-07.31.59:539][883]LogModuleManager: Shutting down and abandoning module HTTP (41)
[2017.08.11-07.31.59:539][883]LogHttp:Display: Http module shutting down, but needs to wait on 1 outstanding Http requests:
[2017.08.11-07.31.59:540][883]LogHttp:Display: 	verb=[POST] url=[https://datarouter.ol.epicgames.com/datarouter/api/v1/public/data?SessionID=%7BDA74D793-4CDC-624F-0109-B19C59392C27%7D&AppID=UEEditor.Rocket.Release&AppVersion=4.16.2-3514769%2B%2B%2BUE4%2BRelease-4.16&UserID=5da4a2254d017bb36ffd67b4d02d2883%7Cbce1e967dcb64867b7d0299e3e63fc62%7Cc9de2e5d-d163-4b38-ba29-084ad4b7c711&AppEnvironment=datacollector-binary&UploadType=eteventstream] status=Processing
[2017.08.11-07.31.59:572][883]LogModuleManager: Shutting down and abandoning module SSL (40)
[2017.08.11-07.31.59:575][883]LogModuleManager: Shutting down and abandoning module HTTPChunkInstaller (36)
[2017.08.11-07.31.59:575][883]LogModuleManager: Shutting down and abandoning module AnimationModifiers (34)
[2017.08.11-07.31.59:576][883]LogModuleManager: Shutting down and abandoning module PropertyEditor (33)
[2017.08.11-07.31.59:577][883]LogModuleManager: Shutting down and abandoning module AudioEditor (30)
[2017.08.11-07.31.59:580][883]LogModuleManager: Shutting down and abandoning module TextureCompressor (28)
[2017.08.11-07.31.59:580][883]LogModuleManager: Shutting down and abandoning module ShaderCore (26)
[2017.08.11-07.31.59:580][883]LogModuleManager: Shutting down and abandoning module Landscape (24)
[2017.08.11-07.31.59:580][883]LogModuleManager: Shutting down and abandoning module SlateRHIRenderer (22)
[2017.08.11-07.31.59:582][883]LogModuleManager: Shutting down and abandoning module OpenGLDrv (20)
[2017.08.11-07.31.59:583][883]LogModuleManager: Shutting down and abandoning module D3D11RHI (18)
[2017.08.11-07.31.59:583][883]LogModuleManager: Shutting down and abandoning module AnimGraphRuntime (16)
[2017.08.11-07.31.59:583][883]LogModuleManager: Shutting down and abandoning module Renderer (14)
[2017.08.11-07.31.59:583][883]LogModuleManager: Shutting down and abandoning module Engine (12)
[2017.08.11-07.31.59:583][883]LogModuleManager: Shutting down and abandoning module CoreUObject (10)
[2017.08.11-07.31.59:583][883]LogModuleManager: Shutting down and abandoning module NetworkFile (8)
[2017.08.11-07.31.59:583][883]LogModuleManager: Shutting down and abandoning module StreamingFile (6)
[2017.08.11-07.31.59:583][883]LogModuleManager: Shutting down and abandoning module SandboxFile (4)
[2017.08.11-07.31.59:583][883]LogModuleManager: Shutting down and abandoning module PakFile (2)
[2017.08.11-07.31.59:587][883]LogExit: Exiting.
[2017.08.11-07.31.59:613][883]Log file closed, 08/11/17 09:31:59
