Log file open, 08/10/17 12:52:06
LogInit:Display: Running engine for game: pangville
LogPlatformFile: Not using cached read wrapper
LogInit:Display: RandInit(708651608) SRandInit(708651608).
LogTaskGraph: Started task graph with 5 named threads and 8 total threads with 1 sets of task threads.
LogStats: Stats thread started at 0.165976
LogInit: Using libcurl 7.47.1
LogInit:  - built for x86_64-pc-win32
LogInit:  - supports SSL with OpenSSL/1.0.2g
LogInit:  - supports HTTP deflate (compression) using libz 1.2.8
LogInit:  - other features:
LogInit:      CURL_VERSION_SSL
LogInit:      CURL_VERSION_LIBZ
LogInit:      CURL_VERSION_IPV6
LogInit:      CURL_VERSION_ASYNCHDNS
LogInit:      CURL_VERSION_LARGEFILE
LogInit:      CURL_VERSION_IDN
LogInit:  CurlRequestOptions (configurable via config and command line):
LogInit:  - bVerifyPeer = false  - Libcurl will NOT verify peer certificate
LogInit:  - bUseHttpProxy = false  - Libcurl will NOT use HTTP proxy
LogInit:  - bDontReuseConnections = false  - Libcurl will reuse connections
LogInit:  - CertBundlePath = nullptr  - Libcurl will use whatever was configured at build time.
LogInit: Build: ++UE4+Release-4.16-CL-3514769
LogInit: Engine Version: 4.16.2-3514769+++UE4+Release-4.16
LogInit: Compatible Engine Version: 4.16.0-3452394+++UE4+Release-4.16
LogInit: Net CL: 3452394
LogDevObjectVersion: Number of dev versions registered: 16
LogDevObjectVersion:   Dev-Blueprints (B0D832E4-1F89-4F0D-ACCF-7EB736FD4AA2): 9
LogDevObjectVersion:   Dev-Build (E1C64328-A22C-4D53-A36C-8E866417BD8C): 0
LogDevObjectVersion:   Dev-Core (375EC13C-06E4-48FB-B500-84F0262A717E): 2
LogDevObjectVersion:   Dev-Editor (E4B068ED-F494-42E9-A231-DA0B2E46BB41): 17
LogDevObjectVersion:   Dev-Framework (CFFC743F-43B0-4480-9391-14DF171D2073): 23
LogDevObjectVersion:   Dev-Mobile (B02B49B5-BB20-44E9-A304-32B752E40360): 0
LogDevObjectVersion:   Dev-Networking (A4E4105C-59A1-49B5-A7C5-40C4547EDFEE): 0
LogDevObjectVersion:   Dev-Online (39C831C9-5AE6-47DC-9A44-9C173E1C8E7C): 0
LogDevObjectVersion:   Dev-Physics (78F01B33-EBEA-4F98-B9B4-84EACCB95AA2): 0
LogDevObjectVersion:   Dev-Platform (6631380F-2D4D-43E0-8009-CF276956A95A): 0
LogDevObjectVersion:   Dev-Rendering (12F88B9F-8875-4AFC-A67C-D90C383ABD29): 15
LogDevObjectVersion:   Dev-Sequencer (7B5AE74C-D270-4C10-A958-57980B212A5A): 4
LogDevObjectVersion:   Dev-VR (D7296918-1DD6-4BDD-9DE2-64A83CC13884): 0
LogDevObjectVersion:   Dev-LoadTimes (C2A15278-BFE7-4AFE-6C17-90FF531DF755): 1
LogDevObjectVersion:   Private-Geometry (6EACA3D4-40EC-4CC1-B786-8BED09428FC5): 1
LogDevObjectVersion:   Dev-AnimPhys (29E575DD-E0A3-4627-9D10-D276232CDCEA): 3
LogInit: Compiled (64-bit): Jun 29 2017 02:03:24
LogInit: Compiled with Visual C++: 19.00.24215.01
LogInit: Build Configuration: Development
LogInit: Branch Name: ++UE4+Release-4.16
LogInit: Command line:  
LogInit: Base directory: C:/Games/UE4/UE_4.16/Engine/Binaries/Win64/
LogInit: Installed Engine Build: 1
LogInit: Presizing for max 8388607 objects, including 0 objects not considered by GC, pre-allocating 0 bytes for permanent pool.
LogInit: Object subsystem initialized
[2017.08.10-10.52.07:872][  0]LogInit: Selected Device Profile: [Windows]
[2017.08.10-10.52.07:872][  0]LogInit: Applying CVar settings loaded from the selected device profile: [Windows]
[2017.08.10-10.52.07:914][  0]LogInit: Computer: TONI10
[2017.08.10-10.52.07:914][  0]LogInit: User: Toni
[2017.08.10-10.52.07:914][  0]LogInit: CPU Page size=4096, Cores=4
[2017.08.10-10.52.07:914][  0]LogInit: High frequency timer resolution =3.214550 MHz
[2017.08.10-10.52.07:914][  0]LogMemory: Memory total: Physical=8.0GB (8GB approx)
[2017.08.10-10.52.07:914][  0]LogMemory: Platform Memory Stats for Windows
[2017.08.10-10.52.07:914][  0]LogMemory: Process Physical Memory: 274.25 MB used, 274.25 MB peak
[2017.08.10-10.52.07:914][  0]LogMemory: Process Virtual Memory: 274.52 MB used, 274.52 MB peak
[2017.08.10-10.52.07:914][  0]LogMemory: Physical Memory: 7377.02 MB used,  779.85 MB free, 8156.88 MB total
[2017.08.10-10.52.07:914][  0]LogMemory: Virtual Memory: 651.54 MB used,  779.85 MB free, 134217728.00 MB total
[2017.08.10-10.52.08:336][  0]LogInit: Using OS detected language (en-US).
[2017.08.10-10.52.08:336][  0]LogInit: Using OS detected locale (en-US).
[2017.08.10-10.52.08:449][  0]LogTextLocalizationManager: No specific localization for 'en-US' exists, so the 'en' localization will be used.
[2017.08.10-10.52.15:921][  0]LogD3D11RHI: D3D11 adapters:
[2017.08.10-10.52.17:266][  0]LogD3D11RHI:    0. 'NVIDIA GeForce GTX 760' (Feature Level 11_0)
[2017.08.10-10.52.17:266][  0]LogD3D11RHI:       2017/0/4078 MB DedicatedVideo/DedicatedSystem/SharedSystem, Outputs:2, VendorId:0x10de
[2017.08.10-10.52.17:268][  0]LogD3D11RHI:    1. 'Microsoft Basic Render Driver' (Feature Level 11_0)
[2017.08.10-10.52.17:268][  0]LogD3D11RHI:       0/0/4078 MB DedicatedVideo/DedicatedSystem/SharedSystem, Outputs:0, VendorId:0x1414
[2017.08.10-10.52.17:268][  0]LogD3D11RHI: Chosen D3D11 Adapter: 0
[2017.08.10-10.52.17:282][  0]LogD3D11RHI: Creating new Direct3DDevice
[2017.08.10-10.52.17:282][  0]LogD3D11RHI:     GPU DeviceId: 0x1187 (for the marketing name, search the web for "GPU Device Id")
[2017.08.10-10.52.17:282][  0]LogWindows: EnumDisplayDevices:
[2017.08.10-10.52.17:282][  0]LogWindows:    0. 'NVIDIA GeForce GTX 760' (P:0 D:1)
[2017.08.10-10.52.17:282][  0]LogWindows:    1. 'NVIDIA GeForce GTX 760' (P:1 D:1)
[2017.08.10-10.52.17:283][  0]LogWindows:    2. 'NVIDIA GeForce GTX 760' (P:0 D:0)
[2017.08.10-10.52.17:283][  0]LogWindows:    3. 'NVIDIA GeForce GTX 760' (P:0 D:0)
[2017.08.10-10.52.17:283][  0]LogWindows: DebugString: FoundDriverCount:4 
[2017.08.10-10.52.17:283][  0]LogD3D11RHI:     Adapter Name: NVIDIA GeForce GTX 760
[2017.08.10-10.52.17:283][  0]LogD3D11RHI:   Driver Version: 382.33 (internal:22.21.13.8233, unified:382.33)
[2017.08.10-10.52.17:283][  0]LogD3D11RHI:      Driver Date: 5-17-2017
[2017.08.10-10.52.17:283][  0]LogRHI: Texture pool is 1361 MB (70% of 1945 MB)
[2017.08.10-10.52.17:407][  0]LogD3D11RHI: Async texture creation enabled
[2017.08.10-10.52.17:447][  0]LogD3D11RHI: GPU Timing Frequency: 1000.000000 (Debug: 2 1)
[2017.08.10-10.52.17:544][  0]LogShaderCompilers: Guid format shader working directory is -20 characters bigger than the processId version (../../../../../../Users/Toni.DESKTOP-EC9GL36/Documents/Unreal Projects/pangville/Intermediate/Shaders/WorkingDirectory/12524/).
[2017.08.10-10.52.17:544][  0]LogShaderCompilers: Cleaned the shader compiler working directory 'C:/Users/Toni.DESKTOP-EC9GL36/AppData/Local/Temp/UnrealShaderWorkingDir/847C75BB419B6581C0225B8445BAA777/'.
[2017.08.10-10.52.17:544][  0]LogShaderCompilers:Display: Using Local Shader Compiler.
[2017.08.10-10.52.22:235][  0]LogTemp:Display: Loaded TP AllDesktopTargetPlatform
[2017.08.10-10.52.22:419][  0]LogTemp:Display: Loaded TP MacClientTargetPlatform
[2017.08.10-10.52.22:525][  0]LogTemp:Display: Loaded TP MacNoEditorTargetPlatform
[2017.08.10-10.52.22:610][  0]LogTemp:Display: Loaded TP MacServerTargetPlatform
[2017.08.10-10.52.22:715][  0]LogTemp:Display: Loaded TP MacTargetPlatform
[2017.08.10-10.52.22:812][  0]LogTemp:Display: Loaded TP WindowsClientTargetPlatform
[2017.08.10-10.52.22:896][  0]LogTemp:Display: Loaded TP WindowsNoEditorTargetPlatform
[2017.08.10-10.52.23:053][  0]LogTemp:Display: Loaded TP WindowsServerTargetPlatform
[2017.08.10-10.52.23:139][  0]LogTemp:Display: Loaded TP WindowsTargetPlatform
[2017.08.10-10.52.23:229][  0]LogTemp:Display: Loaded TP AndroidTargetPlatform
[2017.08.10-10.52.23:316][  0]LogTemp:Display: Loaded TP Android_ASTCTargetPlatform
[2017.08.10-10.52.23:399][  0]LogTemp:Display: Loaded TP Android_ATCTargetPlatform
[2017.08.10-10.52.23:502][  0]LogTemp:Display: Loaded TP Android_DXTTargetPlatform
[2017.08.10-10.52.23:588][  0]LogTemp:Display: Loaded TP Android_ETC1TargetPlatform
[2017.08.10-10.52.23:697][  0]LogTemp:Display: Loaded TP Android_ETC2TargetPlatform
[2017.08.10-10.52.23:893][  0]LogTemp:Display: Loaded TP Android_MultiTargetPlatform
[2017.08.10-10.52.23:893][  0]LogTemp:Display: Loaded TP Android_PVRTCTargetPlatform
[2017.08.10-10.52.24:004][  0]LogTemp:Display: Loaded TP HTML5TargetPlatform
[2017.08.10-10.52.24:298][  0]LogTemp:Display: Loaded TP IOSTargetPlatform
[2017.08.10-10.52.24:371][  0]LogTemp:Display: Loaded TP TVOSTargetPlatform
[2017.08.10-10.52.24:499][  0]LogTemp:Display: Loaded TP LinuxClientTargetPlatform
[2017.08.10-10.52.24:634][  0]LogTemp:Display: Loaded TP LinuxNoEditorTargetPlatform
[2017.08.10-10.52.24:748][  0]LogTemp:Display: Loaded TP LinuxServerTargetPlatform
[2017.08.10-10.52.24:867][  0]LogTemp:Display: Loaded TP LinuxTargetPlatform
[2017.08.10-10.52.24:867][  0]LogTargetPlatformManager:Display: Building Assets For Windows
[2017.08.10-10.52.25:988][  0]LogDerivedDataCache:Display: Max Cache Size: 512 MB
[2017.08.10-10.52.26:531][  0]LogDerivedDataCache: Loaded boot cache 0.54s 90MB C:/Users/Toni.DESKTOP-EC9GL36/AppData/Local/UnrealEngine/4.16/DerivedDataCache/Boot.ddc.
[2017.08.10-10.52.26:531][  0]LogDerivedDataCache:Display: Loaded Boot cache: C:/Users/Toni.DESKTOP-EC9GL36/AppData/Local/UnrealEngine/4.16/DerivedDataCache/Boot.ddc
[2017.08.10-10.52.26:531][  0]LogDerivedDataCache: FDerivedDataBackendGraph:  Pak pak cache file ../../../../../../Users/Toni.DESKTOP-EC9GL36/Documents/Unreal Projects/pangville/DerivedDataCache/DDC.ddp not found, will not use a pak cache.
[2017.08.10-10.52.26:531][  0]LogDerivedDataCache: Unable to find inner node Pak for hierarchical cache Hierarchy.
[2017.08.10-10.52.26:531][  0]LogDerivedDataCache: FDerivedDataBackendGraph:  CompressedPak pak cache file ../../../../../../Users/Toni.DESKTOP-EC9GL36/Documents/Unreal Projects/pangville/DerivedDataCache/Compressed.ddp not found, will not use a pak cache.
[2017.08.10-10.52.26:531][  0]LogDerivedDataCache: Unable to find inner node CompressedPak for hierarchical cache Hierarchy.
[2017.08.10-10.52.26:563][  0]LogDerivedDataCache:Display: Pak cache opened for reading ../../../Engine/DerivedDataCache/Compressed.ddp.
[2017.08.10-10.52.26:576][  0]LogDerivedDataCache: Using Local data cache path C:/Users/Toni.DESKTOP-EC9GL36/AppData/Local/UnrealEngine/Common/DerivedDataCache: Writable
[2017.08.10-10.52.26:595][  0]LogMaterial: Verifying Global Shaders for PCD3D_SM5
[2017.08.10-10.52.26:600][  0]LogSlate: Using Freetype 2.6.0
[2017.08.10-10.52.26:660][  0]LogSlate: SlateFontCache - WITH_FREETYPE: 1, WITH_HARFBUZZ: 1
[2017.08.10-10.52.26:660][  0]LogSlate: SlateFontCache - WITH_FREETYPE: 1, WITH_HARFBUZZ: 1
[2017.08.10-10.52.28:124][  0]LogInit: Selected Device Profile: [Windows]
[2017.08.10-10.52.28:407][  0]LogContentStreaming: Texture pool size is 0.00 MB
[2017.08.10-10.52.28:831][  0]LogMeshUtilities: Using QuadricMeshReduction for automatic static mesh reduction
[2017.08.10-10.52.29:007][  0]LogSimplygon: Simplygon DLL not present - disabling.
[2017.08.10-10.52.29:149][  0]LogMeshUtilities: Using SimplygonSwarm for distributed automatic mesh merging
[2017.08.10-10.52.29:149][  0]LogMeshUtilities: No automatic skeletal mesh reduction module available
[2017.08.10-10.52.29:149][  0]LogMeshUtilities: No automatic mesh merging module available
[2017.08.10-10.52.31:494][  0]LogNetVersion: pangville , NetCL: 3452394, EngineNetVer: 2, GameNetVer: 0 (Checksum: 2355678359)
[2017.08.10-10.52.31:626][  0]LogAssetRegistry: FAssetRegistry took 0.0318 seconds to start up
[2017.08.10-10.52.31:739][  0]LogPackageLocalizationCache: Processed 4 localized package path(s) for 2 prioritized culture(s) in 0.060851 seconds
[2017.08.10-10.52.31:746][  0]LogUObjectArray: 34194 objects as part of root set at end of initial load.
[2017.08.10-10.52.31:746][  0]LogUObjectAllocator: 7260416 out of 0 bytes used by permanent object pool.
[2017.08.10-10.52.31:746][  0]LogUObjectArray: CloseDisregardForGC: 0/0 objects in disregard for GC pool
[2017.08.10-10.52.31:864][  0]LogInit: WinSock: version 1.1 (2.2), MaxSocks=32767, MaxUdp=65467
[2017.08.10-10.52.42:111][  0]LogTcpMessaging: Initializing TcpMessaging bridge
[2017.08.10-10.52.42:175][  0]LogUdpMessaging: Initializing bridge on interface 0.0.0.0:0 to multicast group 230.0.0.1:6666.
[2017.08.10-10.52.43:257][  0]LogMaterial: Uniform references updated for custom material expression Custom.
[2017.08.10-10.52.44:036][  0]SourceControl: Info Source control is disabled
[2017.08.10-10.52.48:116][  0]LogAndroidPermission: UAndroidPermissionCallbackProxy::GetInstance
[2017.08.10-10.52.49:265][  0]LogEngine: Initializing Engine...
[2017.08.10-10.52.49:268][  0]LogHMD: Failed to initialize OpenVR with code 110
[2017.08.10-10.52.49:854][  0]LogStats: UGameplayTagsManager::ConstructGameplayTagTree: Construct from data asset -  0.000 s
[2017.08.10-10.52.49:854][  0]LogStats: UGameplayTagsManager::ConstructGameplayTagTree: GameplayTagTreeChangedEvent.Broadcast -  0.000 s
[2017.08.10-10.52.50:121][  0]LogAIModule: Creating AISystem for world Untitled
[2017.08.10-10.52.50:161][  0]LogInit: XAudio2 using 'Speakers (Realtek High Definition Audio)' : 2 channels at 48 kHz using 32 bits per sample (channel mask 0x3)
[2017.08.10-10.52.50:215][  0]LogInit: FAudioDevice initialized.
[2017.08.10-10.52.50:308][  0]LogDerivedDataCache: Saved boot cache 0.09s 90MB C:/Users/Toni.DESKTOP-EC9GL36/AppData/Local/UnrealEngine/4.16/DerivedDataCache/Boot.ddc.
[2017.08.10-10.52.50:330][  0]LogInit: Texture streaming: Enabled
[2017.08.10-10.52.50:503][  0]LogEngineSessionManager: EngineSessionManager initialized
[2017.08.10-10.52.51:212][  0]LogInit: Transaction tracking system initialized
[2017.08.10-10.52.52:160][  0]BlueprintLog: New page: Editor Load
[2017.08.10-10.52.54:635][  0]LocalizationService: Info Localization service is disabled
[2017.08.10-10.52.56:163][  0]LogConsoleResponse:Display: 
[2017.08.10-10.52.56:697][  0]LogCook:Display: Max memory allowance for cook 16384mb min free memory 0mb
[2017.08.10-10.52.56:698][  0]LogCook:Display: Mobile HDR setting 1
[2017.08.10-10.52.56:987][  0]LogFileCache: Scanning file cache for directory 'C:/Users/Toni.DESKTOP-EC9GL36/Documents/Unreal Projects/pangville/Content/' took 0.14s
[2017.08.10-10.52.59:732][  0]Cmd: MAP LOAD FILE="../../../../../../Users/Toni.DESKTOP-EC9GL36/Documents/Unreal Projects/pangville/Content/SideScrollerBP/Maps/Level1.umap" TEMPLATE=0 SHOWPROGRESS=1 FEATURELEVEL=3
[2017.08.10-10.52.59:742][  0]LightingResults: New page: Lighting Build
[2017.08.10-10.52.59:826][  0]MapCheck: New page: Map Check
[2017.08.10-10.52.59:826][  0]LightingResults: New page: Lighting Build
[2017.08.10-10.53.01:401][  0]LogBlueprint:Warning: [Level1] 'Level1Score' variable not found. Base class was probably changed.
[2017.08.10-10.53.01:417][  0]LogBlueprint:Warning: [Level1] 'Level1Score' variable not found. Base class was probably changed.
[2017.08.10-10.53.02:073][  0]LogAIModule: Creating AISystem for world Level1
[2017.08.10-10.53.02:149][  0]LogEditorServer: Finished looking for orphan Actors (0.000 secs)
[2017.08.10-10.53.02:186][  0]Cmd: MAP CHECKDEP NOCLEARLOG
[2017.08.10-10.53.02:279][  0]MapCheck: Info Map check complete: 0 Error(s), 0 Warning(s), took 92.959ms to complete.
[2017.08.10-10.53.02:279][  0]LogFileHelpers: Loading map 'Level1' took 2.548
[2017.08.10-10.53.02:635][  0]LogCollectionManager: Loaded 0 collections in 0.002044 seconds
[2017.08.10-10.53.02:838][  0]LogFileCache: Scanning file cache for directory 'C:/Users/Toni.DESKTOP-EC9GL36/Documents/Unreal Projects/pangville/Saved/Collections/' took 0.01s
[2017.08.10-10.53.02:838][  0]LogFileCache: Scanning file cache for directory 'C:/Users/Toni.DESKTOP-EC9GL36/Documents/Unreal Projects/pangville/Content/Developers/Toni/Collections/' took 0.02s
[2017.08.10-10.53.02:838][  0]LogFileCache: Scanning file cache for directory 'C:/Users/Toni.DESKTOP-EC9GL36/Documents/Unreal Projects/pangville/Content/Collections/' took 0.01s
[2017.08.10-10.53.02:838][  0]LogCollectionManager: Rebuilt the GUID cache for 0 collections in 0.000002 seconds
[2017.08.10-10.53.02:852][  0]LogContentBrowser: Native class hierarchy populated in 0.0122 seconds. Added 2329 classes and 491 folders.
[2017.08.10-10.53.03:017][  0]LogContentBrowser: Native class hierarchy updated for 'WidgetCarousel' in 0.0007 seconds. Added 0 classes and 0 folders.
[2017.08.10-10.53.03:797][  0]LogContentBrowser: Native class hierarchy updated for 'AddContentDialog' in 0.0007 seconds. Added 0 classes and 0 folders.
[2017.08.10-10.53.03:920][  0]LogContentBrowser: Native class hierarchy updated for 'SceneOutliner' in 0.0009 seconds. Added 1 classes and 2 folders.
[2017.08.10-10.53.04:065][  0]LogCrashTracker: Crashtracker disabled due to settings.
[2017.08.10-10.53.04:124][  0]LogSlate: Took 0.033091 seconds to synchronously load lazily loaded font '../../../Engine/Content/Slate/Fonts/Roboto-Regular.ttf' (155K)
[2017.08.10-10.53.04:134][  0]LogSlate: Took 0.005624 seconds to synchronously load lazily loaded font '../../../Engine/Content/Slate/Fonts/Roboto-Bold.ttf' (160K)
[2017.08.10-10.53.04:154][  0]LogSlate: Took 0.006650 seconds to synchronously load lazily loaded font '../../../Engine/Content/Editor/Slate/Fonts/FontAwesome.ttf' (139K)
[2017.08.10-10.53.04:518][  0]LogRenderer: Reallocating scene render targets to support 1212x556 NumSamples 1 (Frame:1).
[2017.08.10-10.53.06:307][  0]LogUObjectGlobals:Warning: Failed to find object 'Class None.'
[2017.08.10-10.53.06:443][  0]LogContentBrowser: Native class hierarchy updated for 'HierarchicalLODOutliner' in 0.0007 seconds. Added 1 classes and 2 folders.
[2017.08.10-10.53.06:443][  0]LogLoad: (Engine Initialization) Total time: 64.76 seconds
[2017.08.10-10.53.06:443][  0]LogLoad: (Engine Initialization) Total Blueprint compile time: 0.52 seconds
[2017.08.10-10.53.06:444][  0]LogExternalProfiler: Found external profiler: VSPerf
[2017.08.10-10.53.06:444][  0]LogExternalProfiler: Using external profiler: VSPerf
[2017.08.10-10.53.06:852][  0]LogOcInput: OculusInput pre-init called
[2017.08.10-10.53.06:852][  0]LogHMD: Starting GearVRController plugin
[2017.08.10-10.53.06:903][  0]SourceControl: Info On branch master
[2017.08.10-10.53.06:903][  0]SourceControl: Info Your branch is up-to-date with 'origin/master'.
[2017.08.10-10.53.06:903][  0]SourceControl: Info Changes to be committed:
[2017.08.10-10.53.06:903][  0]SourceControl: Info   (use "git reset HEAD <file>..." to unstage)
[2017.08.10-10.53.06:903][  0]SourceControl: Info 	new file:   Content/SideScrollerBP/Blueprints/Balls/XtraSmallLeft1.uasset
[2017.08.10-10.53.06:903][  0]SourceControl: Info 	new file:   Content/SideScrollerBP/Blueprints/Balls/XtraSmallLeft_Child.uasset
[2017.08.10-10.53.06:903][  0]SourceControl: Info 	modified:   Content/SideScrollerBP/Maps/Level1.umap
[2017.08.10-10.53.06:903][  0]SourceControl: Info 	new file:   Content/SideScrollerBP/Maps/Level1_BuiltData.uasset
[2017.08.10-10.53.06:903][  0]SourceControl: Info 	modified:   Content/SideScrollerBP/Maps/Level3.umap
[2017.08.10-10.53.06:903][  0]SourceControl: Info 	new file:   Content/SideScrollerBP/Maps/Level3_2.umap
[2017.08.10-10.53.06:903][  0]SourceControl: Info 	new file:   Content/SideScrollerBP/New_assets/Box001.uasset
[2017.08.10-10.53.06:903][  0]SourceControl: Info 	new file:   Content/SideScrollerBP/New_assets/Box001Mat.uasset
[2017.08.10-10.53.06:904][  0]SourceControl: Info 	new file:   Content/SideScrollerBP/New_assets/FbxScene_superglass1.uasset
[2017.08.10-10.53.06:904][  0]SourceControl: Info 	new file:   Content/SideScrollerBP/New_assets/sda.uasset
[2017.08.10-10.53.06:904][  0]SourceControl: Info 	new file:   Content/SideScrollerBP/New_assets/sda_DM.uasset
[2017.08.10-10.53.06:904][  0]SourceControl: Info 	new file:   Content/SideScrollerBP/New_assets/superglass1.uasset
[2017.08.10-10.53.06:904][  0]SourceControl: Info 	new file:   Content/SideScrollerBP/New_assets/toni_mats/glass.uasset
[2017.08.10-10.53.06:904][  0]SourceControl: Info 	new file:   Content/SideScrollerBP/Sounds/new/new_pop1.uasset
[2017.08.10-10.53.06:904][  0]SourceControl: Info 	new file:   Content/SideScrollerBP/Sounds/new/new_pop2.uasset
[2017.08.10-10.53.06:904][  0]SourceControl: Info 	new file:   Content/SideScrollerBP/Sounds/new/new_pop3.uasset
[2017.08.10-10.53.06:904][  0]SourceControl: Info 	new file:   Content/SideScrollerBP/Sounds/new/new_pop4.uasset
[2017.08.10-10.53.06:904][  0]SourceControl: Info 	new file:   Content/SideScrollerBP/Sounds/new/powerup1.uasset
[2017.08.10-10.53.06:904][  0]SourceControl: Info Changes not staged for commit:
[2017.08.10-10.53.06:904][  0]SourceControl: Info   (use "git add/rm <file>..." to update what will be committed)
[2017.08.10-10.53.06:904][  0]SourceControl: Info   (use "git checkout -- <file>..." to discard changes in working directory)
[2017.08.10-10.53.06:904][  0]SourceControl: Info 	modified:   Config/DefaultEngine.ini
[2017.08.10-10.53.06:904][  0]SourceControl: Info 	modified:   Content/SideScrollerBP/Blueprints/Balls/BigBallLeft.uasset
[2017.08.10-10.53.06:904][  0]SourceControl: Info 	modified:   Content/SideScrollerBP/Blueprints/Balls/BigBallRight.uasset
[2017.08.10-10.53.06:904][  0]SourceControl: Info 	modified:   Content/SideScrollerBP/Blueprints/Balls/MediumBalRight.uasset
[2017.08.10-10.53.06:904][  0]SourceControl: Info 	modified:   Content/SideScrollerBP/Blueprints/Balls/MediumBallLeft.uasset
[2017.08.10-10.53.06:904][  0]SourceControl: Info 	modified:   Content/SideScrollerBP/Blueprints/Balls/XtraSmallLeft.uasset
[2017.08.10-10.53.06:904][  0]SourceControl: Info 	modified:   Content/SideScrollerBP/Blueprints/Balls/XtraSmallRight.uasset
[2017.08.10-10.53.06:904][  0]SourceControl: Info 	modified:   Content/SideScrollerBP/Blueprints/Blocks/GlassBlock_H1.uasset
[2017.08.10-10.53.06:904][  0]SourceControl: Info 	modified:   Content/SideScrollerBP/Blueprints/CameraFocusActor.uasset
[2017.08.10-10.53.06:904][  0]SourceControl: Info 	modified:   Content/SideScrollerBP/Blueprints/MachineGun.uasset
[2017.08.10-10.53.06:904][  0]SourceControl: Info 	modified:   Content/SideScrollerBP/Blueprints/PangInstance.uasset
[2017.08.10-10.53.06:904][  0]SourceControl: Info 	modified:   Content/SideScrollerBP/Blueprints/Players/Hero.uasset
[2017.08.10-10.53.06:904][  0]SourceControl: Info 	modified:   Content/SideScrollerBP/Blueprints/PowerUps/DoublePower.uasset
[2017.08.10-10.53.06:904][  0]SourceControl: Info 	modified:   Content/SideScrollerBP/Blueprints/PowerUps/TimePower.uasset
[2017.08.10-10.53.06:904][  0]SourceControl: Info 	modified:   Content/SideScrollerBP/Blueprints/RopeBullet.uasset
[2017.08.10-10.53.06:904][  0]SourceControl: Info 	modified:   Content/SideScrollerBP/Maps/Level1.umap
[2017.08.10-10.53.06:904][  0]SourceControl: Info 	deleted:    Content/SideScrollerBP/Maps/Level1_BuiltData.uasset
[2017.08.10-10.53.06:904][  0]SourceControl: Info 	modified:   Content/SideScrollerBP/Maps/Level2.umap
[2017.08.10-10.53.06:904][  0]SourceControl: Info 	modified:   Content/SideScrollerBP/Materials/Emision_Mat.uasset
[2017.08.10-10.53.06:904][  0]SourceControl: Info 	deleted:    Content/SideScrollerBP/New_assets/alarm clock.obj
[2017.08.10-10.53.06:904][  0]SourceControl: Info 	deleted:    Content/SideScrollerBP/New_assets/alarm_clock.uasset
[2017.08.10-10.53.06:904][  0]SourceControl: Info 	deleted:    Content/SideScrollerBP/New_assets/empty hourglass.fbx
[2017.08.10-10.53.06:904][  0]SourceControl: Info 	deleted:    Content/SideScrollerBP/New_assets/empty_hourglass.uasset
[2017.08.10-10.53.06:904][  0]SourceControl: Info 	modified:   Content/SideScrollerBP/New_assets/sda_DM.uasset
[2017.08.10-10.53.06:904][  0]SourceControl: Info 	modified:   Content/SideScrollerBP/Sounds/new/new_pop2.uasset
[2017.08.10-10.53.06:904][  0]SourceControl: Info 	modified:   Content/SideScrollerBP/Sounds/new/powerup1.uasset
[2017.08.10-10.53.06:905][  0]SourceControl: Info 	modified:   Intermediate/AssetRegistryCache/c90e3f55.bin
[2017.08.10-10.53.06:905][  0]SourceControl: Info 	modified:   Intermediate/CachedAssetRegistry.bin
[2017.08.10-10.53.06:905][  0]SourceControl: Info 	modified:   Intermediate/ReimportCache/3688439234.bin
[2017.08.10-10.53.06:905][  0]SourceControl: Info 	modified:   Saved/AutoScreenshot.png
[2017.08.10-10.53.06:905][  0]SourceControl: Info 	modified:   Saved/Autosaves/Game/SideScrollerBP/Blueprints/Balls/XtraSmallLeft_Auto1.uasset
[2017.08.10-10.53.06:905][  0]SourceControl: Info 	modified:   Saved/Autosaves/Game/SideScrollerBP/Blueprints/Balls/XtraSmallLeft_Auto5.uasset
[2017.08.10-10.53.06:905][  0]SourceControl: Info 	modified:   Saved/Autosaves/Game/SideScrollerBP/Blueprints/Blocks/GlassBlock_H1_Auto2.uasset
[2017.08.10-10.53.06:905][  0]SourceControl: Info 	modified:   Saved/Autosaves/Game/SideScrollerBP/Blueprints/Blocks/GlassBlock_H1_Auto3.uasset
[2017.08.10-10.53.06:905][  0]SourceControl: Info 	modified:   Saved/Autosaves/Game/SideScrollerBP/Blueprints/CameraFocusActor_Auto3.uasset
[2017.08.10-10.53.06:905][  0]SourceControl: Info 	modified:   Saved/Autosaves/Game/SideScrollerBP/Blueprints/PangInstance_Auto1.uasset
[2017.08.10-10.53.06:905][  0]SourceControl: Info 	modified:   Saved/Autosaves/Game/SideScrollerBP/Blueprints/Players/Hero_Auto3.uasset
[2017.08.10-10.53.06:905][  0]SourceControl: Info 	modified:   Saved/Autosaves/Game/SideScrollerBP/Blueprints/PowerUps/DoublePower_Auto6.uasset
[2017.08.10-10.53.06:905][  0]SourceControl: Info 	modified:   Saved/Autosaves/Game/SideScrollerBP/Blueprints/PowerUps/DoublePower_Auto7.uasset
[2017.08.10-10.53.06:905][  0]SourceControl: Info 	modified:   Saved/Autosaves/Game/SideScrollerBP/Blueprints/RopeBullet_Auto2.uasset
[2017.08.10-10.53.06:905][  0]SourceControl: Info 	modified:   Saved/Autosaves/Game/SideScrollerBP/Blueprints/RopeBullet_Auto3.uasset
[2017.08.10-10.53.06:905][  0]SourceControl: Info 	modified:   Saved/Autosaves/Game/SideScrollerBP/Blueprints/RopeBullet_Auto4.uasset
[2017.08.10-10.53.06:905][  0]SourceControl: Info 	modified:   Saved/Autosaves/Game/SideScrollerBP/Blueprints/RopeBullet_Auto8.uasset
[2017.08.10-10.53.06:905][  0]SourceControl: Info 	modified:   Saved/Autosaves/Game/SideScrollerBP/Maps/Level1_Auto1.umap
[2017.08.10-10.53.06:905][  0]SourceControl: Info 	modified:   Saved/Autosaves/Game/SideScrollerBP/Maps/Level1_Auto2.umap
[2017.08.10-10.53.06:905][  0]SourceControl: Info 	modified:   Saved/Autosaves/Game/SideScrollerBP/Maps/Level1_Auto3.umap
[2017.08.10-10.53.06:905][  0]SourceControl: Info 	modified:   Saved/Autosaves/Game/SideScrollerBP/Maps/Level1_Auto4.umap
[2017.08.10-10.53.06:905][  0]SourceControl: Info 	modified:   Saved/Autosaves/Game/SideScrollerBP/Maps/Level1_Auto5.umap
[2017.08.10-10.53.06:906][  0]SourceControl: Info 	modified:   Saved/Autosaves/Game/SideScrollerBP/Maps/Level1_Auto6.umap
[2017.08.10-10.53.06:906][  0]SourceControl: Info 	modified:   Saved/Autosaves/PackageRestoreData.json
[2017.08.10-10.53.06:906][  0]SourceControl: Info 	deleted:    Saved/Backup/Block1x5_2017-08-05-13-37-51.uasset
[2017.08.10-10.53.06:906][  0]SourceControl: Info 	deleted:    Saved/Backup/Block1x5_2017-08-05-14-10-29.uasset
[2017.08.10-10.53.06:906][  0]SourceControl: Info 	deleted:    Saved/Backup/Block1x5_2017-08-05-14-54-56.uasset
[2017.08.10-10.53.06:906][  0]SourceControl: Info 	deleted:    Saved/Backup/Block1x5_2017-08-05-16-06-20.uasset
[2017.08.10-10.53.06:906][  0]SourceControl: Info 	deleted:    Saved/Backup/CameraFocusActor_2017-08-05-11-53-51.uasset
[2017.08.10-10.53.06:906][  0]SourceControl: Info 	deleted:    Saved/Backup/CameraFocusActor_2017-08-05-12-08-31.uasset
[2017.08.10-10.53.06:906][  0]SourceControl: Info 	deleted:    Saved/Backup/CameraFocusActor_2017-08-05-12-19-13.uasset
[2017.08.10-10.53.06:906][  0]SourceControl: Info 	deleted:    Saved/Backup/CameraFocusActor_2017-08-06-06-52-45.uasset
[2017.08.10-10.53.06:906][  0]SourceControl: Info 	deleted:    Saved/Backup/GlassBlock_H1_2017-08-05-14-54-57.uasset
[2017.08.10-10.53.06:906][  0]SourceControl: Info 	deleted:    Saved/Backup/GlassBlock_H1_2017-08-05-15-07-30.uasset
[2017.08.10-10.53.06:906][  0]SourceControl: Info 	deleted:    Saved/Backup/GlassBlock_H1_2017-08-05-15-17-36.uasset
[2017.08.10-10.53.06:906][  0]SourceControl: Info 	deleted:    Saved/Backup/GlassBlock_H1_2017-08-05-16-06-21.uasset
[2017.08.10-10.53.06:906][  0]SourceControl: Info 	deleted:    Saved/Backup/GlassBlock_H1_2017-08-06-06-52-45.uasset
[2017.08.10-10.53.06:906][  0]SourceControl: Info 	deleted:    Saved/Backup/Hero_2017-08-05-11-53-51.uasset
[2017.08.10-10.53.06:906][  0]SourceControl: Info 	deleted:    Saved/Backup/Hero_2017-08-05-12-08-31.uasset
[2017.08.10-10.53.06:906][  0]SourceControl: Info 	deleted:    Saved/Backup/Hero_2017-08-05-12-19-14.uasset
[2017.08.10-10.53.06:906][  0]SourceControl: Info 	deleted:    Saved/Backup/Hero_2017-08-05-13-12-48.uasset
[2017.08.10-10.53.06:906][  0]SourceControl: Info 	deleted:    Saved/Backup/Hero_2017-08-05-13-37-51.uasset
[2017.08.10-10.53.06:906][  0]SourceControl: Info 	deleted:    Saved/Backup/Hero_2017-08-05-13-54-54.uasset
[2017.08.10-10.53.06:906][  0]SourceControl: Info 	deleted:    Saved/Backup/Hero_2017-08-05-14-10-29.uasset
[2017.08.10-10.53.06:906][  0]SourceControl: Info 	deleted:    Saved/Backup/Hero_2017-08-05-14-23-29.uasset
[2017.08.10-10.53.06:906][  0]SourceControl: Info 	deleted:    Saved/Backup/Hero_2017-08-05-14-35-25.uasset
[2017.08.10-10.53.06:906][  0]SourceControl: Info 	deleted:    Saved/Backup/Hero_2017-08-05-14-54-56.uasset
[2017.08.10-10.53.06:906][  0]SourceControl: Info 	deleted:    Saved/Backup/Hero_2017-08-05-16-06-20.uasset
[2017.08.10-10.53.06:906][  0]SourceControl: Info 	deleted:    Saved/Backup/Hero_2017-08-06-06-52-45.uasset
[2017.08.10-10.53.06:906][  0]SourceControl: Info 	deleted:    Saved/Backup/Level1_2017-08-05-14-23-28.umap
[2017.08.10-10.53.06:906][  0]SourceControl: Info 	deleted:    Saved/Backup/Level1_2017-08-05-14-35-24.umap
[2017.08.10-10.53.06:906][  0]SourceControl: Info 	deleted:    Saved/Backup/Level1_2017-08-05-14-42-28.umap
[2017.08.10-10.53.06:906][  0]SourceControl: Info 	deleted:    Saved/Backup/Level1_2017-08-05-14-54-55.umap
[2017.08.10-10.53.06:906][  0]SourceControl: Info 	deleted:    Saved/Backup/Level1_2017-08-05-15-07-29.umap
[2017.08.10-10.53.06:906][  0]SourceControl: Info 	deleted:    Saved/Backup/Level1_2017-08-05-15-17-35.umap
[2017.08.10-10.53.06:907][  0]SourceControl: Info 	deleted:    Saved/Backup/Level1_2017-08-05-15-35-23.umap
[2017.08.10-10.53.06:907][  0]SourceControl: Info 	deleted:    Saved/Backup/Level1_2017-08-05-15-45-42.umap
[2017.08.10-10.53.06:907][  0]SourceControl: Info 	deleted:    Saved/Backup/Level1_2017-08-05-15-56-18.umap
[2017.08.10-10.53.06:907][  0]SourceControl: Info 	deleted:    Saved/Backup/Level1_2017-08-05-16-06-19.umap
[2017.08.10-10.53.06:907][  0]SourceControl: Info 	deleted:    Saved/Backup/Level1_2017-08-06-05-35-54.umap
[2017.08.10-10.53.06:907][  0]SourceControl: Info 	deleted:    Saved/Backup/Level1_2017-08-06-06-38-29.umap
[2017.08.10-10.53.06:907][  0]SourceControl: Info 	deleted:    Saved/Backup/Level1_2017-08-06-06-52-44.umap
[2017.08.10-10.53.06:907][  0]SourceControl: Info 	deleted:    Saved/Backup/Level3_2017-08-05-11-53-50.umap
[2017.08.10-10.53.06:907][  0]SourceControl: Info 	deleted:    Saved/Backup/Level3_2017-08-05-12-08-31.umap
[2017.08.10-10.53.06:907][  0]SourceControl: Info 	deleted:    Saved/Backup/Level3_2017-08-05-12-19-13.umap
[2017.08.10-10.53.06:907][  0]SourceControl: Info 	deleted:    Saved/Backup/Level3_2017-08-05-13-12-47.umap
[2017.08.10-10.53.06:907][  0]SourceControl: Info 	deleted:    Saved/Backup/Level3_2017-08-05-13-25-35.umap
[2017.08.10-10.53.06:907][  0]SourceControl: Info 	deleted:    Saved/Backup/Level3_2017-08-05-13-44-53.umap
[2017.08.10-10.53.06:907][  0]SourceControl: Info 	deleted:    Saved/Backup/Level3_2017-08-05-14-10-22.umap
[2017.08.10-10.53.06:907][  0]SourceControl: Info 	deleted:    Saved/Backup/MachineGun_2017-08-06-06-52-45.uasset
[2017.08.10-10.53.06:907][  0]SourceControl: Info 	deleted:    Saved/Backup/RopeBullet_2017-08-05-11-53-51.uasset
[2017.08.10-10.53.06:907][  0]SourceControl: Info 	deleted:    Saved/Backup/RopeBullet_2017-08-05-12-08-31.uasset
[2017.08.10-10.53.06:907][  0]SourceControl: Info 	deleted:    Saved/Backup/RopeBullet_2017-08-05-12-19-14.uasset
[2017.08.10-10.53.06:907][  0]SourceControl: Info 	deleted:    Saved/Backup/RopeBullet_2017-08-05-12-54-04.uasset
[2017.08.10-10.53.06:907][  0]SourceControl: Info 	deleted:    Saved/Backup/RopeBullet_2017-08-05-13-12-48.uasset
[2017.08.10-10.53.06:907][  0]SourceControl: Info 	deleted:    Saved/Backup/RopeBullet_2017-08-05-13-37-51.uasset
[2017.08.10-10.53.06:907][  0]SourceControl: Info 	deleted:    Saved/Backup/RopeBullet_2017-08-05-13-54-54.uasset
[2017.08.10-10.53.06:907][  0]SourceControl: Info 	deleted:    Saved/Backup/RopeBullet_2017-08-05-14-10-29.uasset
[2017.08.10-10.53.06:907][  0]SourceControl: Info 	deleted:    Saved/Backup/RopeBullet_2017-08-05-14-54-57.uasset
[2017.08.10-10.53.06:907][  0]SourceControl: Info 	deleted:    Saved/Backup/RopeBullet_2017-08-05-16-06-20.uasset
[2017.08.10-10.53.06:907][  0]SourceControl: Info 	deleted:    Saved/Backup/RopeBullet_2017-08-06-06-52-45.uasset
[2017.08.10-10.53.06:907][  0]SourceControl: Info 	deleted:    Saved/Backup/XtraSmallLeft_2017-08-05-11-34-05.uasset
[2017.08.10-10.53.06:907][  0]SourceControl: Info 	deleted:    Saved/Backup/XtraSmallRight_2017-08-05-11-34-05.uasset
[2017.08.10-10.53.06:907][  0]SourceControl: Info 	deleted:    Saved/Config/CrashReportClient/UE4CC-Windows-0712F067446557332C7C34832A0DF4CA/CrashReportClient.ini
[2017.08.10-10.53.06:907][  0]SourceControl: Info 	deleted:    Saved/Config/CrashReportClient/UE4CC-Windows-11AA9EE044CC1C8552557A8F511A6DCA/CrashReportClient.ini
[2017.08.10-10.53.06:907][  0]SourceControl: Info 	deleted:    Saved/Config/CrashReportClient/UE4CC-Windows-C8F82B7E4BFE46E8390B22A6F719D3AA/CrashReportClient.ini
[2017.08.10-10.53.06:907][  0]SourceControl: Info 	deleted:    Saved/Config/CrashReportClient/UE4CC-Windows-CF595FF746E5A5FDB14E5386594C590F/CrashReportClient.ini
[2017.08.10-10.53.06:907][  0]SourceControl: Info 	deleted:    Saved/Config/CrashReportClient/UE4CC-Windows-F070E818476C6F3F1BBD21BF1424C210/CrashReportClient.ini
[2017.08.10-10.53.06:907][  0]SourceControl: Info 	modified:   Saved/Config/Windows/Editor.ini
[2017.08.10-10.53.06:907][  0]SourceControl: Info 	modified:   Saved/Config/Windows/EditorPerProjectUserSettings.ini
[2017.08.10-10.53.06:907][  0]SourceControl: Info 	deleted:    Saved/Logs/pangville-backup-2017.08.04-04.41.54.log
[2017.08.10-10.53.06:907][  0]SourceControl: Info 	deleted:    Saved/Logs/pangville-backup-2017.08.04-23.25.29.log
[2017.08.10-10.53.06:907][  0]SourceControl: Info 	deleted:    Saved/Logs/pangville-backup-2017.08.05-11.14.07.log
[2017.08.10-10.53.06:907][  0]SourceControl: Info 	deleted:    Saved/Logs/pangville-backup-2017.08.05-12.30.29.log
[2017.08.10-10.53.06:907][  0]SourceControl: Info 	deleted:    Saved/Logs/pangville-backup-2017.08.06-05.16.31.log
[2017.08.10-10.53.06:907][  0]SourceControl: Info 	deleted:    Saved/Logs/pangville-backup-2017.08.06-05.25.26.log
[2017.08.10-10.53.06:907][  0]SourceControl: Info 	modified:   Saved/Logs/pangville.log
[2017.08.10-10.53.06:907][  0]SourceControl: Info 	modified:   Saved/Logs/pangville_2.log
[2017.08.10-10.53.06:907][  0]SourceControl: Info Untracked files:
[2017.08.10-10.53.06:907][  0]SourceControl: Info   (use "git add <file>..." to include in what will be committed)
[2017.08.10-10.53.06:908][  0]SourceControl: Info 	Content/InfinityBladeEffects/
[2017.08.10-10.53.06:908][  0]SourceControl: Info 	Content/SideScrollerBP/Maps/asdasd/
[2017.08.10-10.53.06:908][  0]SourceControl: Info 	Content/SideScrollerBP/New_assets/sda.FBX
[2017.08.10-10.53.06:908][  0]SourceControl: Info 	Content/SideScrollerBP/New_assets/superglass1.obj
[2017.08.10-10.53.06:908][  0]SourceControl: Info 	Content/SideScrollerBP/Sounds/new/new_pop1.wav
[2017.08.10-10.53.06:908][  0]SourceControl: Info 	Content/SideScrollerBP/Sounds/new/new_pop2.wav
[2017.08.10-10.53.06:908][  0]SourceControl: Info 	Content/SideScrollerBP/Sounds/new/new_pop3.wav
[2017.08.10-10.53.06:908][  0]SourceControl: Info 	Content/SideScrollerBP/Sounds/new/new_pop4.wav
[2017.08.10-10.53.06:908][  0]SourceControl: Info 	Content/SideScrollerBP/Sounds/new/powerup1.wav
[2017.08.10-10.53.06:908][  0]SourceControl: Info 	Intermediate/CachedAssetRegistry - Copy.bin
[2017.08.10-10.53.06:908][  0]SourceControl: Info 	Saved/Autosaves/Engine/
[2017.08.10-10.53.06:908][  0]SourceControl: Info 	Saved/Autosaves/Game/SideScrollerBP/Blueprints/Balls/XtraSmallLeft_Child_Auto5.uasset
[2017.08.10-10.53.06:908][  0]SourceControl: Info 	Saved/Autosaves/Game/SideScrollerBP/Blueprints/Balls/XtraSmallRight_Auto7.uasset
[2017.08.10-10.53.06:908][  0]SourceControl: Info 	Saved/Autosaves/Game/SideScrollerBP/Blueprints/Blocks/GlassBlock_H1_Auto1.uasset
[2017.08.10-10.53.06:908][  0]SourceControl: Info 	Saved/Autosaves/Game/SideScrollerBP/Blueprints/MachineGun_Auto3.uasset
[2017.08.10-10.53.06:908][  0]SourceControl: Info 	Saved/Autosaves/Game/SideScrollerBP/Blueprints/PowerUps/TimePower_Auto1.uasset
[2017.08.10-10.53.06:908][  0]SourceControl: Info 	Saved/Autosaves/Game/SideScrollerBP/Maps/Level1_BuiltData_Auto4.uasset
[2017.08.10-10.53.06:908][  0]SourceControl: Info 	Saved/Autosaves/Game/SideScrollerBP/Maps/Level1_BuiltData_Auto6.uasset
[2017.08.10-10.53.06:908][  0]SourceControl: Info 	Saved/Autosaves/Game/SideScrollerBP/Materials/Emision_Mat_Auto5.uasset
[2017.08.10-10.53.06:908][  0]SourceControl: Info 	Saved/Autosaves/Game/SideScrollerBP/Materials/Emision_Mat_Auto6.uasset
[2017.08.10-10.53.06:908][  0]SourceControl: Info 	Saved/Autosaves/Game/SideScrollerBP/New_assets/
[2017.08.10-10.53.06:908][  0]SourceControl: Info 	Saved/Autosaves/Game/SideScrollerBP/Sounds/new/
[2017.08.10-10.53.06:908][  0]SourceControl: Info 	Saved/Backup/BigBallLeft_2017-08-06-13-20-50.uasset
[2017.08.10-10.53.06:908][  0]SourceControl: Info 	Saved/Backup/BigBallRight_2017-08-06-13-20-50.uasset
[2017.08.10-10.53.06:908][  0]SourceControl: Info 	Saved/Backup/DoublePower_2017-08-06-09-17-21.uasset
[2017.08.10-10.53.06:908][  0]SourceControl: Info 	Saved/Backup/DoublePower_2017-08-06-09-33-26.uasset
[2017.08.10-10.53.06:908][  0]SourceControl: Info 	Saved/Backup/DoublePower_2017-08-06-10-30-37.uasset
[2017.08.10-10.53.06:908][  0]SourceControl: Info 	Saved/Backup/Emision_Mat_2017-08-06-09-05-38.uasset
[2017.08.10-10.53.06:908][  0]SourceControl: Info 	Saved/Backup/Emision_Mat_2017-08-06-09-17-22.uasset
[2017.08.10-10.53.06:908][  0]SourceControl: Info 	Saved/Backup/Emision_Mat_2017-08-06-10-30-37.uasset
[2017.08.10-10.53.06:908][  0]SourceControl: Info 	Saved/Backup/GlassBlock_H1_2017-08-07-17-28-49.uasset
[2017.08.10-10.53.06:908][  0]SourceControl: Info 	Saved/Backup/GlassBlock_H1_2017-08-07-17-39-44.uasset
[2017.08.10-10.53.06:908][  0]SourceControl: Info 	Saved/Backup/GlassBlock_H1_2017-08-08-09-25-40.uasset
[2017.08.10-10.53.06:908][  0]SourceControl: Info 	Saved/Backup/GlassBlock_H1_2017-08-08-09-46-45.uasset
[2017.08.10-10.53.06:908][  0]SourceControl: Info 	Saved/Backup/Hero_2017-08-06-10-49-10.uasset
[2017.08.10-10.53.06:908][  0]SourceControl: Info 	Saved/Backup/Hero_2017-08-06-14-06-12.uasset
[2017.08.10-10.53.06:909][  0]SourceControl: Info 	Saved/Backup/Level1_2017-08-06-09-17-21.umap
[2017.08.10-10.53.06:909][  0]SourceControl: Info 	Saved/Backup/Level1_2017-08-06-09-23-26.umap
[2017.08.10-10.53.06:909][  0]SourceControl: Info 	Saved/Backup/Level1_2017-08-06-10-30-36.umap
[2017.08.10-10.53.06:909][  0]SourceControl: Info 	Saved/Backup/Level1_2017-08-06-13-22-55.umap
[2017.08.10-10.53.06:909][  0]SourceControl: Info 	Saved/Backup/Level1_2017-08-06-13-33-15.umap
[2017.08.10-10.53.06:909][  0]SourceControl: Info 	Saved/Backup/Level1_2017-08-06-13-51-28.umap
[2017.08.10-10.53.06:909][  0]SourceControl: Info 	Saved/Backup/Level1_2017-08-06-14-06-12.umap
[2017.08.10-10.53.06:909][  0]SourceControl: Info 	Saved/Backup/Level1_2017-08-06-14-11-35.umap
[2017.08.10-10.53.06:909][  0]SourceControl: Info 	Saved/Backup/Level1_2017-08-07-06-38-32.umap
[2017.08.10-10.53.06:909][  0]SourceControl: Info 	Saved/Backup/Level1_2017-08-07-06-51-52.umap
[2017.08.10-10.53.06:909][  0]SourceControl: Info 	Saved/Backup/Level1_2017-08-07-07-29-14.umap
[2017.08.10-10.53.06:909][  0]SourceControl: Info 	Saved/Backup/Level1_2017-08-07-17-28-47.umap
[2017.08.10-10.53.06:909][  0]SourceControl: Info 	Saved/Backup/Level1_2017-08-07-17-39-43.umap
[2017.08.10-10.53.06:909][  0]SourceControl: Info 	Saved/Backup/Level1_2017-08-07-17-53-44.umap
[2017.08.10-10.53.06:909][  0]SourceControl: Info 	Saved/Backup/Level1_2017-08-07-18-04-28.umap
[2017.08.10-10.53.06:909][  0]SourceControl: Info 	Saved/Backup/Level1_2017-08-08-09-25-39.umap
[2017.08.10-10.53.06:910][  0]SourceControl: Info 	Saved/Backup/Level1_2017-08-08-09-46-44.umap
[2017.08.10-10.53.06:910][  0]SourceControl: Info 	Saved/Backup/Level1_BuiltData_2017-08-06-13-22-56.uasset
[2017.08.10-10.53.06:910][  0]SourceControl: Info 	Saved/Backup/Level2_2017-08-06-10-39-25.umap
[2017.08.10-10.53.06:910][  0]SourceControl: Info 	Saved/Backup/Level2_2017-08-06-11-04-43.umap
[2017.08.10-10.53.06:910][  0]SourceControl: Info 	Saved/Backup/Level2_2017-08-06-13-17-25.umap
[2017.08.10-10.53.06:910][  0]SourceControl: Info 	Saved/Backup/Level2_2017-08-06-13-33-13.umap
[2017.08.10-10.53.06:910][  0]SourceControl: Info 	Saved/Backup/Level3_2017-08-06-13-21-38.umap
[2017.08.10-10.53.06:910][  0]SourceControl: Info 	Saved/Backup/MediumBalRight_2017-08-06-13-20-50.uasset
[2017.08.10-10.53.06:910][  0]SourceControl: Info 	Saved/Backup/MediumBallLeft_2017-08-06-13-20-50.uasset
[2017.08.10-10.53.06:910][  0]SourceControl: Info 	Saved/Backup/PangInstance_2017-08-06-13-43-23.uasset
[2017.08.10-10.53.06:910][  0]SourceControl: Info 	Saved/Backup/PangInstance_2017-08-06-13-51-29.uasset
[2017.08.10-10.53.06:910][  0]SourceControl: Info 	Saved/Backup/RopeBullet_2017-08-06-10-49-11.uasset
[2017.08.10-10.53.06:910][  0]SourceControl: Info 	Saved/Backup/RopeBullet_2017-08-06-11-04-42.uasset
[2017.08.10-10.53.06:910][  0]SourceControl: Info 	Saved/Backup/RopeBullet_2017-08-07-17-39-44.uasset
[2017.08.10-10.53.06:910][  0]SourceControl: Info 	Saved/Backup/RopeBullet_2017-08-07-17-53-44.uasset
[2017.08.10-10.53.06:910][  0]SourceControl: Info 	Saved/Backup/RopeBullet_2017-08-07-18-04-29.uasset
[2017.08.10-10.53.06:910][  0]SourceControl: Info 	Saved/Backup/TimePower_2017-08-06-13-43-23.uasset
[2017.08.10-10.53.06:910][  0]SourceControl: Info 	Saved/Backup/TimePower_2017-08-06-13-51-29.uasset
[2017.08.10-10.53.06:910][  0]SourceControl: Info 	Saved/Backup/XtraSmallLeft_2017-08-06-09-05-37.uasset
[2017.08.10-10.53.06:910][  0]SourceControl: Info 	Saved/Backup/XtraSmallLeft_2017-08-06-10-30-37.uasset
[2017.08.10-10.53.06:910][  0]SourceControl: Info 	Saved/Backup/XtraSmallLeft_2017-08-06-11-04-43.uasset
[2017.08.10-10.53.06:910][  0]SourceControl: Info 	Saved/Backup/XtraSmallRight_2017-08-06-09-33-26.uasset
[2017.08.10-10.53.06:910][  0]SourceControl: Info 	Saved/Backup/XtraSmallRight_2017-08-06-10-30-37.uasset
[2017.08.10-10.53.06:910][  0]SourceControl: Info 	Saved/Backup/XtraSmallRight_2017-08-06-11-04-43.uasset
[2017.08.10-10.53.06:910][  0]SourceControl: Info 	Saved/Backup/fup_2017-08-07-06-51-54.uasset
[2017.08.10-10.53.06:910][  0]SourceControl: Info 	Saved/Backup/new_pop2_2017-08-06-09-05-38.uasset
[2017.08.10-10.53.06:910][  0]SourceControl: Info 	Saved/Backup/new_pop2_2017-08-06-10-30-37.uasset
[2017.08.10-10.53.06:911][  0]SourceControl: Info 	Saved/Backup/powerup1_2017-08-06-09-33-26.uasset
[2017.08.10-10.53.06:911][  0]SourceControl: Info 	Saved/Backup/powerup1_2017-08-06-10-30-37.uasset
[2017.08.10-10.53.06:911][  0]SourceControl: Info 	Saved/Backup/sda_DM_2017-08-08-09-25-40.uasset
[2017.08.10-10.53.06:911][  0]SourceControl: Info 	Saved/Backup/sda_DM_2017-08-08-09-46-45.uasset
[2017.08.10-10.53.06:911][  0]SourceControl: Info 	Saved/Config/CrashReportClient/UE4CC-Windows-863DB2204D97E77924807B9E42754866/
[2017.08.10-10.53.06:911][  0]SourceControl: Info 	Saved/Crashes/UE4CC-Windows-1FDEFF9B4C20DDCE75C61390FB46D6B3_0000/
[2017.08.10-10.53.06:911][  0]SourceControl: Info 	Saved/Crashes/UE4CC-Windows-2F2855794218969641326A9505B0FEA9_0000/
[2017.08.10-10.53.06:911][  0]SourceControl: Info 	Saved/Crashes/UE4CC-Windows-6A0723224B61C700FA46C0BB7A37BEFA_0000/
[2017.08.10-10.53.06:911][  0]SourceControl: Info 	Saved/Crashes/UE4CC-Windows-79570F8A4A11D670B5B3C993D75385E7_0000/
[2017.08.10-10.53.06:911][  0]SourceControl: Info 	Saved/Crashes/UE4CC-Windows-79570F8A4A11D670B5B3C993D75385E7_0001/
[2017.08.10-10.53.06:911][  0]SourceControl: Info 	Saved/Crashes/UE4CC-Windows-B05D70D545DBF5D62A1BF7BB730C5A96_0000/
[2017.08.10-10.53.06:911][  0]SourceControl: Info 	Saved/Crashes/UE4CC-Windows-B8FBF0F148F7267CDDA9BFBEEC448CCA_0000/
[2017.08.10-10.53.06:911][  0]SourceControl: Info 	Saved/Crashes/UE4CC-Windows-BCE746544CEEEBDD7CFB42BDFB75F5C1_0000/
[2017.08.10-10.53.06:911][  0]SourceControl: Info 	Saved/Crashes/UE4CC-Windows-C0F90014401A7C5F2FABE2B2BF4283AA_0000/
[2017.08.10-10.53.06:911][  0]SourceControl: Info 	Saved/Crashes/UE4CC-Windows-E481EF814481F20E1B14BF9F2826C587_0000/
[2017.08.10-10.53.06:911][  0]SourceControl: Info 	Saved/Logs/pangville-backup-2017.08.06-14.02.52.log
[2017.08.10-10.53.06:911][  0]SourceControl: Info 	Saved/Logs/pangville-backup-2017.08.06-14.04.21.log
[2017.08.10-10.53.06:911][  0]SourceControl: Info 	Saved/Logs/pangville-backup-2017.08.06-14.05.00.log
[2017.08.10-10.53.06:911][  0]SourceControl: Info 	Saved/Logs/pangville-backup-2017.08.06-14.11.41.log
[2017.08.10-10.53.06:911][  0]SourceControl: Info 	Saved/Logs/pangville-backup-2017.08.07-06.19.32.log
[2017.08.10-10.53.06:911][  0]SourceControl: Info 	Saved/Logs/pangville-backup-2017.08.07-17.16.27.log
[2017.08.10-10.53.06:911][  0]SourceControl: Info 	Saved/Logs/pangville-backup-2017.08.08-09.12.28.log
[2017.08.10-10.53.06:911][  0]SourceControl: Info 	Saved/Logs/pangville-backup-2017.08.10-12.52.06.log
[2017.08.10-10.53.06:915][  0]LogContentStreaming: Texture pool size now 1000 MB
[2017.08.10-10.53.07:693][  0]LogSlate: Took 0.007902 seconds to synchronously load lazily loaded font '../../../Engine/Content/Slate/Fonts/Roboto-Light.ttf' (159K)
[2017.08.10-10.53.09:314][  4]LogAssetRegistry: Asset discovery search completed in 37.7102 seconds
[2017.08.10-10.53.09:330][  4]LogCollectionManager: Rebuilt the object cache for 0 collections in 0.000001 seconds (found 0 objects)
[2017.08.10-10.53.09:330][  4]LogCollectionManager: Fixed up redirectors for 0 collections in 0.000549 seconds (updated 0 objects)
[2017.08.10-10.54.41:098][382]LogTemp: Repeting last play command: Selected Viewport
[2017.08.10-10.54.41:271][382]LogBlueprintUserMessages: Early PlayInEditor Detection: Level '/Game/SideScrollerBP/Maps/Level1.Level1:PersistentLevel' has LevelScriptBlueprint '/Game/SideScrollerBP/Maps/Level1.Level1:PersistentLevel.Level1' with GeneratedClass '/Game/SideScrollerBP/Maps/Level1.Level1_C' with ClassGeneratedBy '/Game/SideScrollerBP/Maps/Level1.Level1:PersistentLevel.Level1'
[2017.08.10-10.54.41:272][382]LogPlayLevel: PlayLevel: No blueprints needed recompiling
[2017.08.10-10.54.41:277][382]PIE: New page: PIE session: Level1 (Aug 10, 2017, 2:54:41 PM)
[2017.08.10-10.54.41:278][382]LogPlayLevel: Creating play world package: /Game/SideScrollerBP/Maps/UEDPIE_0_Level1
[2017.08.10-10.54.41:320][382]LogPlayLevel: PIE: StaticDuplicateObject took: (0.042150s)
[2017.08.10-10.54.41:321][382]LogAIModule: Creating AISystem for world Level1
[2017.08.10-10.54.41:322][382]LogPlayLevel: PIE: World Init took: (0.001501s)
[2017.08.10-10.54.41:323][382]LogPlayLevel: PIE: Created PIE world by copying editor world from /Game/SideScrollerBP/Maps/Level1.Level1 to /Game/SideScrollerBP/Maps/UEDPIE_0_Level1.Level1 (0.044742s)
[2017.08.10-10.54.41:353][382]LogInit: XAudio2 using 'Speakers (Realtek High Definition Audio)' : 2 channels at 48 kHz using 32 bits per sample (channel mask 0x3)
[2017.08.10-10.54.41:368][382]LogInit: FAudioDevice initialized.
[2017.08.10-10.54.41:450][382]LogLoad: Game class is 'SideScrollerGameMode_C'
[2017.08.10-10.54.41:469][382]LogWorld: Bringing World /Game/SideScrollerBP/Maps/UEDPIE_0_Level1.Level1 up for play (max tick rate 0) at 2017.08.10-12.54.41
[2017.08.10-10.54.41:472][382]LogWorld: Bringing up level for play took: 0.013855
[2017.08.10-10.54.41:542][382]LogContentBrowser: Native class hierarchy updated for 'MovieSceneCapture' in 0.0007 seconds. Added 11 classes and 0 folders.
[2017.08.10-10.54.41:575][382]PIE: Info Play in editor start time for /Game/SideScrollerBP/Maps/UEDPIE_0_Level1 -0.611
[2017.08.10-10.54.41:575][382]LogBlueprintUserMessages: Late PlayInEditor Detection: Level '/Game/SideScrollerBP/Maps/Level1.Level1:PersistentLevel' has LevelScriptBlueprint '/Game/SideScrollerBP/Maps/Level1.Level1:PersistentLevel.Level1' with GeneratedClass '/Game/SideScrollerBP/Maps/Level1.Level1_C' with ClassGeneratedBy '/Game/SideScrollerBP/Maps/Level1.Level1:PersistentLevel.Level1'
[2017.08.10-10.54.43:089][387]LogBlueprintUserMessages: Early EndPlayMap Detection: Level '/Game/SideScrollerBP/Maps/Level1.Level1:PersistentLevel' has LevelScriptBlueprint '/Game/SideScrollerBP/Maps/Level1.Level1:PersistentLevel.Level1' with GeneratedClass '/Game/SideScrollerBP/Maps/Level1.Level1_C' with ClassGeneratedBy '/Game/SideScrollerBP/Maps/Level1.Level1:PersistentLevel.Level1'
[2017.08.10-10.54.43:125][387]LogBlueprintUserMessages: Late EndPlayMap Detection: Level '/Game/SideScrollerBP/Maps/Level1.Level1:PersistentLevel' has LevelScriptBlueprint '/Game/SideScrollerBP/Maps/Level1.Level1:PersistentLevel.Level1' with GeneratedClass '/Game/SideScrollerBP/Maps/Level1.Level1_C' with ClassGeneratedBy '/Game/SideScrollerBP/Maps/Level1.Level1:PersistentLevel.Level1'
[2017.08.10-10.56.44:249][705]LogTemp: Repeting last play command: Selected Viewport
[2017.08.10-10.56.44:949][705]LogBlueprintUserMessages: Early PlayInEditor Detection: Level '/Game/SideScrollerBP/Maps/Level1.Level1:PersistentLevel' has LevelScriptBlueprint '/Game/SideScrollerBP/Maps/Level1.Level1:PersistentLevel.Level1' with GeneratedClass '/Game/SideScrollerBP/Maps/Level1.Level1_C' with ClassGeneratedBy '/Game/SideScrollerBP/Maps/Level1.Level1:PersistentLevel.Level1'
[2017.08.10-10.56.44:949][705]LogPlayLevel: PlayLevel: No blueprints needed recompiling
[2017.08.10-10.56.44:950][705]PIE: New page: PIE session: Level1 (Aug 10, 2017, 2:56:44 PM)
[2017.08.10-10.56.44:950][705]LogPlayLevel: Creating play world package: /Game/SideScrollerBP/Maps/UEDPIE_0_Level1
[2017.08.10-10.56.44:982][705]LogPlayLevel: PIE: StaticDuplicateObject took: (0.032134s)
[2017.08.10-10.56.44:983][705]LogAIModule: Creating AISystem for world Level1
[2017.08.10-10.56.44:984][705]LogPlayLevel: PIE: World Init took: (0.001098s)
[2017.08.10-10.56.44:984][705]LogPlayLevel: PIE: Created PIE world by copying editor world from /Game/SideScrollerBP/Maps/Level1.Level1 to /Game/SideScrollerBP/Maps/UEDPIE_0_Level1.Level1 (0.033592s)
[2017.08.10-10.56.45:025][705]LogInit: XAudio2 using 'Speakers (Realtek High Definition Audio)' : 2 channels at 48 kHz using 32 bits per sample (channel mask 0x3)
[2017.08.10-10.56.45:102][705]LogInit: FAudioDevice initialized.
[2017.08.10-10.56.45:139][705]LogLoad: Game class is 'SideScrollerGameMode_C'
[2017.08.10-10.56.45:144][705]LogWorld: Bringing World /Game/SideScrollerBP/Maps/UEDPIE_0_Level1.Level1 up for play (max tick rate 0) at 2017.08.10-12.56.45
[2017.08.10-10.56.45:144][705]LogWorld: Bringing up level for play took: 0.003804
[2017.08.10-10.56.45:148][705]PIE: Info Play in editor start time for /Game/SideScrollerBP/Maps/UEDPIE_0_Level1 0.962
[2017.08.10-10.56.45:148][705]LogBlueprintUserMessages: Late PlayInEditor Detection: Level '/Game/SideScrollerBP/Maps/Level1.Level1:PersistentLevel' has LevelScriptBlueprint '/Game/SideScrollerBP/Maps/Level1.Level1:PersistentLevel.Level1' with GeneratedClass '/Game/SideScrollerBP/Maps/Level1.Level1_C' with ClassGeneratedBy '/Game/SideScrollerBP/Maps/Level1.Level1:PersistentLevel.Level1'
[2017.08.10-10.56.47:822][938]LogBlueprintUserMessages: [GlassBlock_H1_92] Hello
[2017.08.10-10.56.47:823][938]LogBlueprintUserMessages: [GlassBlock_H1_92] Hello
[2017.08.10-10.56.47:911][947]LogBlueprintUserMessages: [GlassBlock_H1_92] Hello
[2017.08.10-10.56.48:155][972]LogBlueprintUserMessages: [GlassBlock_H1_92] Hello
[2017.08.10-10.56.48:451][  1]LogBlueprintUserMessages: Early EndPlayMap Detection: Level '/Game/SideScrollerBP/Maps/Level1.Level1:PersistentLevel' has LevelScriptBlueprint '/Game/SideScrollerBP/Maps/Level1.Level1:PersistentLevel.Level1' with GeneratedClass '/Game/SideScrollerBP/Maps/Level1.Level1_C' with ClassGeneratedBy '/Game/SideScrollerBP/Maps/Level1.Level1:PersistentLevel.Level1'
[2017.08.10-10.56.48:486][  1]LogBlueprintUserMessages: Late EndPlayMap Detection: Level '/Game/SideScrollerBP/Maps/Level1.Level1:PersistentLevel' has LevelScriptBlueprint '/Game/SideScrollerBP/Maps/Level1.Level1:PersistentLevel.Level1' with GeneratedClass '/Game/SideScrollerBP/Maps/Level1.Level1_C' with ClassGeneratedBy '/Game/SideScrollerBP/Maps/Level1.Level1:PersistentLevel.Level1'
[2017.08.10-10.56.50:052][ 21]LogEditorViewport: Clicking on Actor (LMB): Block1x5_C (Block1x1_5)
[2017.08.10-10.56.50:133][ 21]LogEditorViewport: Clicking on Actor (LMB): GlassBlock_H1_C (GlassBlock_H1)
[2017.08.10-10.56.51:067][ 91]LogEditorViewport: Clicking on Actor (LMB): Block1x5_C (Block1x1_5)
[2017.08.10-10.56.52:175][177]Cmd: DELETE
[2017.08.10-10.56.52:175][177]Cmd: ACTOR DELETE
[2017.08.10-10.56.52:192][177]LogEditorActor: Deleted Actor: Block1x5_C
[2017.08.10-10.56.52:207][177]LogEditorActor: Deleted 1 Actors (0.026 secs)
[2017.08.10-10.56.54:430][351]LogTemp: Repeting last play command: Selected Viewport
[2017.08.10-10.56.54:497][351]LogBlueprintUserMessages: Early PlayInEditor Detection: Level '/Game/SideScrollerBP/Maps/Level1.Level1:PersistentLevel' has LevelScriptBlueprint '/Game/SideScrollerBP/Maps/Level1.Level1:PersistentLevel.Level1' with GeneratedClass '/Game/SideScrollerBP/Maps/Level1.Level1_C' with ClassGeneratedBy '/Game/SideScrollerBP/Maps/Level1.Level1:PersistentLevel.Level1'
[2017.08.10-10.56.54:497][351]LogPlayLevel: PlayLevel: No blueprints needed recompiling
[2017.08.10-10.56.54:497][351]PIE: New page: PIE session: Level1 (Aug 10, 2017, 2:56:54 PM)
[2017.08.10-10.56.54:498][351]LogPlayLevel: Creating play world package: /Game/SideScrollerBP/Maps/UEDPIE_0_Level1
[2017.08.10-10.56.54:532][351]LogPlayLevel: PIE: StaticDuplicateObject took: (0.034333s)
[2017.08.10-10.56.54:533][351]LogAIModule: Creating AISystem for world Level1
[2017.08.10-10.56.54:533][351]LogPlayLevel: PIE: World Init took: (0.001135s)
[2017.08.10-10.56.54:533][351]LogPlayLevel: PIE: Created PIE world by copying editor world from /Game/SideScrollerBP/Maps/Level1.Level1 to /Game/SideScrollerBP/Maps/UEDPIE_0_Level1.Level1 (0.035796s)
[2017.08.10-10.56.54:571][351]LogInit: XAudio2 using 'Speakers (Realtek High Definition Audio)' : 2 channels at 48 kHz using 32 bits per sample (channel mask 0x3)
[2017.08.10-10.56.54:596][351]LogInit: FAudioDevice initialized.
[2017.08.10-10.56.54:631][351]LogLoad: Game class is 'SideScrollerGameMode_C'
[2017.08.10-10.56.54:635][351]LogWorld: Bringing World /Game/SideScrollerBP/Maps/UEDPIE_0_Level1.Level1 up for play (max tick rate 0) at 2017.08.10-12.56.54
[2017.08.10-10.56.54:635][351]LogWorld: Bringing up level for play took: 0.003456
[2017.08.10-10.56.54:639][351]PIE: Info Play in editor start time for /Game/SideScrollerBP/Maps/UEDPIE_0_Level1 0.454
[2017.08.10-10.56.54:640][351]LogBlueprintUserMessages: Late PlayInEditor Detection: Level '/Game/SideScrollerBP/Maps/Level1.Level1:PersistentLevel' has LevelScriptBlueprint '/Game/SideScrollerBP/Maps/Level1.Level1:PersistentLevel.Level1' with GeneratedClass '/Game/SideScrollerBP/Maps/Level1.Level1_C' with ClassGeneratedBy '/Game/SideScrollerBP/Maps/Level1.Level1:PersistentLevel.Level1'
[2017.08.10-10.56.58:354][544]LogBlueprintUserMessages: [Hero_C_0] LIMIT reached
[2017.08.10-10.57.00:117][706]LogBlueprintUserMessages: [Hero_C_0] LIMIT reached
[2017.08.10-10.57.01:160][803]LogBlueprintUserMessages: Early EndPlayMap Detection: Level '/Game/SideScrollerBP/Maps/Level1.Level1:PersistentLevel' has LevelScriptBlueprint '/Game/SideScrollerBP/Maps/Level1.Level1:PersistentLevel.Level1' with GeneratedClass '/Game/SideScrollerBP/Maps/Level1.Level1_C' with ClassGeneratedBy '/Game/SideScrollerBP/Maps/Level1.Level1:PersistentLevel.Level1'
[2017.08.10-10.57.01:198][803]LogBlueprintUserMessages: Late EndPlayMap Detection: Level '/Game/SideScrollerBP/Maps/Level1.Level1:PersistentLevel' has LevelScriptBlueprint '/Game/SideScrollerBP/Maps/Level1.Level1:PersistentLevel.Level1' with GeneratedClass '/Game/SideScrollerBP/Maps/Level1.Level1_C' with ClassGeneratedBy '/Game/SideScrollerBP/Maps/Level1.Level1:PersistentLevel.Level1'
[2017.08.10-10.57.03:692][870]LogEditorViewport: Clicking on Actor (LMB): GlassBlock_H1_C (GlassBlock_H1)
[2017.08.10-10.57.06:283][ 54]LogTemp: Repeting last play command: Selected Viewport
[2017.08.10-10.57.06:320][ 54]LogBlueprintUserMessages: Early PlayInEditor Detection: Level '/Game/SideScrollerBP/Maps/Level1.Level1:PersistentLevel' has LevelScriptBlueprint '/Game/SideScrollerBP/Maps/Level1.Level1:PersistentLevel.Level1' with GeneratedClass '/Game/SideScrollerBP/Maps/Level1.Level1_C' with ClassGeneratedBy '/Game/SideScrollerBP/Maps/Level1.Level1:PersistentLevel.Level1'
[2017.08.10-10.57.06:320][ 54]LogPlayLevel: PlayLevel: No blueprints needed recompiling
[2017.08.10-10.57.06:320][ 54]PIE: New page: PIE session: Level1 (Aug 10, 2017, 2:57:06 PM)
[2017.08.10-10.57.06:321][ 54]LogPlayLevel: Creating play world package: /Game/SideScrollerBP/Maps/UEDPIE_0_Level1
[2017.08.10-10.57.06:351][ 54]LogPlayLevel: PIE: StaticDuplicateObject took: (0.030397s)
[2017.08.10-10.57.06:352][ 54]LogAIModule: Creating AISystem for world Level1
[2017.08.10-10.57.06:352][ 54]LogPlayLevel: PIE: World Init took: (0.000981s)
[2017.08.10-10.57.06:352][ 54]LogPlayLevel: PIE: Created PIE world by copying editor world from /Game/SideScrollerBP/Maps/Level1.Level1 to /Game/SideScrollerBP/Maps/UEDPIE_0_Level1.Level1 (0.031745s)
[2017.08.10-10.57.06:399][ 54]LogInit: XAudio2 using 'Speakers (Realtek High Definition Audio)' : 2 channels at 48 kHz using 32 bits per sample (channel mask 0x3)
[2017.08.10-10.57.06:424][ 54]LogInit: FAudioDevice initialized.
[2017.08.10-10.57.06:460][ 54]LogLoad: Game class is 'SideScrollerGameMode_C'
[2017.08.10-10.57.06:464][ 54]LogWorld: Bringing World /Game/SideScrollerBP/Maps/UEDPIE_0_Level1.Level1 up for play (max tick rate 0) at 2017.08.10-12.57.06
[2017.08.10-10.57.06:464][ 54]LogWorld: Bringing up level for play took: 0.003040
[2017.08.10-10.57.06:467][ 54]PIE: Info Play in editor start time for /Game/SideScrollerBP/Maps/UEDPIE_0_Level1 0.282
[2017.08.10-10.57.06:468][ 54]LogBlueprintUserMessages: Late PlayInEditor Detection: Level '/Game/SideScrollerBP/Maps/Level1.Level1:PersistentLevel' has LevelScriptBlueprint '/Game/SideScrollerBP/Maps/Level1.Level1:PersistentLevel.Level1' with GeneratedClass '/Game/SideScrollerBP/Maps/Level1.Level1_C' with ClassGeneratedBy '/Game/SideScrollerBP/Maps/Level1.Level1:PersistentLevel.Level1'
[2017.08.10-10.57.07:235][104]LogBlueprintUserMessages: [Hero_C_0] LIMIT reached
[2017.08.10-10.57.15:586][606]LogBlueprintUserMessages: [Hero_C_0] LIMIT reached
[2017.08.10-10.57.17:116][751]LogBlueprintUserMessages: [Hero_C_0] LIMIT reached
[2017.08.10-10.57.17:433][784]LogBlueprintUserMessages: [Hero_C_0] LIMIT reached
[2017.08.10-10.57.18:241][866]LogBlueprintUserMessages: Early EndPlayMap Detection: Level '/Game/SideScrollerBP/Maps/Level1.Level1:PersistentLevel' has LevelScriptBlueprint '/Game/SideScrollerBP/Maps/Level1.Level1:PersistentLevel.Level1' with GeneratedClass '/Game/SideScrollerBP/Maps/Level1.Level1_C' with ClassGeneratedBy '/Game/SideScrollerBP/Maps/Level1.Level1:PersistentLevel.Level1'
[2017.08.10-10.57.18:280][866]LogBlueprintUserMessages: Late EndPlayMap Detection: Level '/Game/SideScrollerBP/Maps/Level1.Level1:PersistentLevel' has LevelScriptBlueprint '/Game/SideScrollerBP/Maps/Level1.Level1:PersistentLevel.Level1' with GeneratedClass '/Game/SideScrollerBP/Maps/Level1.Level1_C' with ClassGeneratedBy '/Game/SideScrollerBP/Maps/Level1.Level1:PersistentLevel.Level1'
[2017.08.10-10.57.32:362][740]LogTemp: Repeting last play command: Selected Viewport
[2017.08.10-10.57.32:393][740]LogBlueprintUserMessages: Early PlayInEditor Detection: Level '/Game/SideScrollerBP/Maps/Level1.Level1:PersistentLevel' has LevelScriptBlueprint '/Game/SideScrollerBP/Maps/Level1.Level1:PersistentLevel.Level1' with GeneratedClass '/Game/SideScrollerBP/Maps/Level1.Level1_C' with ClassGeneratedBy '/Game/SideScrollerBP/Maps/Level1.Level1:PersistentLevel.Level1'
[2017.08.10-10.57.32:394][740]LogPlayLevel: PlayLevel: No blueprints needed recompiling
[2017.08.10-10.57.32:394][740]PIE: New page: PIE session: Level1 (Aug 10, 2017, 2:57:32 PM)
[2017.08.10-10.57.32:394][740]LogPlayLevel: Creating play world package: /Game/SideScrollerBP/Maps/UEDPIE_0_Level1
[2017.08.10-10.57.32:428][740]LogPlayLevel: PIE: StaticDuplicateObject took: (0.033497s)
[2017.08.10-10.57.32:429][740]LogAIModule: Creating AISystem for world Level1
[2017.08.10-10.57.32:430][740]LogPlayLevel: PIE: World Init took: (0.001707s)
[2017.08.10-10.57.32:430][740]LogPlayLevel: PIE: Created PIE world by copying editor world from /Game/SideScrollerBP/Maps/Level1.Level1 to /Game/SideScrollerBP/Maps/UEDPIE_0_Level1.Level1 (0.035610s)
[2017.08.10-10.57.32:460][740]LogInit: XAudio2 using 'Speakers (Realtek High Definition Audio)' : 2 channels at 48 kHz using 32 bits per sample (channel mask 0x3)
[2017.08.10-10.57.32:476][740]LogInit: FAudioDevice initialized.
[2017.08.10-10.57.32:514][740]LogLoad: Game class is 'SideScrollerGameMode_C'
[2017.08.10-10.57.32:519][740]LogWorld: Bringing World /Game/SideScrollerBP/Maps/UEDPIE_0_Level1.Level1 up for play (max tick rate 0) at 2017.08.10-12.57.32
[2017.08.10-10.57.32:519][740]LogWorld: Bringing up level for play took: 0.003396
[2017.08.10-10.57.32:523][740]PIE: Info Play in editor start time for /Game/SideScrollerBP/Maps/UEDPIE_0_Level1 0.337
[2017.08.10-10.57.32:523][740]LogBlueprintUserMessages: Late PlayInEditor Detection: Level '/Game/SideScrollerBP/Maps/Level1.Level1:PersistentLevel' has LevelScriptBlueprint '/Game/SideScrollerBP/Maps/Level1.Level1:PersistentLevel.Level1' with GeneratedClass '/Game/SideScrollerBP/Maps/Level1.Level1_C' with ClassGeneratedBy '/Game/SideScrollerBP/Maps/Level1.Level1:PersistentLevel.Level1'
[2017.08.10-10.57.33:080][790]LogScript:Warning: Attempted to access Cube via property Cube, but Cube is pending kill
	DoublePower_C /Game/SideScrollerBP/Maps/UEDPIE_0_Level1.Level1:PersistentLevel.DoublePower_170
	Function /Game/SideScrollerBP/Blueprints/PowerUps/DoublePower.DoublePower_C:ExecuteUbergraph_DoublePower:00B9
[2017.08.10-10.57.33:081][790]PIE:Error: Error Blueprint Runtime Error: Attempted to access Cube via property Cube, but Cube is pending kill from function: 'ExecuteUbergraph_DoublePower' from node: Play Sound at Location in graph: EventGraph in object: DoublePower with description: Attempted to access Cube via property Cube, but Cube is pending kill
[2017.08.10-10.57.33:081][790]LogScript:Warning: Attempted to access DoublePower_170 via property K2Node_Event_OtherActor, but DoublePower_170 is pending kill
	Hero_C /Game/SideScrollerBP/Maps/UEDPIE_0_Level1.Level1:PersistentLevel.Hero_C_0
	Function /Game/SideScrollerBP/Blueprints/Players/Hero.Hero_C:ExecuteUbergraph_Hero:050F
[2017.08.10-10.57.33:081][790]PIE:Error: Error Blueprint Runtime Error: Attempted to access DoublePower_170 via property K2Node_Event_OtherActor, but DoublePower_170 is pending kill from function: 'ExecuteUbergraph_Hero' from node: Branch in graph: EventGraph in object: Hero with description: Attempted to access DoublePower_170 via property K2Node_Event_OtherActor, but DoublePower_170 is pending kill
[2017.08.10-10.57.34:888][987]LogBlueprintUserMessages: [Hero_C_0] LIMIT reached
[2017.08.10-10.57.41:213][487]LogBlueprintUserMessages: [Hero_C_0] LIMIT reached
[2017.08.10-10.57.42:371][538]LogBlueprintUserMessages: [Hero_C_0] LIMIT reached
[2017.08.10-10.57.42:670][564]LogBlueprintUserMessages: [Hero_C_0] LIMIT reached
[2017.08.10-11.00.01:163][316]Set new viewmode: Wireframe
[2017.08.10-11.00.01:173][317]LogBlueprintUserMessages: Early EndPlayMap Detection: Level '/Game/SideScrollerBP/Maps/Level1.Level1:PersistentLevel' has LevelScriptBlueprint '/Game/SideScrollerBP/Maps/Level1.Level1:PersistentLevel.Level1' with GeneratedClass '/Game/SideScrollerBP/Maps/Level1.Level1_C' with ClassGeneratedBy '/Game/SideScrollerBP/Maps/Level1.Level1:PersistentLevel.Level1'
[2017.08.10-11.00.01:219][317]LogBlueprintUserMessages: Late EndPlayMap Detection: Level '/Game/SideScrollerBP/Maps/Level1.Level1:PersistentLevel' has LevelScriptBlueprint '/Game/SideScrollerBP/Maps/Level1.Level1:PersistentLevel.Level1' with GeneratedClass '/Game/SideScrollerBP/Maps/Level1.Level1_C' with ClassGeneratedBy '/Game/SideScrollerBP/Maps/Level1.Level1:PersistentLevel.Level1'
[2017.08.10-11.05.50:962][264]LogSlate: Took 0.058217 seconds to synchronously load lazily loaded font '../../../Engine/Content/Slate/Fonts/Roboto-Light.ttf' (159K)
[2017.08.10-11.06.00:085][286]LogSlate: Took 0.000194 seconds to synchronously load lazily loaded font '../../../Engine/Content/Slate/Fonts/Roboto-Light.ttf' (159K)
[2017.08.10-11.06.01:394][286]LogSlate: Took 0.005859 seconds to synchronously load lazily loaded font '../../../Engine/Content/Slate/Fonts/Roboto-Regular.ttf' (155K)
[2017.08.10-11.06.01:449][286]LogSavePackage: Save=1148.72ms
[2017.08.10-11.06.01:449][286]LogSavePackage: Moving '../../../../../../Users/Toni.DESKTOP-EC9GL36/Documents/Unreal Projects/pangville/Saved/Level1_Auto18962AB3A49ABCC211705449BCB3E082C.tmp' to '../../../../../../Users/Toni.DESKTOP-EC9GL36/Documents/Unreal Projects/pangville/Saved/Autosaves/Game/SideScrollerBP/Maps/Level1_Auto1.umap'
[2017.08.10-11.06.01:458][286]LogSavePackage:Display: Finished SavePackage ../../../../../../Users/Toni.DESKTOP-EC9GL36/Documents/Unreal Projects/pangville/Saved/Autosaves/Game/SideScrollerBP/Maps/Level1_Auto1.umap
[2017.08.10-11.06.01:471][286]LogFileHelpers: Editor autosave (incl. sublevels) for '/Game/SideScrollerBP/Maps/Level1' took 1.364
[2017.08.10-11.06.01:472][286]LogFileHelpers: Editor autosave (incl. sublevels) for all levels took 1.364
[2017.08.10-11.07.42:522][610]Cmd: QUIT_EDITOR
[2017.08.10-11.07.42:889][610]LogWindowsTextInputMethodSystem:Display: IME system now deactivated.
[2017.08.10-11.07.42:972][610]LogExit: Preparing to exit.
[2017.08.10-11.07.43:817][610]LogDirectoryWatcher: A directory notification for 'C:/Users/Toni.DESKTOP-EC9GL36/Documents/Unreal Projects/pangville/Content/' was aborted.
[2017.08.10-11.07.43:930][610]LogExit: Editor shut down
[2017.08.10-11.07.43:956][610]LogExit: Transaction tracking system shut down
[2017.08.10-11.07.45:211][610]LogObj: Freed 0b from 0 cluster array pools.
[2017.08.10-11.07.45:212][610]LogExit: Object subsystem successfully closed.
[2017.08.10-11.07.45:237][610]LogD3D11RHI: Shutdown
[2017.08.10-11.07.45:237][610]LogD3D11RHI: CleanupD3DDevice
[2017.08.10-11.07.45:468][610]LogD3D11RHI: ~FD3D11DynamicRHI
[2017.08.10-11.07.45:532][610]LogModuleManager: Shutting down and abandoning module MovieSceneCapture (526)
[2017.08.10-11.07.45:532][610]LogModuleManager: Shutting down and abandoning module HierarchicalLODOutliner (524)
[2017.08.10-11.07.45:533][610]LogModuleManager: Shutting down and abandoning module CrashTracker (522)
[2017.08.10-11.07.45:533][610]LogModuleManager: Shutting down and abandoning module SceneOutliner (520)
[2017.08.10-11.07.45:533][610]LogModuleManager: Shutting down and abandoning module AddContentDialog (518)
[2017.08.10-11.07.45:533][610]LogDirectoryWatcher: A directory notification for 'C:/Games/UE4/UE_4.16/FeaturePacks/' was aborted.
[2017.08.10-11.07.45:554][610]LogModuleManager: Shutting down and abandoning module WidgetCarousel (517)
[2017.08.10-11.07.45:554][610]LogModuleManager: Shutting down and abandoning module EditorWidgets (514)
[2017.08.10-11.07.45:554][610]LogModuleManager: Shutting down and abandoning module CollectionManager (512)
[2017.08.10-11.07.45:554][610]LogDirectoryWatcher: A directory notification for 'C:/Users/Toni.DESKTOP-EC9GL36/Documents/Unreal Projects/pangville/Content/Collections/' was aborted.
[2017.08.10-11.07.45:554][610]LogDirectoryWatcher: A directory notification for 'C:/Users/Toni.DESKTOP-EC9GL36/Documents/Unreal Projects/pangville/Content/Developers/Toni/Collections/' was aborted.
[2017.08.10-11.07.45:555][610]LogDirectoryWatcher: A directory notification for 'C:/Users/Toni.DESKTOP-EC9GL36/Documents/Unreal Projects/pangville/Saved/Collections/' was aborted.
[2017.08.10-11.07.45:555][610]LogModuleManager: Shutting down and abandoning module StatsViewer (510)
[2017.08.10-11.07.45:555][610]LogModuleManager: Shutting down and abandoning module FoliageEdit (508)
[2017.08.10-11.07.45:555][610]LogModuleManager: Shutting down and abandoning module LandscapeEditor (506)
[2017.08.10-11.07.45:556][610]LogModuleManager: Shutting down and abandoning module MeshPaintMode (504)
[2017.08.10-11.07.45:556][610]LogModuleManager: Shutting down and abandoning module SceneDepthPickerMode (502)
[2017.08.10-11.07.45:556][610]LogModuleManager: Shutting down and abandoning module ActorPickerMode (500)
[2017.08.10-11.07.45:556][610]LogModuleManager: Shutting down and abandoning module GeometryMode (498)
[2017.08.10-11.07.45:556][610]LogModuleManager: Shutting down and abandoning module TextureAlignMode (496)
[2017.08.10-11.07.45:556][610]LogModuleManager: Shutting down and abandoning module BspMode (494)
[2017.08.10-11.07.45:557][610]LogModuleManager: Shutting down and abandoning module HardwareSurvey (492)
[2017.08.10-11.07.45:557][610]LogModuleManager: Shutting down and abandoning module SequenceRecorderSections (490)
[2017.08.10-11.07.45:557][610]LogModuleManager: Shutting down and abandoning module AutomationWorker (488)
[2017.08.10-11.07.45:557][610]LogModuleManager: Shutting down and abandoning module MatineeToLevelSequence (486)
[2017.08.10-11.07.45:558][610]LogModuleManager: Shutting down and abandoning module LevelSequenceEditor (484)
[2017.08.10-11.07.45:562][610]LogModuleManager: Shutting down and abandoning module PlacementMode (483)
[2017.08.10-11.07.45:562][610]LogModuleManager: Shutting down and abandoning module WmfMediaFactory (480)
[2017.08.10-11.07.45:562][610]LogModuleManager: Shutting down and abandoning module WmfMediaEditor (478)
[2017.08.10-11.07.45:562][610]LogModuleManager: Shutting down and abandoning module AvfMediaFactory (476)
[2017.08.10-11.07.45:562][610]LogModuleManager: Shutting down and abandoning module AvfMediaEditor (474)
[2017.08.10-11.07.45:562][610]LogModuleManager: Shutting down and abandoning module AndroidMediaFactory (472)
[2017.08.10-11.07.45:562][610]LogModuleManager: Shutting down and abandoning module Media (471)
[2017.08.10-11.07.45:562][610]LogModuleManager: Shutting down and abandoning module AndroidMediaEditor (468)
[2017.08.10-11.07.45:562][610]LogModuleManager: Shutting down and abandoning module CharacterAI (466)
[2017.08.10-11.07.45:562][610]LogModuleManager: Shutting down and abandoning module AudioCapture (464)
[2017.08.10-11.07.45:563][610]LogModuleManager: Shutting down and abandoning module SequenceRecorder (463)
[2017.08.10-11.07.45:564][610]LogModuleManager: Shutting down and abandoning module SmartSnapping (460)
[2017.08.10-11.07.45:564][610]LogModuleManager: Shutting down and abandoning module SessionServices (458)
[2017.08.10-11.07.45:564][610]LogModuleManager: Shutting down and abandoning module ViewportSnapping (456)
[2017.08.10-11.07.45:564][610]LogModuleManager: Shutting down and abandoning module ViewportInteraction (454)
[2017.08.10-11.07.45:564][610]LogModuleManager: Shutting down and abandoning module ClothPainter (452)
[2017.08.10-11.07.45:568][610]LogModuleManager: Shutting down and abandoning module LogVisualizer (450)
[2017.08.10-11.07.45:569][610]LogModuleManager: Shutting down and abandoning module IntroTutorials (448)
[2017.08.10-11.07.45:570][610]LogModuleManager: Shutting down and abandoning module GameProjectGeneration (447)
[2017.08.10-11.07.45:571][610]LogModuleManager: Shutting down and abandoning module EditorLiveStreaming (444)
[2017.08.10-11.07.45:571][610]LogModuleManager: Shutting down and abandoning module IOSPlatformEditor (442)
[2017.08.10-11.07.45:572][610]LogModuleManager: Shutting down and abandoning module HTML5PlatformEditor (440)
[2017.08.10-11.07.45:572][610]LogModuleManager: Shutting down and abandoning module AndroidPlatformEditor (438)
[2017.08.10-11.07.45:572][610]LogModuleManager: Shutting down and abandoning module AndroidDeviceDetection (437)
[2017.08.10-11.07.46:570][610]LogModuleManager: Shutting down and abandoning module IOSRuntimeSettings (434)
[2017.08.10-11.07.46:570][610]LogModuleManager: Shutting down and abandoning module AndroidRuntimeSettings (432)
[2017.08.10-11.07.46:570][610]LogModuleManager: Shutting down and abandoning module InputBindingEditor (430)
[2017.08.10-11.07.46:571][610]LogModuleManager: Shutting down and abandoning module MergeActors (428)
[2017.08.10-11.07.46:571][610]LogModuleManager: Shutting down and abandoning module SizeMap (426)
[2017.08.10-11.07.46:571][610]LogModuleManager: Shutting down and abandoning module TreeMap (424)
[2017.08.10-11.07.46:571][610]LogModuleManager: Shutting down and abandoning module ReferenceViewer (422)
[2017.08.10-11.07.46:572][610]LogModuleManager: Shutting down and abandoning module LocalizationDashboard (420)
[2017.08.10-11.07.46:573][610]LogModuleManager: Shutting down and abandoning module LocalizationService (419)
[2017.08.10-11.07.46:574][610]LogModuleManager: Shutting down and abandoning module HardwareTargeting (416)
[2017.08.10-11.07.46:574][610]LogModuleManager: Shutting down and abandoning module DeviceProfileEditor (414)
[2017.08.10-11.07.46:574][610]LogModuleManager: Shutting down and abandoning module UndoHistory (412)
[2017.08.10-11.07.46:574][610]LogModuleManager: Shutting down and abandoning module UserFeedback (410)
[2017.08.10-11.07.46:574][610]LogModuleManager: Shutting down and abandoning module XmlParser (408)
[2017.08.10-11.07.46:574][610]LogModuleManager: Shutting down and abandoning module Blutility (406)
[2017.08.10-11.07.46:575][610]LogModuleManager: Shutting down and abandoning module ProjectSettingsViewer (404)
[2017.08.10-11.07.46:575][610]LogModuleManager: Shutting down and abandoning module ProjectTargetPlatformEditor (403)
[2017.08.10-11.07.46:575][610]LogModuleManager: Shutting down and abandoning module EditorSettingsViewer (400)
[2017.08.10-11.07.46:575][610]LogModuleManager: Shutting down and abandoning module SettingsEditor (398)
[2017.08.10-11.07.46:576][610]LogModuleManager: Shutting down and abandoning module ProjectLauncher (396)
[2017.08.10-11.07.46:576][610]LogModuleManager: Shutting down and abandoning module SessionFrontend (394)
[2017.08.10-11.07.46:577][610]LogModuleManager: Shutting down and abandoning module ProfilerClient (392)
[2017.08.10-11.07.46:578][610]LogModuleManager: Shutting down and abandoning module DeviceManager (390)
[2017.08.10-11.07.46:578][610]LogModuleManager: Shutting down and abandoning module TargetDeviceServices (389)
[2017.08.10-11.07.46:634][610]LogModuleManager: Shutting down and abandoning module AutomationController (386)
[2017.08.10-11.07.46:645][610]LogModuleManager: Shutting down and abandoning module AutomationWindow (384)
[2017.08.10-11.07.46:647][610]LogModuleManager: Shutting down and abandoning module Layers (382)
[2017.08.10-11.07.46:651][610]LogModuleManager: Shutting down and abandoning module ComponentVisualizers (380)
[2017.08.10-11.07.46:651][610]LogModuleManager: Shutting down and abandoning module DetailCustomizations (378)
[2017.08.10-11.07.46:651][610]LogModuleManager: Shutting down and abandoning module PackagesDialog (376)
[2017.08.10-11.07.46:652][610]LogModuleManager: Shutting down and abandoning module Persona (374)
[2017.08.10-11.07.46:656][610]LogModuleManager: Shutting down and abandoning module AdvancedPreviewScene (373)
[2017.08.10-11.07.46:656][610]LogModuleManager: Shutting down and abandoning module AnimGraph (371)
[2017.08.10-11.07.46:656][610]LogModuleManager: Shutting down and abandoning module Kismet (368)
[2017.08.10-11.07.46:658][610]LogModuleManager: Shutting down and abandoning module ClassViewer (366)
[2017.08.10-11.07.46:658][610]LogModuleManager: Shutting down and abandoning module Toolbox (364)
[2017.08.10-11.07.46:659][610]LogModuleManager: Shutting down and abandoning module ModuleUI (362)
[2017.08.10-11.07.46:660][610]LogModuleManager: Shutting down and abandoning module MovieSceneTools (360)
[2017.08.10-11.07.46:661][610]LogModuleManager: Shutting down and abandoning module OutputLog (358)
[2017.08.10-11.07.46:661][610]LogModuleManager: Shutting down and abandoning module GammaUI (356)
[2017.08.10-11.07.46:662][610]LogModuleManager: Shutting down and abandoning module Documentation (354)
[2017.08.10-11.07.46:662][610]LogModuleManager: Shutting down and abandoning module MovieSceneTracks (352)
[2017.08.10-11.07.46:662][610]LogModuleManager: Shutting down and abandoning module MovieScene (350)
[2017.08.10-11.07.46:662][610]LogModuleManager: Shutting down and abandoning module Niagara (348)
[2017.08.10-11.07.46:662][610]LogModuleManager: Shutting down and abandoning module NiagaraEditor (347)
[2017.08.10-11.07.46:676][610]LogModuleManager: Shutting down and abandoning module StreamingPauseRendering (344)
[2017.08.10-11.07.46:676][610]LogModuleManager: Shutting down and abandoning module AnalyticsET (342)
[2017.08.10-11.07.46:676][610]LogModuleManager: Shutting down and abandoning module PortalServices (340)
[2017.08.10-11.07.46:676][610]LogModuleManager: Shutting down and abandoning module PortalRpc (338)
[2017.08.10-11.07.46:676][610]LogModuleManager: Shutting down and abandoning module MessagingRpc (336)
[2017.08.10-11.07.46:676][610]LogModuleManager: Shutting down and abandoning module AIModule (334)
[2017.08.10-11.07.46:676][610]LogModuleManager: Shutting down and abandoning module GameplayDebugger (333)
[2017.08.10-11.07.46:676][610]LogModuleManager: Shutting down and abandoning module AITestSuite (331)
[2017.08.10-11.07.46:677][610]LogModuleManager: Shutting down and abandoning module ProfilerService (328)
[2017.08.10-11.07.46:684][610]LogModuleManager: Shutting down and abandoning module TaskGraph (326)
[2017.08.10-11.07.46:687][610]LogModuleManager: Shutting down and abandoning module SteamVRController (324)
[2017.08.10-11.07.46:687][610]LogModuleManager: Shutting down and abandoning module SteamVR (322)
[2017.08.10-11.07.46:687][610]LogModuleManager: Shutting down and abandoning module ProceduralMeshComponentEditor (320)
[2017.08.10-11.07.46:687][610]LogModuleManager: Shutting down and abandoning module ProceduralMeshComponent (318)
[2017.08.10-11.07.46:688][610]LogModuleManager: Shutting down and abandoning module OculusLibrary (316)
[2017.08.10-11.07.46:688][610]LogModuleManager: Shutting down and abandoning module OculusInput (314)
[2017.08.10-11.07.46:688][610]LogModuleManager: Shutting down and abandoning module MobilePatchingUtils (312)
[2017.08.10-11.07.46:688][610]LogModuleManager: Shutting down and abandoning module CustomMeshComponent (310)
[2017.08.10-11.07.46:688][610]LogModuleManager: Shutting down and abandoning module CableComponent (308)
[2017.08.10-11.07.46:689][610]LogModuleManager: Shutting down and abandoning module ArchVisCharacter (306)
[2017.08.10-11.07.46:689][610]LogModuleManager: Shutting down and abandoning module AndroidPermission (304)
[2017.08.10-11.07.46:689][610]LogModuleManager: Shutting down and abandoning module MediaPlayerEditor (300)
[2017.08.10-11.07.46:692][610]LogModuleManager: Shutting down and abandoning module HTML5Networking (298)
[2017.08.10-11.07.46:692][610]LogModuleManager: Shutting down and abandoning module AlembicImporter (296)
[2017.08.10-11.07.46:693][610]LogModuleManager: Shutting down and abandoning module AlembicLibrary (295)
[2017.08.10-11.07.46:693][610]LogModuleManager: Shutting down and abandoning module GeometryCache (294)
[2017.08.10-11.07.46:694][610]LogModuleManager: Shutting down and abandoning module GeometryCacheEd (293)
[2017.08.10-11.07.46:694][610]LogModuleManager: Shutting down and abandoning module SuperSearchEditor (288)
[2017.08.10-11.07.46:694][610]LogModuleManager: Shutting down and abandoning module SuperSearch (287)
[2017.08.10-11.07.46:694][610]LogModuleManager: Shutting down and abandoning module SpeedTreeImporter (284)
[2017.08.10-11.07.46:694][610]LogModuleManager: Shutting down and abandoning module PluginBrowser (282)
[2017.08.10-11.07.46:697][610]LogModuleManager: Shutting down and abandoning module MobileLauncherProfileWizard (280)
[2017.08.10-11.07.46:720][610]LogModuleManager: Shutting down and abandoning module VisualStudioSourceCodeAccess (278)
[2017.08.10-11.07.46:720][610]LogModuleManager: Shutting down and abandoning module DesktopPlatform (277)
[2017.08.10-11.07.46:720][610]LogModuleManager: Shutting down and abandoning module UObjectPlugin (274)
[2017.08.10-11.07.46:720][610]LogModuleManager: Shutting down and abandoning module SubversionSourceControl (272)
[2017.08.10-11.07.46:722][610]LogModuleManager: Shutting down and abandoning module PerforceSourceControl (270)
[2017.08.10-11.07.46:724][610]LogModuleManager: Shutting down and abandoning module GitSourceControl (268)
[2017.08.10-11.07.46:725][610]LogModuleManager: Shutting down and abandoning module SourceControl (267)
[2017.08.10-11.07.46:725][610]LogModuleManager: Shutting down and abandoning module LightPropagationVolumeEditor (264)
[2017.08.10-11.07.46:725][610]LogModuleManager: Shutting down and abandoning module PaperTiledImporter (262)
[2017.08.10-11.07.46:725][610]LogModuleManager: Shutting down and abandoning module PaperSpriteSheetImporter (260)
[2017.08.10-11.07.46:725][610]LogModuleManager: Shutting down and abandoning module Paper2DEditor (258)
[2017.08.10-11.07.46:726][610]LogModuleManager: Shutting down and abandoning module MeshPaint (257)
[2017.08.10-11.07.46:727][610]LogModuleManager: Shutting down and abandoning module LevelEditor (255)
[2017.08.10-11.07.46:730][610]LogModuleManager: Shutting down and abandoning module PixelInspectorModule (254)
[2017.08.10-11.07.46:756][610]LogModuleManager: Shutting down and abandoning module MainFrame (252)
[2017.08.10-11.07.46:761][610]LogModuleManager: Shutting down and abandoning module HotReload (251)
[2017.08.10-11.07.46:785][610]LogModuleManager: Shutting down and abandoning module PhysXVehiclesEditor (246)
[2017.08.10-11.07.46:786][610]LogModuleManager: Shutting down and abandoning module PhysXVehicles (244)
[2017.08.10-11.07.46:786][610]LogModuleManager: Shutting down and abandoning module LocationServicesBPLibrary (242)
[2017.08.10-11.07.46:786][610]LogModuleManager: Shutting down and abandoning module ImmediatePhysicsEditor (240)
[2017.08.10-11.07.46:786][610]LogModuleManager: Shutting down and abandoning module ImmediatePhysics (238)
[2017.08.10-11.07.46:786][610]LogModuleManager: Shutting down and abandoning module UdpMessaging (236)
[2017.08.10-11.07.46:907][610]LogModuleManager: Shutting down and abandoning module TcpMessaging (234)
[2017.08.10-11.07.47:008][610]LogModuleManager: Shutting down and abandoning module GameplayTagsEditor (232)
[2017.08.10-11.07.47:009][610]LogModuleManager: Shutting down and abandoning module FacialAnimationEditor (230)
[2017.08.10-11.07.47:009][610]LogModuleManager: Shutting down and abandoning module FacialAnimation (228)
[2017.08.10-11.07.47:009][610]LogModuleManager: Shutting down and abandoning module AssetManagerEditor (226)
[2017.08.10-11.07.47:010][610]LogModuleManager: Shutting down and abandoning module GraphEditor (225)
[2017.08.10-11.07.47:012][610]LogModuleManager: Shutting down and abandoning module ContentBrowser (223)
[2017.08.10-11.07.47:013][610]LogModuleManager: Shutting down and abandoning module LightPropagationVolumeRuntime (220)
[2017.08.10-11.07.47:013][610]LogModuleManager: Shutting down and abandoning module Paper2D (218)
[2017.08.10-11.07.47:013][610]LogModuleManager: Shutting down and abandoning module WindowsMoviePlayer (216)
[2017.08.10-11.07.47:013][610]LogModuleManager: Shutting down and abandoning module WmfMedia (214)
[2017.08.10-11.07.47:014][610]LogModuleManager: Shutting down and abandoning module ClothingSystemEditor (212)
[2017.08.10-11.07.47:014][610]LogModuleManager: Shutting down and abandoning module ClothingSystemRuntime (210)
[2017.08.10-11.07.47:015][610]LogModuleManager: Shutting down and abandoning module MediaAssets (208)
[2017.08.10-11.07.47:015][610]LogModuleManager: Shutting down and abandoning module GameLiveStreaming (206)
[2017.08.10-11.07.47:015][610]LogModuleManager: Shutting down and abandoning module VREditor (204)
[2017.08.10-11.07.47:015][610]LogModuleManager: Shutting down and abandoning module StringTableEditor (202)
[2017.08.10-11.07.47:016][610]LogModuleManager: Shutting down and abandoning module GameplayTasksEditor (200)
[2017.08.10-11.07.47:016][610]LogModuleManager: Shutting down and abandoning module BehaviorTreeEditor (198)
[2017.08.10-11.07.47:018][610]LogModuleManager: Shutting down and abandoning module FunctionalTesting (196)
[2017.08.10-11.07.47:018][610]LogModuleManager: Shutting down and abandoning module CollisionAnalyzer (194)
[2017.08.10-11.07.47:019][610]LogModuleManager: Shutting down and abandoning module UMG (192)
[2017.08.10-11.07.47:020][610]LogModuleManager: Shutting down and abandoning module UMGEditor (191)
[2017.08.10-11.07.47:021][610]LogModuleManager: Shutting down and abandoning module Sequencer (190)
[2017.08.10-11.07.47:022][610]LogModuleManager: Shutting down and abandoning module AssetTools (188)
[2017.08.10-11.07.47:025][610]LogModuleManager: Shutting down and abandoning module MessageLog (187)
[2017.08.10-11.07.47:026][610]LogModuleManager: Shutting down and abandoning module WorkspaceMenuStructure (186)
[2017.08.10-11.07.47:026][610]LogModuleManager: Shutting down and abandoning module SlateReflector (180)
[2017.08.10-11.07.47:027][610]LogModuleManager: Shutting down and abandoning module Slate (178)
[2017.08.10-11.07.47:027][610]LogModuleManager: Shutting down and abandoning module EditorStyle (176)
[2017.08.10-11.07.47:030][610]LogModuleManager: Shutting down and abandoning module SourceCodeAccess (174)
[2017.08.10-11.07.47:031][610]LogModuleManager: Shutting down and abandoning module HeadMountedDisplay (172)
[2017.08.10-11.07.47:031][610]LogModuleManager: Shutting down and abandoning module XAudio2 (170)
[2017.08.10-11.07.47:031][610]LogModuleManager: Shutting down and abandoning module Networking (168)
[2017.08.10-11.07.47:031][610]LogModuleManager: Shutting down and abandoning module Core (164)
[2017.08.10-11.07.47:031][610]LogModuleManager: Shutting down and abandoning module AssetRegistry (162)
[2017.08.10-11.07.47:475][610]LogDirectoryWatcher: A directory notification for '../../../Engine/Content/' was aborted.
[2017.08.10-11.07.47:475][610]LogDirectoryWatcher: A directory notification for '../../../../../../Users/Toni.DESKTOP-EC9GL36/Documents/Unreal Projects/pangville/Content/' was aborted.
[2017.08.10-11.07.47:475][610]LogDirectoryWatcher: A directory notification for '../../../Engine/Plugins/2D/Paper2D/Content/' was aborted.
[2017.08.10-11.07.47:492][610]LogDirectoryWatcher: A directory notification for '../../../Engine/Plugins/Runtime/GearVR/Content/' was aborted.
[2017.08.10-11.07.47:501][610]LogModuleManager: Shutting down and abandoning module DirectoryWatcher (161)
[2017.08.10-11.07.47:502][610]LogModuleManager: Shutting down and abandoning module KismetCompiler (158)
[2017.08.10-11.07.47:502][610]LogModuleManager: Shutting down and abandoning module LevelSequence (156)
[2017.08.10-11.07.47:502][610]LogModuleManager: Shutting down and abandoning module PhysXFormats (154)
[2017.08.10-11.07.47:502][610]LogModuleManager: Shutting down and abandoning module MeshUtilities (152)
[2017.08.10-11.07.47:504][610]LogModuleManager: Shutting down and abandoning module SimplygonSwarm (151)
[2017.08.10-11.07.47:505][610]LogModuleManager: Shutting down and abandoning module SimplygonMeshReduction (149)
[2017.08.10-11.07.47:506][610]LogModuleManager: Shutting down and abandoning module QuadricMeshReduction (147)
[2017.08.10-11.07.47:508][610]LogModuleManager: Shutting down and abandoning module DerivedDataCache (144)
[2017.08.10-11.07.47:575][610]LogDerivedDataCache: Shutdown
[2017.08.10-11.07.47:585][610]LogModuleManager: Shutting down and abandoning module TargetPlatform (142)
[2017.08.10-11.07.47:585][610]LogModuleManager: Shutting down and abandoning module VulkanShaderFormat (141)
[2017.08.10-11.07.47:593][610]LogModuleManager: Shutting down and abandoning module ShaderFormatVectorVM (139)
[2017.08.10-11.07.47:596][610]LogModuleManager: Shutting down and abandoning module ShaderFormatOpenGL (137)
[2017.08.10-11.07.47:599][610]LogModuleManager: Shutting down and abandoning module ShaderFormatD3D (135)
[2017.08.10-11.07.47:599][610]LogModuleManager: Shutting down and abandoning module MetalShaderFormat (133)
[2017.08.10-11.07.47:602][610]LogModuleManager: Shutting down and abandoning module TextureFormatUncompressed (131)
[2017.08.10-11.07.47:603][610]LogModuleManager: Shutting down and abandoning module TextureFormatPVR (129)
[2017.08.10-11.07.47:603][610]LogModuleManager: Shutting down and abandoning module TextureFormatDXT (127)
[2017.08.10-11.07.47:603][610]LogModuleManager: Shutting down and abandoning module TextureFormatIntelISPCTexComp (125)
[2017.08.10-11.07.47:604][610]LogModuleManager: Shutting down and abandoning module TextureFormatASTC (123)
[2017.08.10-11.07.47:604][610]LogModuleManager: Shutting down and abandoning module ImageWrapper (122)
[2017.08.10-11.07.47:604][610]LogModuleManager: Shutting down and abandoning module TextureFormatAndroid (119)
[2017.08.10-11.07.47:604][610]LogModuleManager: Shutting down and abandoning module AudioFormatOpus (117)
[2017.08.10-11.07.47:604][610]LogModuleManager: Shutting down and abandoning module AudioFormatOgg (115)
[2017.08.10-11.07.47:604][610]LogModuleManager: Shutting down and abandoning module AudioFormatADPCM (113)
[2017.08.10-11.07.47:604][610]LogModuleManager: Shutting down and abandoning module LinuxTargetPlatform (111)
[2017.08.10-11.07.47:604][610]LogModuleManager: Shutting down and abandoning module LinuxServerTargetPlatform (109)
[2017.08.10-11.07.47:604][610]LogModuleManager: Shutting down and abandoning module LinuxNoEditorTargetPlatform (107)
[2017.08.10-11.07.47:604][610]LogModuleManager: Shutting down and abandoning module LinuxClientTargetPlatform (105)
[2017.08.10-11.07.47:604][610]LogModuleManager: Shutting down and abandoning module TVOSTargetPlatform (103)
[2017.08.10-11.07.47:604][610]LogModuleManager: Shutting down and abandoning module Messaging (101)
[2017.08.10-11.07.47:604][610]LogModuleManager: Shutting down and abandoning module IOSTargetPlatform (99)
[2017.08.10-11.07.47:604][610]LogModuleManager: Shutting down and abandoning module HTML5TargetPlatform (97)
[2017.08.10-11.07.47:604][610]LogModuleManager: Shutting down and abandoning module Android_PVRTCTargetPlatform (95)
[2017.08.10-11.07.47:605][610]LogModuleManager: Shutting down and abandoning module Android_MultiTargetPlatform (93)
[2017.08.10-11.07.47:605][610]LogModuleManager: Shutting down and abandoning module Android_ETC2TargetPlatform (91)
[2017.08.10-11.07.47:606][610]LogModuleManager: Shutting down and abandoning module Android_ETC1TargetPlatform (89)
[2017.08.10-11.07.47:607][610]LogModuleManager: Shutting down and abandoning module Android_DXTTargetPlatform (87)
[2017.08.10-11.07.47:607][610]LogModuleManager: Shutting down and abandoning module Android_ATCTargetPlatform (85)
[2017.08.10-11.07.47:609][610]LogModuleManager: Shutting down and abandoning module Android_ASTCTargetPlatform (83)
[2017.08.10-11.07.47:609][610]LogModuleManager: Shutting down and abandoning module AndroidTargetPlatform (81)
[2017.08.10-11.07.47:609][610]LogModuleManager: Shutting down and abandoning module WindowsTargetPlatform (79)
[2017.08.10-11.07.47:609][610]LogModuleManager: Shutting down and abandoning module WindowsServerTargetPlatform (77)
[2017.08.10-11.07.47:609][610]LogModuleManager: Shutting down and abandoning module WindowsNoEditorTargetPlatform (75)
[2017.08.10-11.07.47:609][610]LogModuleManager: Shutting down and abandoning module WindowsClientTargetPlatform (73)
[2017.08.10-11.07.47:609][610]LogModuleManager: Shutting down and abandoning module MacTargetPlatform (71)
[2017.08.10-11.07.47:609][610]LogModuleManager: Shutting down and abandoning module MacServerTargetPlatform (69)
[2017.08.10-11.07.47:609][610]LogModuleManager: Shutting down and abandoning module MacNoEditorTargetPlatform (67)
[2017.08.10-11.07.47:609][610]LogModuleManager: Shutting down and abandoning module MacClientTargetPlatform (65)
[2017.08.10-11.07.47:609][610]LogModuleManager: Shutting down and abandoning module AllDesktopTargetPlatform (63)
[2017.08.10-11.07.47:609][610]LogModuleManager: Shutting down and abandoning module InputCore (60)
[2017.08.10-11.07.47:609][610]LogModuleManager: Shutting down and abandoning module Settings (58)
[2017.08.10-11.07.47:609][610]LogModuleManager: Shutting down and abandoning module OculusRift (56)
[2017.08.10-11.07.47:610][610]LogModuleManager: Shutting down and abandoning module GearVRController (54)
[2017.08.10-11.07.47:610][610]LogModuleManager: Shutting down and abandoning module GearVR (52)
[2017.08.10-11.07.47:611][610]LogModuleManager: Shutting down and abandoning module ExampleDeviceProfileSelector (50)
[2017.08.10-11.07.47:611][610]LogModuleManager: Shutting down and abandoning module OnlineBlueprintSupport (48)
[2017.08.10-11.07.47:611][610]LogModuleManager: Shutting down and abandoning module OnlineSubsystem (44)
[2017.08.10-11.07.47:611][610]LogOnline:Display: Unloading online subsystem: NULL
[2017.08.10-11.07.47:612][610]LogModuleManager: Shutting down and abandoning module XMPP (43)
[2017.08.10-11.07.47:615][610]LogModuleManager: Shutting down and abandoning module HTTP (41)
[2017.08.10-11.07.47:615][610]LogHttp:Display: Http module shutting down, but needs to wait on 1 outstanding Http requests:
[2017.08.10-11.07.47:619][610]LogHttp:Display: 	verb=[POST] url=[https://datarouter.ol.epicgames.com/datarouter/api/v1/public/data?SessionID=%7BBE95B784-4D0A-8431-0D8D-CCAEB89AD593%7D&AppID=UEEditor.Rocket.Release&AppVersion=4.16.2-3514769%2B%2B%2BUE4%2BRelease-4.16&UserID=5da4a2254d017bb36ffd67b4d02d2883%7Cbce1e967dcb64867b7d0299e3e63fc62%7Cc9de2e5d-d163-4b38-ba29-084ad4b7c711&AppEnvironment=datacollector-binary&UploadType=eteventstream] status=Processing
[2017.08.10-11.07.47:633][610]LogModuleManager: Shutting down and abandoning module SSL (40)
[2017.08.10-11.07.47:636][610]LogModuleManager: Shutting down and abandoning module HTTPChunkInstaller (36)
[2017.08.10-11.07.47:638][610]LogModuleManager: Shutting down and abandoning module AnimationModifiers (34)
[2017.08.10-11.07.47:639][610]LogModuleManager: Shutting down and abandoning module PropertyEditor (33)
[2017.08.10-11.07.47:639][610]LogModuleManager: Shutting down and abandoning module AudioEditor (30)
[2017.08.10-11.07.47:641][610]LogModuleManager: Shutting down and abandoning module TextureCompressor (28)
[2017.08.10-11.07.47:643][610]LogModuleManager: Shutting down and abandoning module ShaderCore (26)
[2017.08.10-11.07.47:643][610]LogModuleManager: Shutting down and abandoning module Landscape (24)
[2017.08.10-11.07.47:643][610]LogModuleManager: Shutting down and abandoning module SlateRHIRenderer (22)
[2017.08.10-11.07.47:647][610]LogModuleManager: Shutting down and abandoning module OpenGLDrv (20)
[2017.08.10-11.07.47:657][610]LogModuleManager: Shutting down and abandoning module D3D11RHI (18)
[2017.08.10-11.07.47:657][610]LogModuleManager: Shutting down and abandoning module AnimGraphRuntime (16)
[2017.08.10-11.07.47:658][610]LogModuleManager: Shutting down and abandoning module Renderer (14)
[2017.08.10-11.07.47:658][610]LogModuleManager: Shutting down and abandoning module Engine (12)
[2017.08.10-11.07.47:658][610]LogModuleManager: Shutting down and abandoning module CoreUObject (10)
[2017.08.10-11.07.47:658][610]LogModuleManager: Shutting down and abandoning module NetworkFile (8)
[2017.08.10-11.07.47:658][610]LogModuleManager: Shutting down and abandoning module StreamingFile (6)
[2017.08.10-11.07.47:658][610]LogModuleManager: Shutting down and abandoning module SandboxFile (4)
[2017.08.10-11.07.47:659][610]LogModuleManager: Shutting down and abandoning module PakFile (2)
[2017.08.10-11.07.47:665][610]LogExit: Exiting.
[2017.08.10-11.07.47:709][610]Log file closed, 08/10/17 13:07:47
