Log file open, 08/06/17 13:27:24
LogInit:Display: Running engine for game: pangville
LogPlatformFile: Not using cached read wrapper
LogInit:Display: RandInit(383656140) SRandInit(383656140).
LogTaskGraph: Started task graph with 5 named threads and 8 total threads with 1 sets of task threads.
LogStats: Stats thread started at 0.116286
LogInit: Using libcurl 7.47.1
LogInit:  - built for x86_64-pc-win32
LogInit:  - supports SSL with OpenSSL/1.0.2g
LogInit:  - supports HTTP deflate (compression) using libz 1.2.8
LogInit:  - other features:
LogInit:      CURL_VERSION_SSL
LogInit:      CURL_VERSION_LIBZ
LogInit:      CURL_VERSION_IPV6
LogInit:      CURL_VERSION_ASYNCHDNS
LogInit:      CURL_VERSION_LARGEFILE
LogInit:      CURL_VERSION_IDN
LogInit:  CurlRequestOptions (configurable via config and command line):
LogInit:  - bVerifyPeer = false  - Libcurl will NOT verify peer certificate
LogInit:  - bUseHttpProxy = false  - Libcurl will NOT use HTTP proxy
LogInit:  - bDontReuseConnections = false  - Libcurl will reuse connections
LogInit:  - CertBundlePath = nullptr  - Libcurl will use whatever was configured at build time.
LogInit: Build: ++UE4+Release-4.16-CL-3514769
LogInit: Engine Version: 4.16.2-3514769+++UE4+Release-4.16
LogInit: Compatible Engine Version: 4.16.0-3452394+++UE4+Release-4.16
LogInit: Net CL: 3452394
LogDevObjectVersion: Number of dev versions registered: 16
LogDevObjectVersion:   Dev-Blueprints (B0D832E4-1F89-4F0D-ACCF-7EB736FD4AA2): 9
LogDevObjectVersion:   Dev-Build (E1C64328-A22C-4D53-A36C-8E866417BD8C): 0
LogDevObjectVersion:   Dev-Core (375EC13C-06E4-48FB-B500-84F0262A717E): 2
LogDevObjectVersion:   Dev-Editor (E4B068ED-F494-42E9-A231-DA0B2E46BB41): 17
LogDevObjectVersion:   Dev-Framework (CFFC743F-43B0-4480-9391-14DF171D2073): 23
LogDevObjectVersion:   Dev-Mobile (B02B49B5-BB20-44E9-A304-32B752E40360): 0
LogDevObjectVersion:   Dev-Networking (A4E4105C-59A1-49B5-A7C5-40C4547EDFEE): 0
LogDevObjectVersion:   Dev-Online (39C831C9-5AE6-47DC-9A44-9C173E1C8E7C): 0
LogDevObjectVersion:   Dev-Physics (78F01B33-EBEA-4F98-B9B4-84EACCB95AA2): 0
LogDevObjectVersion:   Dev-Platform (6631380F-2D4D-43E0-8009-CF276956A95A): 0
LogDevObjectVersion:   Dev-Rendering (12F88B9F-8875-4AFC-A67C-D90C383ABD29): 15
LogDevObjectVersion:   Dev-Sequencer (7B5AE74C-D270-4C10-A958-57980B212A5A): 4
LogDevObjectVersion:   Dev-VR (D7296918-1DD6-4BDD-9DE2-64A83CC13884): 0
LogDevObjectVersion:   Dev-LoadTimes (C2A15278-BFE7-4AFE-6C17-90FF531DF755): 1
LogDevObjectVersion:   Private-Geometry (6EACA3D4-40EC-4CC1-B786-8BED09428FC5): 1
LogDevObjectVersion:   Dev-AnimPhys (29E575DD-E0A3-4627-9D10-D276232CDCEA): 3
LogInit: Compiled (64-bit): Jun 29 2017 02:03:24
LogInit: Compiled with Visual C++: 19.00.24215.01
LogInit: Build Configuration: Development
LogInit: Branch Name: ++UE4+Release-4.16
LogInit: Command line:  
LogInit: Base directory: C:/Games/UE4/UE_4.16/Engine/Binaries/Win64/
LogInit: Installed Engine Build: 1
LogInit: Presizing for max 8388607 objects, including 0 objects not considered by GC, pre-allocating 0 bytes for permanent pool.
LogInit: Object subsystem initialized
[2017.08.06-11.27.25:049][  0]LogInit: Selected Device Profile: [Windows]
[2017.08.06-11.27.25:049][  0]LogInit: Applying CVar settings loaded from the selected device profile: [Windows]
[2017.08.06-11.27.25:064][  0]LogInit: Computer: TONI10
[2017.08.06-11.27.25:064][  0]LogInit: User: Toni
[2017.08.06-11.27.25:064][  0]LogInit: CPU Page size=4096, Cores=4
[2017.08.06-11.27.25:064][  0]LogInit: High frequency timer resolution =3.214550 MHz
[2017.08.06-11.27.25:064][  0]LogMemory: Memory total: Physical=8.0GB (8GB approx)
[2017.08.06-11.27.25:064][  0]LogMemory: Platform Memory Stats for Windows
[2017.08.06-11.27.25:064][  0]LogMemory: Process Physical Memory: 273.51 MB used, 273.51 MB peak
[2017.08.06-11.27.25:064][  0]LogMemory: Process Virtual Memory: 270.61 MB used, 270.61 MB peak
[2017.08.06-11.27.25:064][  0]LogMemory: Physical Memory: 6208.99 MB used,  1947.88 MB free, 8156.88 MB total
[2017.08.06-11.27.25:064][  0]LogMemory: Virtual Memory: 647.54 MB used,  1947.88 MB free, 134217728.00 MB total
[2017.08.06-11.27.25:171][  0]LogInit: Using OS detected language (en-US).
[2017.08.06-11.27.25:171][  0]LogInit: Using OS detected locale (en-US).
[2017.08.06-11.27.25:176][  0]LogTextLocalizationManager: No specific localization for 'en-US' exists, so the 'en' localization will be used.
[2017.08.06-11.27.26:635][  0]LogD3D11RHI: D3D11 adapters:
[2017.08.06-11.27.26:677][  0]LogD3D11RHI:    0. 'NVIDIA GeForce GTX 760' (Feature Level 11_0)
[2017.08.06-11.27.26:677][  0]LogD3D11RHI:       2017/0/4078 MB DedicatedVideo/DedicatedSystem/SharedSystem, Outputs:2, VendorId:0x10de
[2017.08.06-11.27.26:678][  0]LogD3D11RHI:    1. 'Microsoft Basic Render Driver' (Feature Level 11_0)
[2017.08.06-11.27.26:678][  0]LogD3D11RHI:       0/0/4078 MB DedicatedVideo/DedicatedSystem/SharedSystem, Outputs:0, VendorId:0x1414
[2017.08.06-11.27.26:678][  0]LogD3D11RHI: Chosen D3D11 Adapter: 0
[2017.08.06-11.27.26:686][  0]LogD3D11RHI: Creating new Direct3DDevice
[2017.08.06-11.27.26:686][  0]LogD3D11RHI:     GPU DeviceId: 0x1187 (for the marketing name, search the web for "GPU Device Id")
[2017.08.06-11.27.26:686][  0]LogWindows: EnumDisplayDevices:
[2017.08.06-11.27.26:686][  0]LogWindows:    0. 'NVIDIA GeForce GTX 760' (P:0 D:1)
[2017.08.06-11.27.26:686][  0]LogWindows:    1. 'NVIDIA GeForce GTX 760' (P:1 D:1)
[2017.08.06-11.27.26:686][  0]LogWindows:    2. 'NVIDIA GeForce GTX 760' (P:0 D:0)
[2017.08.06-11.27.26:687][  0]LogWindows:    3. 'NVIDIA GeForce GTX 760' (P:0 D:0)
[2017.08.06-11.27.26:687][  0]LogWindows: DebugString: FoundDriverCount:4 
[2017.08.06-11.27.26:687][  0]LogD3D11RHI:     Adapter Name: NVIDIA GeForce GTX 760
[2017.08.06-11.27.26:687][  0]LogD3D11RHI:   Driver Version: 382.33 (internal:22.21.13.8233, unified:382.33)
[2017.08.06-11.27.26:687][  0]LogD3D11RHI:      Driver Date: 5-17-2017
[2017.08.06-11.27.26:687][  0]LogRHI: Texture pool is 1361 MB (70% of 1945 MB)
[2017.08.06-11.27.26:717][  0]LogD3D11RHI: Async texture creation enabled
[2017.08.06-11.27.26:732][  0]LogD3D11RHI: GPU Timing Frequency: 1000.000000 (Debug: 2 1)
[2017.08.06-11.27.26:784][  0]LogShaderCompilers: Guid format shader working directory is -19 characters bigger than the processId version (../../../../../../Users/Toni.DESKTOP-EC9GL36/Documents/Unreal Projects/pangville/Intermediate/Shaders/WorkingDirectory/5656/).
[2017.08.06-11.27.26:784][  0]LogShaderCompilers: Cleaned the shader compiler working directory 'C:/Users/Toni.DESKTOP-EC9GL36/AppData/Local/Temp/UnrealShaderWorkingDir/1EDE04874992A99833B40495F2612DC7/'.
[2017.08.06-11.27.26:784][  0]LogShaderCompilers:Display: Using Local Shader Compiler.
[2017.08.06-11.27.28:472][  0]LogTemp:Display: Loaded TP AllDesktopTargetPlatform
[2017.08.06-11.27.28:553][  0]LogTemp:Display: Loaded TP MacClientTargetPlatform
[2017.08.06-11.27.28:642][  0]LogTemp:Display: Loaded TP MacNoEditorTargetPlatform
[2017.08.06-11.27.28:718][  0]LogTemp:Display: Loaded TP MacServerTargetPlatform
[2017.08.06-11.27.28:793][  0]LogTemp:Display: Loaded TP MacTargetPlatform
[2017.08.06-11.27.28:867][  0]LogTemp:Display: Loaded TP WindowsClientTargetPlatform
[2017.08.06-11.27.28:946][  0]LogTemp:Display: Loaded TP WindowsNoEditorTargetPlatform
[2017.08.06-11.27.29:018][  0]LogTemp:Display: Loaded TP WindowsServerTargetPlatform
[2017.08.06-11.27.29:083][  0]LogTemp:Display: Loaded TP WindowsTargetPlatform
[2017.08.06-11.27.29:159][  0]LogTemp:Display: Loaded TP AndroidTargetPlatform
[2017.08.06-11.27.29:230][  0]LogTemp:Display: Loaded TP Android_ASTCTargetPlatform
[2017.08.06-11.27.29:308][  0]LogTemp:Display: Loaded TP Android_ATCTargetPlatform
[2017.08.06-11.27.29:381][  0]LogTemp:Display: Loaded TP Android_DXTTargetPlatform
[2017.08.06-11.27.29:460][  0]LogTemp:Display: Loaded TP Android_ETC1TargetPlatform
[2017.08.06-11.27.29:535][  0]LogTemp:Display: Loaded TP Android_ETC2TargetPlatform
[2017.08.06-11.27.29:683][  0]LogTemp:Display: Loaded TP Android_MultiTargetPlatform
[2017.08.06-11.27.29:683][  0]LogTemp:Display: Loaded TP Android_PVRTCTargetPlatform
[2017.08.06-11.27.29:743][  0]LogTemp:Display: Loaded TP HTML5TargetPlatform
[2017.08.06-11.27.29:886][  0]LogTemp:Display: Loaded TP IOSTargetPlatform
[2017.08.06-11.27.29:929][  0]LogTemp:Display: Loaded TP TVOSTargetPlatform
[2017.08.06-11.27.30:007][  0]LogTemp:Display: Loaded TP LinuxClientTargetPlatform
[2017.08.06-11.27.30:092][  0]LogTemp:Display: Loaded TP LinuxNoEditorTargetPlatform
[2017.08.06-11.27.30:161][  0]LogTemp:Display: Loaded TP LinuxServerTargetPlatform
[2017.08.06-11.27.30:242][  0]LogTemp:Display: Loaded TP LinuxTargetPlatform
[2017.08.06-11.27.30:242][  0]LogTargetPlatformManager:Display: Building Assets For Windows
[2017.08.06-11.27.31:031][  0]LogDerivedDataCache:Display: Max Cache Size: 512 MB
[2017.08.06-11.27.31:221][  0]LogDerivedDataCache: Loaded boot cache 0.19s 90MB C:/Users/Toni.DESKTOP-EC9GL36/AppData/Local/UnrealEngine/4.16/DerivedDataCache/Boot.ddc.
[2017.08.06-11.27.31:222][  0]LogDerivedDataCache:Display: Loaded Boot cache: C:/Users/Toni.DESKTOP-EC9GL36/AppData/Local/UnrealEngine/4.16/DerivedDataCache/Boot.ddc
[2017.08.06-11.27.31:222][  0]LogDerivedDataCache: FDerivedDataBackendGraph:  Pak pak cache file ../../../../../../Users/Toni.DESKTOP-EC9GL36/Documents/Unreal Projects/pangville/DerivedDataCache/DDC.ddp not found, will not use a pak cache.
[2017.08.06-11.27.31:222][  0]LogDerivedDataCache: Unable to find inner node Pak for hierarchical cache Hierarchy.
[2017.08.06-11.27.31:222][  0]LogDerivedDataCache: FDerivedDataBackendGraph:  CompressedPak pak cache file ../../../../../../Users/Toni.DESKTOP-EC9GL36/Documents/Unreal Projects/pangville/DerivedDataCache/Compressed.ddp not found, will not use a pak cache.
[2017.08.06-11.27.31:222][  0]LogDerivedDataCache: Unable to find inner node CompressedPak for hierarchical cache Hierarchy.
[2017.08.06-11.27.31:242][  0]LogDerivedDataCache:Display: Pak cache opened for reading ../../../Engine/DerivedDataCache/Compressed.ddp.
[2017.08.06-11.27.31:255][  0]LogDerivedDataCache: Using Local data cache path C:/Users/Toni.DESKTOP-EC9GL36/AppData/Local/UnrealEngine/Common/DerivedDataCache: Writable
[2017.08.06-11.27.31:270][  0]LogMaterial: Verifying Global Shaders for PCD3D_SM5
[2017.08.06-11.27.31:270][  0]LogSlate: Using Freetype 2.6.0
[2017.08.06-11.27.31:271][  0]LogSlate: SlateFontCache - WITH_FREETYPE: 1, WITH_HARFBUZZ: 1
[2017.08.06-11.27.31:271][  0]LogSlate: SlateFontCache - WITH_FREETYPE: 1, WITH_HARFBUZZ: 1
[2017.08.06-11.27.31:763][  0]LogInit: Selected Device Profile: [Windows]
[2017.08.06-11.27.31:900][  0]LogContentStreaming: Texture pool size is 0.00 MB
[2017.08.06-11.27.32:137][  0]LogMeshUtilities: Using QuadricMeshReduction for automatic static mesh reduction
[2017.08.06-11.27.32:206][  0]LogSimplygon: Simplygon DLL not present - disabling.
[2017.08.06-11.27.32:277][  0]LogMeshUtilities: Using SimplygonSwarm for distributed automatic mesh merging
[2017.08.06-11.27.32:277][  0]LogMeshUtilities: No automatic skeletal mesh reduction module available
[2017.08.06-11.27.32:277][  0]LogMeshUtilities: No automatic mesh merging module available
[2017.08.06-11.27.33:209][  0]LogNetVersion: pangville , NetCL: 3452394, EngineNetVer: 2, GameNetVer: 0 (Checksum: 2355678359)
[2017.08.06-11.27.33:291][  0]LogAssetRegistry: FAssetRegistry took 0.0275 seconds to start up
[2017.08.06-11.27.33:414][  0]LogPackageLocalizationCache: Processed 4 localized package path(s) for 2 prioritized culture(s) in 0.079594 seconds
[2017.08.06-11.27.33:423][  0]LogUObjectArray: 34194 objects as part of root set at end of initial load.
[2017.08.06-11.27.33:423][  0]LogUObjectAllocator: 7260416 out of 0 bytes used by permanent object pool.
[2017.08.06-11.27.33:423][  0]LogUObjectArray: CloseDisregardForGC: 0/0 objects in disregard for GC pool
[2017.08.06-11.27.33:534][  0]LogInit: WinSock: version 1.1 (2.2), MaxSocks=32767, MaxUdp=65467
[2017.08.06-11.27.38:133][  0]LogTcpMessaging: Initializing TcpMessaging bridge
[2017.08.06-11.27.38:213][  0]LogUdpMessaging: Initializing bridge on interface 0.0.0.0:0 to multicast group 230.0.0.1:6666.
[2017.08.06-11.27.39:118][  0]LogMaterial: Uniform references updated for custom material expression Custom.
[2017.08.06-11.27.40:021][  0]SourceControl: Info Source control is disabled
[2017.08.06-11.27.42:377][  0]LogAndroidPermission: UAndroidPermissionCallbackProxy::GetInstance
[2017.08.06-11.27.43:406][  0]LogEngine: Initializing Engine...
[2017.08.06-11.27.43:407][  0]LogHMD: Failed to initialize OpenVR with code 110
[2017.08.06-11.27.43:805][  0]LogStats: UGameplayTagsManager::ConstructGameplayTagTree: Construct from data asset -  0.000 s
[2017.08.06-11.27.43:805][  0]LogStats: UGameplayTagsManager::ConstructGameplayTagTree: GameplayTagTreeChangedEvent.Broadcast -  0.000 s
[2017.08.06-11.27.44:059][  0]LogAIModule: Creating AISystem for world Untitled
[2017.08.06-11.27.44:081][  0]LogInit: XAudio2 using 'Speakers (Realtek High Definition Audio)' : 2 channels at 48 kHz using 32 bits per sample (channel mask 0x3)
[2017.08.06-11.27.44:114][  0]LogInit: FAudioDevice initialized.
[2017.08.06-11.27.44:178][  0]LogDerivedDataCache: Saved boot cache 0.06s 90MB C:/Users/Toni.DESKTOP-EC9GL36/AppData/Local/UnrealEngine/4.16/DerivedDataCache/Boot.ddc.
[2017.08.06-11.27.44:230][  0]LogInit: Texture streaming: Enabled
[2017.08.06-11.27.44:403][  0]LogEngineSessionManager: EngineSessionManager initialized
[2017.08.06-11.27.44:775][  0]LogInit: Transaction tracking system initialized
[2017.08.06-11.27.45:333][  0]BlueprintLog: New page: Editor Load
[2017.08.06-11.27.47:061][  0]LocalizationService: Info Localization service is disabled
[2017.08.06-11.27.48:296][  0]LogConsoleResponse:Display: 
[2017.08.06-11.27.48:556][  0]LogCook:Display: Max memory allowance for cook 16384mb min free memory 0mb
[2017.08.06-11.27.48:556][  0]LogCook:Display: Mobile HDR setting 1
[2017.08.06-11.27.49:223][  0]LogFileCache: Scanning file cache for directory 'C:/Users/Toni.DESKTOP-EC9GL36/Documents/Unreal Projects/pangville/Content/' took 0.04s
[2017.08.06-11.27.50:645][  0]Cmd: MAP LOAD FILE="../../../../../../Users/Toni.DESKTOP-EC9GL36/Documents/Unreal Projects/pangville/Content/SideScrollerBP/Maps/Level1.umap" TEMPLATE=0 SHOWPROGRESS=1 FEATURELEVEL=3
[2017.08.06-11.27.50:646][  0]LightingResults: New page: Lighting Build
[2017.08.06-11.27.50:715][  0]MapCheck: New page: Map Check
[2017.08.06-11.27.50:715][  0]LightingResults: New page: Lighting Build
[2017.08.06-11.27.51:976][  0]LogBlueprint:Warning: [Compiler PersistentLevel.Level1] Warning Node  Unknown  is not referencing a valid level actor
[2017.08.06-11.27.51:996][  0]LogBlueprint:Warning: [Compiler PersistentLevel.Level1] Warning [0029.62] Compile of PersistentLevel.Level1 successful, but with 1 Warning(s) [in 38 ms] (/Game/SideScrollerBP/Maps/Level1.Level1:PersistentLevel.Level1)
[2017.08.06-11.27.51:996][  0]LogBlueprint:Warning: [Compiler PersistentLevel.Level1] Warning [0029.62] Compile of PersistentLevel.Level1 successful, but with 2 Warning(s) [in 0 ms] (/Game/SideScrollerBP/Maps/Level1.Level1:PersistentLevel.Level1)
[2017.08.06-11.27.51:997][  0]LogBlueprint:Warning: [Compiler PersistentLevel.Level1] Warning [0029.62] Compile of PersistentLevel.Level1 successful, but with 3 Warning(s) [in 0 ms] (/Game/SideScrollerBP/Maps/Level1.Level1:PersistentLevel.Level1)
[2017.08.06-11.27.52:031][  0]LogBlueprint:Warning: [Compiler PersistentLevel.Level1] Warning Node  Unknown  is not referencing a valid level actor
[2017.08.06-11.27.52:039][  0]LogBlueprint:Warning: [Compiler PersistentLevel.Level1] Warning [0029.66] Compile of PersistentLevel.Level1 successful, but with 1 Warning(s) [in 32 ms] (/Game/SideScrollerBP/Maps/Level1.Level1:PersistentLevel.Level1)
[2017.08.06-11.27.52:039][  0]LogBlueprint:Warning: [Compiler PersistentLevel.Level1] Warning [0029.67] Compile of PersistentLevel.Level1 successful, but with 2 Warning(s) [in 0 ms] (/Game/SideScrollerBP/Maps/Level1.Level1:PersistentLevel.Level1)
[2017.08.06-11.27.52:039][  0]LogBlueprint:Warning: [Compiler PersistentLevel.Level1] Warning [0029.67] Compile of PersistentLevel.Level1 successful, but with 3 Warning(s) [in 0 ms] (/Game/SideScrollerBP/Maps/Level1.Level1:PersistentLevel.Level1)
[2017.08.06-11.27.52:586][  0]LogAIModule: Creating AISystem for world Level1
[2017.08.06-11.27.52:631][  0]LogEditorServer: Finished looking for orphan Actors (0.000 secs)
[2017.08.06-11.27.52:671][  0]Cmd: MAP CHECKDEP NOCLEARLOG
[2017.08.06-11.27.52:776][  0]MapCheck: Info Map check complete: 0 Error(s), 0 Warning(s), took 104.275ms to complete.
[2017.08.06-11.27.52:776][  0]LogFileHelpers: Loading map 'Level1' took 2.131
[2017.08.06-11.27.53:012][  0]LogCollectionManager: Loaded 0 collections in 0.001930 seconds
[2017.08.06-11.27.53:128][  0]LogFileCache: Scanning file cache for directory 'C:/Users/Toni.DESKTOP-EC9GL36/Documents/Unreal Projects/pangville/Saved/Collections/' took 0.01s
[2017.08.06-11.27.53:128][  0]LogFileCache: Scanning file cache for directory 'C:/Users/Toni.DESKTOP-EC9GL36/Documents/Unreal Projects/pangville/Content/Developers/Toni/Collections/' took 0.01s
[2017.08.06-11.27.53:128][  0]LogFileCache: Scanning file cache for directory 'C:/Users/Toni.DESKTOP-EC9GL36/Documents/Unreal Projects/pangville/Content/Collections/' took 0.01s
[2017.08.06-11.27.53:128][  0]LogCollectionManager: Rebuilt the GUID cache for 0 collections in 0.000002 seconds
[2017.08.06-11.27.53:147][  0]LogContentBrowser: Native class hierarchy populated in 0.0184 seconds. Added 2329 classes and 491 folders.
[2017.08.06-11.27.53:274][  0]LogContentBrowser: Native class hierarchy updated for 'WidgetCarousel' in 0.0006 seconds. Added 0 classes and 0 folders.
[2017.08.06-11.27.53:332][  0]LogContentBrowser: Native class hierarchy updated for 'AddContentDialog' in 0.0011 seconds. Added 0 classes and 0 folders.
[2017.08.06-11.27.53:407][  0]LogContentBrowser: Native class hierarchy updated for 'SceneOutliner' in 0.0010 seconds. Added 1 classes and 2 folders.
[2017.08.06-11.27.53:498][  0]LogCrashTracker: Crashtracker disabled due to settings.
[2017.08.06-11.27.53:508][  0]LogSlate: Took 0.000241 seconds to synchronously load lazily loaded font '../../../Engine/Content/Slate/Fonts/Roboto-Regular.ttf' (155K)
[2017.08.06-11.27.53:511][  0]LogSlate: Took 0.000264 seconds to synchronously load lazily loaded font '../../../Engine/Content/Slate/Fonts/Roboto-Bold.ttf' (160K)
[2017.08.06-11.27.53:518][  0]LogSlate: Took 0.000410 seconds to synchronously load lazily loaded font '../../../Engine/Content/Editor/Slate/Fonts/FontAwesome.ttf' (139K)
[2017.08.06-11.27.53:716][  0]LogRenderer: Reallocating scene render targets to support 1212x556 NumSamples 1 (Frame:1).
[2017.08.06-11.27.54:113][  0]LogUObjectGlobals:Warning: Failed to find object 'Class None.'
[2017.08.06-11.27.54:197][  0]LogContentBrowser: Native class hierarchy updated for 'HierarchicalLODOutliner' in 0.0007 seconds. Added 1 classes and 2 folders.
[2017.08.06-11.27.54:198][  0]LogLoad: (Engine Initialization) Total time: 31.82 seconds
[2017.08.06-11.27.54:198][  0]LogLoad: (Engine Initialization) Total Blueprint compile time: 0.64 seconds
[2017.08.06-11.27.54:198][  0]LogExternalProfiler: Found external profiler: VSPerf
[2017.08.06-11.27.54:198][  0]LogExternalProfiler: Using external profiler: VSPerf
[2017.08.06-11.27.54:538][  0]LogOcInput: OculusInput pre-init called
[2017.08.06-11.27.54:538][  0]LogHMD: Starting GearVRController plugin
[2017.08.06-11.27.54:570][  0]SourceControl: Info On branch master
[2017.08.06-11.27.54:570][  0]SourceControl: Info Your branch is up-to-date with 'origin/master'.
[2017.08.06-11.27.54:570][  0]SourceControl: Info Changes to be committed:
[2017.08.06-11.27.54:570][  0]SourceControl: Info   (use "git reset HEAD <file>..." to unstage)
[2017.08.06-11.27.54:570][  0]SourceControl: Info 	new file:   Content/SideScrollerBP/Blueprints/Balls/XtraSmallLeft1.uasset
[2017.08.06-11.27.54:570][  0]SourceControl: Info 	new file:   Content/SideScrollerBP/Blueprints/Balls/XtraSmallLeft_Child.uasset
[2017.08.06-11.27.54:570][  0]SourceControl: Info 	new file:   Content/SideScrollerBP/Maps/Level1_BuiltData.uasset
[2017.08.06-11.27.54:570][  0]SourceControl: Info 	new file:   Content/SideScrollerBP/Sounds/new/new_pop1.uasset
[2017.08.06-11.27.54:570][  0]SourceControl: Info 	new file:   Content/SideScrollerBP/Sounds/new/new_pop2.uasset
[2017.08.06-11.27.54:570][  0]SourceControl: Info 	new file:   Content/SideScrollerBP/Sounds/new/new_pop3.uasset
[2017.08.06-11.27.54:570][  0]SourceControl: Info 	new file:   Content/SideScrollerBP/Sounds/new/new_pop4.uasset
[2017.08.06-11.27.54:570][  0]SourceControl: Info 	new file:   Content/SideScrollerBP/Sounds/new/powerup1.uasset
[2017.08.06-11.27.54:571][  0]SourceControl: Info Changes not staged for commit:
[2017.08.06-11.27.54:571][  0]SourceControl: Info   (use "git add/rm <file>..." to update what will be committed)
[2017.08.06-11.27.54:571][  0]SourceControl: Info   (use "git checkout -- <file>..." to discard changes in working directory)
[2017.08.06-11.27.54:571][  0]SourceControl: Info 	modified:   Config/DefaultEngine.ini
[2017.08.06-11.27.54:571][  0]SourceControl: Info 	modified:   Content/SideScrollerBP/Blueprints/Balls/BigBallLeft.uasset
[2017.08.06-11.27.54:571][  0]SourceControl: Info 	modified:   Content/SideScrollerBP/Blueprints/Balls/BigBallRight.uasset
[2017.08.06-11.27.54:571][  0]SourceControl: Info 	modified:   Content/SideScrollerBP/Blueprints/Balls/MediumBalRight.uasset
[2017.08.06-11.27.54:571][  0]SourceControl: Info 	modified:   Content/SideScrollerBP/Blueprints/Balls/MediumBallLeft.uasset
[2017.08.06-11.27.54:571][  0]SourceControl: Info 	modified:   Content/SideScrollerBP/Blueprints/Balls/XtraSmallLeft.uasset
[2017.08.06-11.27.54:571][  0]SourceControl: Info 	modified:   Content/SideScrollerBP/Blueprints/Balls/XtraSmallRight.uasset
[2017.08.06-11.27.54:571][  0]SourceControl: Info 	modified:   Content/SideScrollerBP/Blueprints/Blocks/GlassBlock_H1.uasset
[2017.08.06-11.27.54:571][  0]SourceControl: Info 	modified:   Content/SideScrollerBP/Blueprints/CameraFocusActor.uasset
[2017.08.06-11.27.54:571][  0]SourceControl: Info 	modified:   Content/SideScrollerBP/Blueprints/MachineGun.uasset
[2017.08.06-11.27.54:571][  0]SourceControl: Info 	modified:   Content/SideScrollerBP/Blueprints/Players/Hero.uasset
[2017.08.06-11.27.54:571][  0]SourceControl: Info 	modified:   Content/SideScrollerBP/Blueprints/PowerUps/DoublePower.uasset
[2017.08.06-11.27.54:571][  0]SourceControl: Info 	modified:   Content/SideScrollerBP/Blueprints/RopeBullet.uasset
[2017.08.06-11.27.54:571][  0]SourceControl: Info 	modified:   Content/SideScrollerBP/Maps/Level1.umap
[2017.08.06-11.27.54:571][  0]SourceControl: Info 	modified:   Content/SideScrollerBP/Maps/Level1_BuiltData.uasset
[2017.08.06-11.27.54:571][  0]SourceControl: Info 	modified:   Content/SideScrollerBP/Maps/Level2.umap
[2017.08.06-11.27.54:571][  0]SourceControl: Info 	modified:   Content/SideScrollerBP/Maps/Level3.umap
[2017.08.06-11.27.54:571][  0]SourceControl: Info 	modified:   Content/SideScrollerBP/Materials/Emision_Mat.uasset
[2017.08.06-11.27.54:571][  0]SourceControl: Info 	modified:   Content/SideScrollerBP/Sounds/new/new_pop2.uasset
[2017.08.06-11.27.54:571][  0]SourceControl: Info 	modified:   Content/SideScrollerBP/Sounds/new/powerup1.uasset
[2017.08.06-11.27.54:571][  0]SourceControl: Info 	modified:   Intermediate/AssetRegistryCache/c90e3f55.bin
[2017.08.06-11.27.54:571][  0]SourceControl: Info 	modified:   Intermediate/CachedAssetRegistry.bin
[2017.08.06-11.27.54:571][  0]SourceControl: Info 	modified:   Intermediate/ReimportCache/3688439234.bin
[2017.08.06-11.27.54:571][  0]SourceControl: Info 	modified:   Saved/AutoScreenshot.png
[2017.08.06-11.27.54:571][  0]SourceControl: Info 	modified:   Saved/Autosaves/Game/SideScrollerBP/Blueprints/Balls/XtraSmallLeft_Auto1.uasset
[2017.08.06-11.27.54:571][  0]SourceControl: Info 	modified:   Saved/Autosaves/Game/SideScrollerBP/Blueprints/Balls/XtraSmallLeft_Auto5.uasset
[2017.08.06-11.27.54:571][  0]SourceControl: Info 	modified:   Saved/Autosaves/Game/SideScrollerBP/Blueprints/Blocks/GlassBlock_H1_Auto3.uasset
[2017.08.06-11.27.54:571][  0]SourceControl: Info 	modified:   Saved/Autosaves/Game/SideScrollerBP/Blueprints/CameraFocusActor_Auto3.uasset
[2017.08.06-11.27.54:571][  0]SourceControl: Info 	modified:   Saved/Autosaves/Game/SideScrollerBP/Blueprints/Players/Hero_Auto3.uasset
[2017.08.06-11.27.54:571][  0]SourceControl: Info 	modified:   Saved/Autosaves/Game/SideScrollerBP/Blueprints/PowerUps/DoublePower_Auto6.uasset
[2017.08.06-11.27.54:571][  0]SourceControl: Info 	modified:   Saved/Autosaves/Game/SideScrollerBP/Blueprints/PowerUps/DoublePower_Auto7.uasset
[2017.08.06-11.27.54:571][  0]SourceControl: Info 	modified:   Saved/Autosaves/Game/SideScrollerBP/Blueprints/RopeBullet_Auto3.uasset
[2017.08.06-11.27.54:571][  0]SourceControl: Info 	modified:   Saved/Autosaves/Game/SideScrollerBP/Blueprints/RopeBullet_Auto8.uasset
[2017.08.06-11.27.54:571][  0]SourceControl: Info 	modified:   Saved/Autosaves/Game/SideScrollerBP/Maps/Level1_Auto2.umap
[2017.08.06-11.27.54:571][  0]SourceControl: Info 	modified:   Saved/Autosaves/Game/SideScrollerBP/Maps/Level1_Auto3.umap
[2017.08.06-11.27.54:571][  0]SourceControl: Info 	modified:   Saved/Autosaves/Game/SideScrollerBP/Maps/Level1_Auto4.umap
[2017.08.06-11.27.54:571][  0]SourceControl: Info 	modified:   Saved/Autosaves/Game/SideScrollerBP/Maps/Level1_Auto5.umap
[2017.08.06-11.27.54:571][  0]SourceControl: Info 	modified:   Saved/Autosaves/Game/SideScrollerBP/Maps/Level1_Auto6.umap
[2017.08.06-11.27.54:571][  0]SourceControl: Info 	modified:   Saved/Autosaves/PackageRestoreData.json
[2017.08.06-11.27.54:571][  0]SourceControl: Info 	deleted:    Saved/Backup/Block1x5_2017-08-05-13-37-51.uasset
[2017.08.06-11.27.54:572][  0]SourceControl: Info 	deleted:    Saved/Backup/Block1x5_2017-08-05-14-10-29.uasset
[2017.08.06-11.27.54:572][  0]SourceControl: Info 	deleted:    Saved/Backup/Block1x5_2017-08-05-14-54-56.uasset
[2017.08.06-11.27.54:572][  0]SourceControl: Info 	deleted:    Saved/Backup/CameraFocusActor_2017-08-05-11-53-51.uasset
[2017.08.06-11.27.54:572][  0]SourceControl: Info 	deleted:    Saved/Backup/CameraFocusActor_2017-08-05-12-08-31.uasset
[2017.08.06-11.27.54:572][  0]SourceControl: Info 	deleted:    Saved/Backup/CameraFocusActor_2017-08-05-12-19-13.uasset
[2017.08.06-11.27.54:572][  0]SourceControl: Info 	deleted:    Saved/Backup/GlassBlock_H1_2017-08-05-14-54-57.uasset
[2017.08.06-11.27.54:572][  0]SourceControl: Info 	deleted:    Saved/Backup/GlassBlock_H1_2017-08-05-15-07-30.uasset
[2017.08.06-11.27.54:572][  0]SourceControl: Info 	deleted:    Saved/Backup/Hero_2017-08-05-11-53-51.uasset
[2017.08.06-11.27.54:572][  0]SourceControl: Info 	deleted:    Saved/Backup/Hero_2017-08-05-12-08-31.uasset
[2017.08.06-11.27.54:572][  0]SourceControl: Info 	deleted:    Saved/Backup/Hero_2017-08-05-12-19-14.uasset
[2017.08.06-11.27.54:572][  0]SourceControl: Info 	deleted:    Saved/Backup/Hero_2017-08-05-13-12-48.uasset
[2017.08.06-11.27.54:572][  0]SourceControl: Info 	deleted:    Saved/Backup/Hero_2017-08-05-13-37-51.uasset
[2017.08.06-11.27.54:572][  0]SourceControl: Info 	deleted:    Saved/Backup/Hero_2017-08-05-13-54-54.uasset
[2017.08.06-11.27.54:572][  0]SourceControl: Info 	deleted:    Saved/Backup/Hero_2017-08-05-14-10-29.uasset
[2017.08.06-11.27.54:572][  0]SourceControl: Info 	deleted:    Saved/Backup/Hero_2017-08-05-14-23-29.uasset
[2017.08.06-11.27.54:572][  0]SourceControl: Info 	deleted:    Saved/Backup/Hero_2017-08-05-14-35-25.uasset
[2017.08.06-11.27.54:572][  0]SourceControl: Info 	deleted:    Saved/Backup/Hero_2017-08-05-14-54-56.uasset
[2017.08.06-11.27.54:572][  0]SourceControl: Info 	deleted:    Saved/Backup/Level1_2017-08-05-14-23-28.umap
[2017.08.06-11.27.54:572][  0]SourceControl: Info 	deleted:    Saved/Backup/Level1_2017-08-05-14-35-24.umap
[2017.08.06-11.27.54:572][  0]SourceControl: Info 	deleted:    Saved/Backup/Level1_2017-08-05-14-42-28.umap
[2017.08.06-11.27.54:572][  0]SourceControl: Info 	deleted:    Saved/Backup/Level1_2017-08-05-14-54-55.umap
[2017.08.06-11.27.54:572][  0]SourceControl: Info 	deleted:    Saved/Backup/Level1_2017-08-05-15-07-29.umap
[2017.08.06-11.27.54:572][  0]SourceControl: Info 	deleted:    Saved/Backup/Level1_2017-08-05-15-17-35.umap
[2017.08.06-11.27.54:572][  0]SourceControl: Info 	deleted:    Saved/Backup/Level3_2017-08-05-11-53-50.umap
[2017.08.06-11.27.54:572][  0]SourceControl: Info 	deleted:    Saved/Backup/Level3_2017-08-05-12-08-31.umap
[2017.08.06-11.27.54:572][  0]SourceControl: Info 	deleted:    Saved/Backup/Level3_2017-08-05-12-19-13.umap
[2017.08.06-11.27.54:572][  0]SourceControl: Info 	deleted:    Saved/Backup/Level3_2017-08-05-13-12-47.umap
[2017.08.06-11.27.54:572][  0]SourceControl: Info 	deleted:    Saved/Backup/Level3_2017-08-05-13-25-35.umap
[2017.08.06-11.27.54:572][  0]SourceControl: Info 	deleted:    Saved/Backup/Level3_2017-08-05-13-44-53.umap
[2017.08.06-11.27.54:572][  0]SourceControl: Info 	deleted:    Saved/Backup/Level3_2017-08-05-14-10-22.umap
[2017.08.06-11.27.54:572][  0]SourceControl: Info 	deleted:    Saved/Backup/RopeBullet_2017-08-05-11-53-51.uasset
[2017.08.06-11.27.54:572][  0]SourceControl: Info 	deleted:    Saved/Backup/RopeBullet_2017-08-05-12-08-31.uasset
[2017.08.06-11.27.54:572][  0]SourceControl: Info 	deleted:    Saved/Backup/RopeBullet_2017-08-05-12-19-14.uasset
[2017.08.06-11.27.54:572][  0]SourceControl: Info 	deleted:    Saved/Backup/RopeBullet_2017-08-05-12-54-04.uasset
[2017.08.06-11.27.54:572][  0]SourceControl: Info 	deleted:    Saved/Backup/RopeBullet_2017-08-05-13-12-48.uasset
[2017.08.06-11.27.54:572][  0]SourceControl: Info 	deleted:    Saved/Backup/RopeBullet_2017-08-05-13-37-51.uasset
[2017.08.06-11.27.54:572][  0]SourceControl: Info 	deleted:    Saved/Backup/RopeBullet_2017-08-05-13-54-54.uasset
[2017.08.06-11.27.54:572][  0]SourceControl: Info 	deleted:    Saved/Backup/RopeBullet_2017-08-05-14-10-29.uasset
[2017.08.06-11.27.54:572][  0]SourceControl: Info 	deleted:    Saved/Backup/RopeBullet_2017-08-05-14-54-57.uasset
[2017.08.06-11.27.54:572][  0]SourceControl: Info 	deleted:    Saved/Backup/XtraSmallLeft_2017-08-05-11-34-05.uasset
[2017.08.06-11.27.54:572][  0]SourceControl: Info 	deleted:    Saved/Backup/XtraSmallRight_2017-08-05-11-34-05.uasset
[2017.08.06-11.27.54:572][  0]SourceControl: Info 	modified:   Saved/Config/Windows/Editor.ini
[2017.08.06-11.27.54:572][  0]SourceControl: Info 	modified:   Saved/Config/Windows/EditorPerProjectUserSettings.ini
[2017.08.06-11.27.54:572][  0]SourceControl: Info 	deleted:    Saved/Logs/pangville-backup-2017.08.04-04.41.54.log
[2017.08.06-11.27.54:572][  0]SourceControl: Info 	deleted:    Saved/Logs/pangville-backup-2017.08.04-23.25.29.log
[2017.08.06-11.27.54:572][  0]SourceControl: Info 	modified:   Saved/Logs/pangville.log
[2017.08.06-11.27.54:573][  0]SourceControl: Info 	modified:   Saved/Logs/pangville_2.log
[2017.08.06-11.27.54:573][  0]SourceControl: Info Untracked files:
[2017.08.06-11.27.54:573][  0]SourceControl: Info   (use "git add <file>..." to include in what will be committed)
[2017.08.06-11.27.54:573][  0]SourceControl: Info 	Content/InfinityBladeEffects/
[2017.08.06-11.27.54:573][  0]SourceControl: Info 	Content/SideScrollerBP/Sounds/new/new_pop1.wav
[2017.08.06-11.27.54:573][  0]SourceControl: Info 	Content/SideScrollerBP/Sounds/new/new_pop2.wav
[2017.08.06-11.27.54:573][  0]SourceControl: Info 	Content/SideScrollerBP/Sounds/new/new_pop3.wav
[2017.08.06-11.27.54:573][  0]SourceControl: Info 	Content/SideScrollerBP/Sounds/new/new_pop4.wav
[2017.08.06-11.27.54:573][  0]SourceControl: Info 	Content/SideScrollerBP/Sounds/new/powerup1.wav
[2017.08.06-11.27.54:573][  0]SourceControl: Info 	Saved/Autosaves/Game/SideScrollerBP/Blueprints/Balls/XtraSmallLeft_Child_Auto5.uasset
[2017.08.06-11.27.54:573][  0]SourceControl: Info 	Saved/Autosaves/Game/SideScrollerBP/Blueprints/Balls/XtraSmallRight_Auto7.uasset
[2017.08.06-11.27.54:573][  0]SourceControl: Info 	Saved/Autosaves/Game/SideScrollerBP/Blueprints/MachineGun_Auto3.uasset
[2017.08.06-11.27.54:573][  0]SourceControl: Info 	Saved/Autosaves/Game/SideScrollerBP/Maps/Level1_BuiltData_Auto4.uasset
[2017.08.06-11.27.54:573][  0]SourceControl: Info 	Saved/Autosaves/Game/SideScrollerBP/Maps/Level1_BuiltData_Auto6.uasset
[2017.08.06-11.27.54:573][  0]SourceControl: Info 	Saved/Autosaves/Game/SideScrollerBP/Materials/Emision_Mat_Auto5.uasset
[2017.08.06-11.27.54:573][  0]SourceControl: Info 	Saved/Autosaves/Game/SideScrollerBP/Materials/Emision_Mat_Auto6.uasset
[2017.08.06-11.27.54:573][  0]SourceControl: Info 	Saved/Autosaves/Game/SideScrollerBP/Sounds/new/
[2017.08.06-11.27.54:573][  0]SourceControl: Info 	Saved/Backup/BigBallLeft_2017-08-06-13-20-50.uasset
[2017.08.06-11.27.54:573][  0]SourceControl: Info 	Saved/Backup/BigBallRight_2017-08-06-13-20-50.uasset
[2017.08.06-11.27.54:573][  0]SourceControl: Info 	Saved/Backup/CameraFocusActor_2017-08-06-07-07-24.uasset
[2017.08.06-11.27.54:573][  0]SourceControl: Info 	Saved/Backup/DoublePower_2017-08-06-09-17-21.uasset
[2017.08.06-11.27.54:573][  0]SourceControl: Info 	Saved/Backup/DoublePower_2017-08-06-09-33-26.uasset
[2017.08.06-11.27.54:573][  0]SourceControl: Info 	Saved/Backup/DoublePower_2017-08-06-10-30-37.uasset
[2017.08.06-11.27.54:573][  0]SourceControl: Info 	Saved/Backup/Emision_Mat_2017-08-06-09-05-38.uasset
[2017.08.06-11.27.54:573][  0]SourceControl: Info 	Saved/Backup/Emision_Mat_2017-08-06-09-17-22.uasset
[2017.08.06-11.27.54:573][  0]SourceControl: Info 	Saved/Backup/Emision_Mat_2017-08-06-10-30-37.uasset
[2017.08.06-11.27.54:573][  0]SourceControl: Info 	Saved/Backup/GlassBlock_H1_2017-08-06-07-07-25.uasset
[2017.08.06-11.27.54:573][  0]SourceControl: Info 	Saved/Backup/Hero_2017-08-06-07-07-24.uasset
[2017.08.06-11.27.54:573][  0]SourceControl: Info 	Saved/Backup/Hero_2017-08-06-10-49-10.uasset
[2017.08.06-11.27.54:573][  0]SourceControl: Info 	Saved/Backup/Level1_2017-08-06-07-07-24.umap
[2017.08.06-11.27.54:573][  0]SourceControl: Info 	Saved/Backup/Level1_2017-08-06-07-24-28.umap
[2017.08.06-11.27.54:573][  0]SourceControl: Info 	Saved/Backup/Level1_2017-08-06-08-28-50.umap
[2017.08.06-11.27.54:573][  0]SourceControl: Info 	Saved/Backup/Level1_2017-08-06-08-42-40.umap
[2017.08.06-11.27.54:573][  0]SourceControl: Info 	Saved/Backup/Level1_2017-08-06-08-53-34.umap
[2017.08.06-11.27.54:573][  0]SourceControl: Info 	Saved/Backup/Level1_2017-08-06-09-05-36.umap
[2017.08.06-11.27.54:573][  0]SourceControl: Info 	Saved/Backup/Level1_2017-08-06-09-17-21.umap
[2017.08.06-11.27.54:573][  0]SourceControl: Info 	Saved/Backup/Level1_2017-08-06-09-23-26.umap
[2017.08.06-11.27.54:573][  0]SourceControl: Info 	Saved/Backup/Level1_2017-08-06-10-30-36.umap
[2017.08.06-11.27.54:573][  0]SourceControl: Info 	Saved/Backup/Level1_2017-08-06-13-22-55.umap
[2017.08.06-11.27.54:573][  0]SourceControl: Info 	Saved/Backup/Level1_BuiltData_2017-08-06-13-22-56.uasset
[2017.08.06-11.27.54:573][  0]SourceControl: Info 	Saved/Backup/Level2_2017-08-06-10-39-25.umap
[2017.08.06-11.27.54:573][  0]SourceControl: Info 	Saved/Backup/Level2_2017-08-06-11-04-43.umap
[2017.08.06-11.27.54:573][  0]SourceControl: Info 	Saved/Backup/Level2_2017-08-06-13-17-25.umap
[2017.08.06-11.27.54:574][  0]SourceControl: Info 	Saved/Backup/Level3_2017-08-06-13-21-38.umap
[2017.08.06-11.27.54:574][  0]SourceControl: Info 	Saved/Backup/MachineGun_2017-08-06-07-07-25.uasset
[2017.08.06-11.27.54:574][  0]SourceControl: Info 	Saved/Backup/MediumBalRight_2017-08-06-13-20-50.uasset
[2017.08.06-11.27.54:574][  0]SourceControl: Info 	Saved/Backup/MediumBallLeft_2017-08-06-13-20-50.uasset
[2017.08.06-11.27.54:574][  0]SourceControl: Info 	Saved/Backup/RopeBullet_2017-08-06-07-07-24.uasset
[2017.08.06-11.27.54:574][  0]SourceControl: Info 	Saved/Backup/RopeBullet_2017-08-06-10-49-11.uasset
[2017.08.06-11.27.54:574][  0]SourceControl: Info 	Saved/Backup/RopeBullet_2017-08-06-11-04-42.uasset
[2017.08.06-11.27.54:574][  0]SourceControl: Info 	Saved/Backup/XtraSmallLeft_2017-08-06-07-35-03.uasset
[2017.08.06-11.27.54:574][  0]SourceControl: Info 	Saved/Backup/XtraSmallLeft_2017-08-06-09-05-37.uasset
[2017.08.06-11.27.54:574][  0]SourceControl: Info 	Saved/Backup/XtraSmallLeft_2017-08-06-10-30-37.uasset
[2017.08.06-11.27.54:574][  0]SourceControl: Info 	Saved/Backup/XtraSmallLeft_2017-08-06-11-04-43.uasset
[2017.08.06-11.27.54:574][  0]SourceControl: Info 	Saved/Backup/XtraSmallRight_2017-08-06-09-33-26.uasset
[2017.08.06-11.27.54:574][  0]SourceControl: Info 	Saved/Backup/XtraSmallRight_2017-08-06-10-30-37.uasset
[2017.08.06-11.27.54:574][  0]SourceControl: Info 	Saved/Backup/XtraSmallRight_2017-08-06-11-04-43.uasset
[2017.08.06-11.27.54:574][  0]SourceControl: Info 	Saved/Backup/new_pop2_2017-08-06-09-05-38.uasset
[2017.08.06-11.27.54:574][  0]SourceControl: Info 	Saved/Backup/new_pop2_2017-08-06-10-30-37.uasset
[2017.08.06-11.27.54:574][  0]SourceControl: Info 	Saved/Backup/powerup1_2017-08-06-09-33-26.uasset
[2017.08.06-11.27.54:574][  0]SourceControl: Info 	Saved/Backup/powerup1_2017-08-06-10-30-37.uasset
[2017.08.06-11.27.54:574][  0]SourceControl: Info 	Saved/Config/CrashReportClient/UE4CC-Windows-210A46D84E093D2D8B9E979BDACECE74/
[2017.08.06-11.27.54:574][  0]SourceControl: Info 	Saved/Config/CrashReportClient/UE4CC-Windows-5D71B88D4522EC5E4691F196E3FF494B/
[2017.08.06-11.27.54:574][  0]SourceControl: Info 	Saved/Config/CrashReportClient/UE4CC-Windows-79570F8A4A11D670B5B3C993D75385E7/
[2017.08.06-11.27.54:574][  0]SourceControl: Info 	Saved/Config/CrashReportClient/UE4CC-Windows-E481EF814481F20E1B14BF9F2826C587/
[2017.08.06-11.27.54:574][  0]SourceControl: Info 	Saved/Crashes/UE4CC-Windows-79570F8A4A11D670B5B3C993D75385E7_0000/
[2017.08.06-11.27.54:574][  0]SourceControl: Info 	Saved/Crashes/UE4CC-Windows-E481EF814481F20E1B14BF9F2826C587_0000/
[2017.08.06-11.27.54:574][  0]SourceControl: Info 	Saved/Logs/pangville-backup-2017.08.06-07.10.25.log
[2017.08.06-11.27.54:574][  0]SourceControl: Info 	Saved/Logs/pangville-backup-2017.08.06-07.14.15.log
[2017.08.06-11.27.54:574][  0]SourceControl: Info 	Saved/Logs/pangville-backup-2017.08.06-13.13.39.log
[2017.08.06-11.27.54:574][  0]SourceControl: Info 	Saved/Logs/pangville_2-backup-2017.08.06-13.27.24.log
[2017.08.06-11.27.54:574][  0]LogContentStreaming: Texture pool size now 1000 MB
[2017.08.06-11.27.54:640][  0]LogSlate: Took 0.000262 seconds to synchronously load lazily loaded font '../../../Engine/Content/Slate/Fonts/Roboto-Light.ttf' (159K)
[2017.08.06-11.27.55:586][  3]LogAssetRegistry: Asset discovery search completed in 22.3170 seconds
[2017.08.06-11.27.55:594][  3]LogCollectionManager: Rebuilt the object cache for 0 collections in 0.000001 seconds (found 0 objects)
[2017.08.06-11.27.55:594][  3]LogCollectionManager: Fixed up redirectors for 0 collections in 0.000083 seconds (updated 0 objects)
[2017.08.06-11.27.55:621][  3]LogSlate: Took 0.000324 seconds to synchronously load lazily loaded font '../../../Engine/Content/Slate/Fonts/Roboto-Light.ttf' (159K)
[2017.08.06-11.28.14:912][132]LogSlate: Took 0.000179 seconds to synchronously load lazily loaded font '../../../Engine/Content/Slate/Fonts/Roboto-Light.ttf' (159K)
[2017.08.06-11.28.15:524][132]LogContentBrowser: Native class hierarchy updated for 'BlueprintGraph' in 0.0011 seconds. Added 112 classes and 0 folders.
[2017.08.06-11.28.16:362][132]LogSlate: Took 0.004667 seconds to synchronously load lazily loaded font '../../../Engine/Content/Editor/Slate/Fonts/Roboto-BoldCondensed.ttf' (158K)
[2017.08.06-11.28.22:233][593]LogSlate: Took 0.005251 seconds to synchronously load lazily loaded font '../../../Engine/Content/Editor/Slate/Fonts/Roboto-Italic.ttf' (157K)
[2017.08.06-11.36.46:082][ 11]LogWindowsTextInputMethodSystem:Display: IME system now deactivated.
[2017.08.06-11.36.46:276][ 12]Cmd: QUIT_EDITOR
[2017.08.06-11.36.46:337][ 12]LogExit: Preparing to exit.
[2017.08.06-11.36.47:938][ 12]LogDirectoryWatcher: A directory notification for 'C:/Users/Toni.DESKTOP-EC9GL36/Documents/Unreal Projects/pangville/Content/' was aborted.
[2017.08.06-11.36.48:027][ 12]LogExit: Editor shut down
[2017.08.06-11.36.48:040][ 12]LogExit: Transaction tracking system shut down
[2017.08.06-11.36.48:249][ 12]LogObj: Freed 0b from 0 cluster array pools.
[2017.08.06-11.36.48:249][ 12]LogExit: Object subsystem successfully closed.
[2017.08.06-11.36.48:276][ 12]LogD3D11RHI: Shutdown
[2017.08.06-11.36.48:276][ 12]LogD3D11RHI: CleanupD3DDevice
[2017.08.06-11.36.48:480][ 12]LogD3D11RHI: ~FD3D11DynamicRHI
[2017.08.06-11.36.48:525][ 12]LogModuleManager: Shutting down and abandoning module BlueprintGraph (528)
[2017.08.06-11.36.48:525][ 12]LogModuleManager: Shutting down and abandoning module BlueprintProfiler (526)
[2017.08.06-11.36.48:527][ 12]LogModuleManager: Shutting down and abandoning module HierarchicalLODOutliner (524)
[2017.08.06-11.36.48:528][ 12]LogModuleManager: Shutting down and abandoning module CrashTracker (522)
[2017.08.06-11.36.48:528][ 12]LogModuleManager: Shutting down and abandoning module SceneOutliner (520)
[2017.08.06-11.36.48:528][ 12]LogModuleManager: Shutting down and abandoning module AddContentDialog (518)
[2017.08.06-11.36.48:529][ 12]LogDirectoryWatcher: A directory notification for 'C:/Games/UE4/UE_4.16/FeaturePacks/' was aborted.
[2017.08.06-11.36.48:531][ 12]LogModuleManager: Shutting down and abandoning module WidgetCarousel (517)
[2017.08.06-11.36.48:531][ 12]LogModuleManager: Shutting down and abandoning module EditorWidgets (514)
[2017.08.06-11.36.48:531][ 12]LogModuleManager: Shutting down and abandoning module CollectionManager (512)
[2017.08.06-11.36.48:531][ 12]LogDirectoryWatcher: A directory notification for 'C:/Users/Toni.DESKTOP-EC9GL36/Documents/Unreal Projects/pangville/Content/Collections/' was aborted.
[2017.08.06-11.36.48:531][ 12]LogDirectoryWatcher: A directory notification for 'C:/Users/Toni.DESKTOP-EC9GL36/Documents/Unreal Projects/pangville/Content/Developers/Toni/Collections/' was aborted.
[2017.08.06-11.36.48:531][ 12]LogDirectoryWatcher: A directory notification for 'C:/Users/Toni.DESKTOP-EC9GL36/Documents/Unreal Projects/pangville/Saved/Collections/' was aborted.
[2017.08.06-11.36.48:531][ 12]LogModuleManager: Shutting down and abandoning module StatsViewer (510)
[2017.08.06-11.36.48:531][ 12]LogModuleManager: Shutting down and abandoning module FoliageEdit (508)
[2017.08.06-11.36.48:531][ 12]LogModuleManager: Shutting down and abandoning module LandscapeEditor (506)
[2017.08.06-11.36.48:532][ 12]LogModuleManager: Shutting down and abandoning module MeshPaintMode (504)
[2017.08.06-11.36.48:532][ 12]LogModuleManager: Shutting down and abandoning module SceneDepthPickerMode (502)
[2017.08.06-11.36.48:532][ 12]LogModuleManager: Shutting down and abandoning module ActorPickerMode (500)
[2017.08.06-11.36.48:532][ 12]LogModuleManager: Shutting down and abandoning module GeometryMode (498)
[2017.08.06-11.36.48:532][ 12]LogModuleManager: Shutting down and abandoning module TextureAlignMode (496)
[2017.08.06-11.36.48:532][ 12]LogModuleManager: Shutting down and abandoning module BspMode (494)
[2017.08.06-11.36.48:533][ 12]LogModuleManager: Shutting down and abandoning module HardwareSurvey (492)
[2017.08.06-11.36.48:533][ 12]LogModuleManager: Shutting down and abandoning module SequenceRecorderSections (490)
[2017.08.06-11.36.48:533][ 12]LogModuleManager: Shutting down and abandoning module AutomationWorker (488)
[2017.08.06-11.36.48:533][ 12]LogModuleManager: Shutting down and abandoning module MatineeToLevelSequence (486)
[2017.08.06-11.36.48:534][ 12]LogModuleManager: Shutting down and abandoning module LevelSequenceEditor (484)
[2017.08.06-11.36.48:537][ 12]LogModuleManager: Shutting down and abandoning module PlacementMode (483)
[2017.08.06-11.36.48:537][ 12]LogModuleManager: Shutting down and abandoning module WmfMediaFactory (480)
[2017.08.06-11.36.48:537][ 12]LogModuleManager: Shutting down and abandoning module WmfMediaEditor (478)
[2017.08.06-11.36.48:537][ 12]LogModuleManager: Shutting down and abandoning module AvfMediaFactory (476)
[2017.08.06-11.36.48:537][ 12]LogModuleManager: Shutting down and abandoning module AvfMediaEditor (474)
[2017.08.06-11.36.48:537][ 12]LogModuleManager: Shutting down and abandoning module AndroidMediaFactory (472)
[2017.08.06-11.36.48:537][ 12]LogModuleManager: Shutting down and abandoning module Media (471)
[2017.08.06-11.36.48:537][ 12]LogModuleManager: Shutting down and abandoning module AndroidMediaEditor (468)
[2017.08.06-11.36.48:537][ 12]LogModuleManager: Shutting down and abandoning module CharacterAI (466)
[2017.08.06-11.36.48:537][ 12]LogModuleManager: Shutting down and abandoning module AudioCapture (464)
[2017.08.06-11.36.48:538][ 12]LogModuleManager: Shutting down and abandoning module SequenceRecorder (463)
[2017.08.06-11.36.48:539][ 12]LogModuleManager: Shutting down and abandoning module SmartSnapping (460)
[2017.08.06-11.36.48:539][ 12]LogModuleManager: Shutting down and abandoning module SessionServices (458)
[2017.08.06-11.36.48:539][ 12]LogModuleManager: Shutting down and abandoning module ViewportSnapping (456)
[2017.08.06-11.36.48:539][ 12]LogModuleManager: Shutting down and abandoning module ViewportInteraction (454)
[2017.08.06-11.36.48:539][ 12]LogModuleManager: Shutting down and abandoning module ClothPainter (452)
[2017.08.06-11.36.48:540][ 12]LogModuleManager: Shutting down and abandoning module LogVisualizer (450)
[2017.08.06-11.36.48:541][ 12]LogModuleManager: Shutting down and abandoning module IntroTutorials (448)
[2017.08.06-11.36.48:543][ 12]LogModuleManager: Shutting down and abandoning module GameProjectGeneration (447)
[2017.08.06-11.36.48:544][ 12]LogModuleManager: Shutting down and abandoning module EditorLiveStreaming (444)
[2017.08.06-11.36.48:544][ 12]LogModuleManager: Shutting down and abandoning module IOSPlatformEditor (442)
[2017.08.06-11.36.48:544][ 12]LogModuleManager: Shutting down and abandoning module HTML5PlatformEditor (440)
[2017.08.06-11.36.48:544][ 12]LogModuleManager: Shutting down and abandoning module AndroidPlatformEditor (438)
[2017.08.06-11.36.48:544][ 12]LogModuleManager: Shutting down and abandoning module AndroidDeviceDetection (437)
[2017.08.06-11.36.49:002][ 12]LogModuleManager: Shutting down and abandoning module IOSRuntimeSettings (434)
[2017.08.06-11.36.49:002][ 12]LogModuleManager: Shutting down and abandoning module AndroidRuntimeSettings (432)
[2017.08.06-11.36.49:002][ 12]LogModuleManager: Shutting down and abandoning module InputBindingEditor (430)
[2017.08.06-11.36.49:003][ 12]LogModuleManager: Shutting down and abandoning module MergeActors (428)
[2017.08.06-11.36.49:004][ 12]LogModuleManager: Shutting down and abandoning module SizeMap (426)
[2017.08.06-11.36.49:004][ 12]LogModuleManager: Shutting down and abandoning module TreeMap (424)
[2017.08.06-11.36.49:004][ 12]LogModuleManager: Shutting down and abandoning module ReferenceViewer (422)
[2017.08.06-11.36.49:004][ 12]LogModuleManager: Shutting down and abandoning module LocalizationDashboard (420)
[2017.08.06-11.36.49:005][ 12]LogModuleManager: Shutting down and abandoning module LocalizationService (419)
[2017.08.06-11.36.49:005][ 12]LogModuleManager: Shutting down and abandoning module HardwareTargeting (416)
[2017.08.06-11.36.49:005][ 12]LogModuleManager: Shutting down and abandoning module DeviceProfileEditor (414)
[2017.08.06-11.36.49:006][ 12]LogModuleManager: Shutting down and abandoning module UndoHistory (412)
[2017.08.06-11.36.49:006][ 12]LogModuleManager: Shutting down and abandoning module UserFeedback (410)
[2017.08.06-11.36.49:006][ 12]LogModuleManager: Shutting down and abandoning module XmlParser (408)
[2017.08.06-11.36.49:007][ 12]LogModuleManager: Shutting down and abandoning module Blutility (406)
[2017.08.06-11.36.49:007][ 12]LogModuleManager: Shutting down and abandoning module ProjectSettingsViewer (404)
[2017.08.06-11.36.49:007][ 12]LogModuleManager: Shutting down and abandoning module ProjectTargetPlatformEditor (403)
[2017.08.06-11.36.49:007][ 12]LogModuleManager: Shutting down and abandoning module EditorSettingsViewer (400)
[2017.08.06-11.36.49:007][ 12]LogModuleManager: Shutting down and abandoning module SettingsEditor (398)
[2017.08.06-11.36.49:007][ 12]LogModuleManager: Shutting down and abandoning module ProjectLauncher (396)
[2017.08.06-11.36.49:008][ 12]LogModuleManager: Shutting down and abandoning module SessionFrontend (394)
[2017.08.06-11.36.49:008][ 12]LogModuleManager: Shutting down and abandoning module ProfilerClient (392)
[2017.08.06-11.36.49:009][ 12]LogModuleManager: Shutting down and abandoning module DeviceManager (390)
[2017.08.06-11.36.49:009][ 12]LogModuleManager: Shutting down and abandoning module TargetDeviceServices (389)
[2017.08.06-11.36.49:066][ 12]LogModuleManager: Shutting down and abandoning module AutomationController (386)
[2017.08.06-11.36.49:068][ 12]LogModuleManager: Shutting down and abandoning module AutomationWindow (384)
[2017.08.06-11.36.49:069][ 12]LogModuleManager: Shutting down and abandoning module Layers (382)
[2017.08.06-11.36.49:072][ 12]LogModuleManager: Shutting down and abandoning module ComponentVisualizers (380)
[2017.08.06-11.36.49:072][ 12]LogModuleManager: Shutting down and abandoning module DetailCustomizations (378)
[2017.08.06-11.36.49:073][ 12]LogModuleManager: Shutting down and abandoning module PackagesDialog (376)
[2017.08.06-11.36.49:073][ 12]LogModuleManager: Shutting down and abandoning module Persona (374)
[2017.08.06-11.36.49:074][ 12]LogModuleManager: Shutting down and abandoning module AdvancedPreviewScene (373)
[2017.08.06-11.36.49:074][ 12]LogModuleManager: Shutting down and abandoning module AnimGraph (371)
[2017.08.06-11.36.49:074][ 12]LogModuleManager: Shutting down and abandoning module Kismet (368)
[2017.08.06-11.36.49:081][ 12]LogModuleManager: Shutting down and abandoning module ClassViewer (366)
[2017.08.06-11.36.49:081][ 12]LogModuleManager: Shutting down and abandoning module Toolbox (364)
[2017.08.06-11.36.49:082][ 12]LogModuleManager: Shutting down and abandoning module ModuleUI (362)
[2017.08.06-11.36.49:082][ 12]LogModuleManager: Shutting down and abandoning module MovieSceneTools (360)
[2017.08.06-11.36.49:083][ 12]LogModuleManager: Shutting down and abandoning module OutputLog (358)
[2017.08.06-11.36.49:083][ 12]LogModuleManager: Shutting down and abandoning module GammaUI (356)
[2017.08.06-11.36.49:083][ 12]LogModuleManager: Shutting down and abandoning module Documentation (354)
[2017.08.06-11.36.49:083][ 12]LogModuleManager: Shutting down and abandoning module MovieSceneTracks (352)
[2017.08.06-11.36.49:083][ 12]LogModuleManager: Shutting down and abandoning module MovieScene (350)
[2017.08.06-11.36.49:083][ 12]LogModuleManager: Shutting down and abandoning module Niagara (348)
[2017.08.06-11.36.49:083][ 12]LogModuleManager: Shutting down and abandoning module NiagaraEditor (347)
[2017.08.06-11.36.49:085][ 12]LogModuleManager: Shutting down and abandoning module StreamingPauseRendering (344)
[2017.08.06-11.36.49:085][ 12]LogModuleManager: Shutting down and abandoning module AnalyticsET (342)
[2017.08.06-11.36.49:085][ 12]LogModuleManager: Shutting down and abandoning module PortalServices (340)
[2017.08.06-11.36.49:085][ 12]LogModuleManager: Shutting down and abandoning module PortalRpc (338)
[2017.08.06-11.36.49:085][ 12]LogModuleManager: Shutting down and abandoning module MessagingRpc (336)
[2017.08.06-11.36.49:085][ 12]LogModuleManager: Shutting down and abandoning module AIModule (334)
[2017.08.06-11.36.49:085][ 12]LogModuleManager: Shutting down and abandoning module GameplayDebugger (333)
[2017.08.06-11.36.49:085][ 12]LogModuleManager: Shutting down and abandoning module AITestSuite (331)
[2017.08.06-11.36.49:086][ 12]LogModuleManager: Shutting down and abandoning module ProfilerService (328)
[2017.08.06-11.36.49:209][ 12]LogModuleManager: Shutting down and abandoning module TaskGraph (326)
[2017.08.06-11.36.49:211][ 12]LogModuleManager: Shutting down and abandoning module SteamVRController (324)
[2017.08.06-11.36.49:211][ 12]LogModuleManager: Shutting down and abandoning module SteamVR (322)
[2017.08.06-11.36.49:211][ 12]LogModuleManager: Shutting down and abandoning module ProceduralMeshComponentEditor (320)
[2017.08.06-11.36.49:211][ 12]LogModuleManager: Shutting down and abandoning module ProceduralMeshComponent (318)
[2017.08.06-11.36.49:212][ 12]LogModuleManager: Shutting down and abandoning module OculusLibrary (316)
[2017.08.06-11.36.49:212][ 12]LogModuleManager: Shutting down and abandoning module OculusInput (314)
[2017.08.06-11.36.49:212][ 12]LogModuleManager: Shutting down and abandoning module MobilePatchingUtils (312)
[2017.08.06-11.36.49:212][ 12]LogModuleManager: Shutting down and abandoning module CustomMeshComponent (310)
[2017.08.06-11.36.49:212][ 12]LogModuleManager: Shutting down and abandoning module CableComponent (308)
[2017.08.06-11.36.49:212][ 12]LogModuleManager: Shutting down and abandoning module ArchVisCharacter (306)
[2017.08.06-11.36.49:212][ 12]LogModuleManager: Shutting down and abandoning module AndroidPermission (304)
[2017.08.06-11.36.49:212][ 12]LogModuleManager: Shutting down and abandoning module MediaPlayerEditor (300)
[2017.08.06-11.36.49:213][ 12]LogModuleManager: Shutting down and abandoning module HTML5Networking (298)
[2017.08.06-11.36.49:213][ 12]LogModuleManager: Shutting down and abandoning module AlembicImporter (296)
[2017.08.06-11.36.49:214][ 12]LogModuleManager: Shutting down and abandoning module AlembicLibrary (295)
[2017.08.06-11.36.49:214][ 12]LogModuleManager: Shutting down and abandoning module GeometryCache (294)
[2017.08.06-11.36.49:214][ 12]LogModuleManager: Shutting down and abandoning module GeometryCacheEd (293)
[2017.08.06-11.36.49:214][ 12]LogModuleManager: Shutting down and abandoning module SuperSearchEditor (288)
[2017.08.06-11.36.49:214][ 12]LogModuleManager: Shutting down and abandoning module SuperSearch (287)
[2017.08.06-11.36.49:214][ 12]LogModuleManager: Shutting down and abandoning module SpeedTreeImporter (284)
[2017.08.06-11.36.49:214][ 12]LogModuleManager: Shutting down and abandoning module PluginBrowser (282)
[2017.08.06-11.36.49:215][ 12]LogModuleManager: Shutting down and abandoning module MobileLauncherProfileWizard (280)
[2017.08.06-11.36.49:216][ 12]LogModuleManager: Shutting down and abandoning module VisualStudioSourceCodeAccess (278)
[2017.08.06-11.36.49:216][ 12]LogModuleManager: Shutting down and abandoning module DesktopPlatform (277)
[2017.08.06-11.36.49:216][ 12]LogModuleManager: Shutting down and abandoning module UObjectPlugin (274)
[2017.08.06-11.36.49:216][ 12]LogModuleManager: Shutting down and abandoning module SubversionSourceControl (272)
[2017.08.06-11.36.49:217][ 12]LogModuleManager: Shutting down and abandoning module PerforceSourceControl (270)
[2017.08.06-11.36.49:217][ 12]LogModuleManager: Shutting down and abandoning module GitSourceControl (268)
[2017.08.06-11.36.49:217][ 12]LogModuleManager: Shutting down and abandoning module SourceControl (267)
[2017.08.06-11.36.49:218][ 12]LogModuleManager: Shutting down and abandoning module LightPropagationVolumeEditor (264)
[2017.08.06-11.36.49:218][ 12]LogModuleManager: Shutting down and abandoning module PaperTiledImporter (262)
[2017.08.06-11.36.49:218][ 12]LogModuleManager: Shutting down and abandoning module PaperSpriteSheetImporter (260)
[2017.08.06-11.36.49:218][ 12]LogModuleManager: Shutting down and abandoning module Paper2DEditor (258)
[2017.08.06-11.36.49:218][ 12]LogModuleManager: Shutting down and abandoning module MeshPaint (257)
[2017.08.06-11.36.49:219][ 12]LogModuleManager: Shutting down and abandoning module LevelEditor (255)
[2017.08.06-11.36.49:220][ 12]LogModuleManager: Shutting down and abandoning module PixelInspectorModule (254)
[2017.08.06-11.36.49:220][ 12]LogModuleManager: Shutting down and abandoning module MainFrame (252)
[2017.08.06-11.36.49:221][ 12]LogModuleManager: Shutting down and abandoning module HotReload (251)
[2017.08.06-11.36.49:222][ 12]LogModuleManager: Shutting down and abandoning module PhysXVehiclesEditor (246)
[2017.08.06-11.36.49:223][ 12]LogModuleManager: Shutting down and abandoning module PhysXVehicles (244)
[2017.08.06-11.36.49:223][ 12]LogModuleManager: Shutting down and abandoning module LocationServicesBPLibrary (242)
[2017.08.06-11.36.49:223][ 12]LogModuleManager: Shutting down and abandoning module ImmediatePhysicsEditor (240)
[2017.08.06-11.36.49:223][ 12]LogModuleManager: Shutting down and abandoning module ImmediatePhysics (238)
[2017.08.06-11.36.49:223][ 12]LogModuleManager: Shutting down and abandoning module UdpMessaging (236)
[2017.08.06-11.36.49:323][ 12]LogModuleManager: Shutting down and abandoning module TcpMessaging (234)
[2017.08.06-11.36.49:425][ 12]LogModuleManager: Shutting down and abandoning module GameplayTagsEditor (232)
[2017.08.06-11.36.49:427][ 12]LogModuleManager: Shutting down and abandoning module FacialAnimationEditor (230)
[2017.08.06-11.36.49:427][ 12]LogModuleManager: Shutting down and abandoning module FacialAnimation (228)
[2017.08.06-11.36.49:427][ 12]LogModuleManager: Shutting down and abandoning module AssetManagerEditor (226)
[2017.08.06-11.36.49:428][ 12]LogModuleManager: Shutting down and abandoning module GraphEditor (225)
[2017.08.06-11.36.49:428][ 12]LogModuleManager: Shutting down and abandoning module ContentBrowser (223)
[2017.08.06-11.36.49:429][ 12]LogModuleManager: Shutting down and abandoning module LightPropagationVolumeRuntime (220)
[2017.08.06-11.36.49:429][ 12]LogModuleManager: Shutting down and abandoning module Paper2D (218)
[2017.08.06-11.36.49:429][ 12]LogModuleManager: Shutting down and abandoning module WindowsMoviePlayer (216)
[2017.08.06-11.36.49:429][ 12]LogModuleManager: Shutting down and abandoning module WmfMedia (214)
[2017.08.06-11.36.49:430][ 12]LogModuleManager: Shutting down and abandoning module ClothingSystemEditor (212)
[2017.08.06-11.36.49:430][ 12]LogModuleManager: Shutting down and abandoning module ClothingSystemRuntime (210)
[2017.08.06-11.36.49:431][ 12]LogModuleManager: Shutting down and abandoning module MediaAssets (208)
[2017.08.06-11.36.49:431][ 12]LogModuleManager: Shutting down and abandoning module GameLiveStreaming (206)
[2017.08.06-11.36.49:431][ 12]LogModuleManager: Shutting down and abandoning module VREditor (204)
[2017.08.06-11.36.49:432][ 12]LogModuleManager: Shutting down and abandoning module StringTableEditor (202)
[2017.08.06-11.36.49:432][ 12]LogModuleManager: Shutting down and abandoning module GameplayTasksEditor (200)
[2017.08.06-11.36.49:432][ 12]LogModuleManager: Shutting down and abandoning module BehaviorTreeEditor (198)
[2017.08.06-11.36.49:434][ 12]LogModuleManager: Shutting down and abandoning module FunctionalTesting (196)
[2017.08.06-11.36.49:434][ 12]LogModuleManager: Shutting down and abandoning module CollisionAnalyzer (194)
[2017.08.06-11.36.49:435][ 12]LogModuleManager: Shutting down and abandoning module UMG (192)
[2017.08.06-11.36.49:435][ 12]LogModuleManager: Shutting down and abandoning module UMGEditor (191)
[2017.08.06-11.36.49:438][ 12]LogModuleManager: Shutting down and abandoning module Sequencer (190)
[2017.08.06-11.36.49:440][ 12]LogModuleManager: Shutting down and abandoning module AssetTools (188)
[2017.08.06-11.36.49:443][ 12]LogModuleManager: Shutting down and abandoning module MessageLog (187)
[2017.08.06-11.36.49:443][ 12]LogModuleManager: Shutting down and abandoning module WorkspaceMenuStructure (186)
[2017.08.06-11.36.49:443][ 12]LogModuleManager: Shutting down and abandoning module SlateReflector (180)
[2017.08.06-11.36.49:444][ 12]LogModuleManager: Shutting down and abandoning module Slate (178)
[2017.08.06-11.36.49:444][ 12]LogModuleManager: Shutting down and abandoning module EditorStyle (176)
[2017.08.06-11.36.49:447][ 12]LogModuleManager: Shutting down and abandoning module SourceCodeAccess (174)
[2017.08.06-11.36.49:447][ 12]LogModuleManager: Shutting down and abandoning module HeadMountedDisplay (172)
[2017.08.06-11.36.49:447][ 12]LogModuleManager: Shutting down and abandoning module XAudio2 (170)
[2017.08.06-11.36.49:448][ 12]LogModuleManager: Shutting down and abandoning module Networking (168)
[2017.08.06-11.36.49:448][ 12]LogModuleManager: Shutting down and abandoning module Core (164)
[2017.08.06-11.36.49:448][ 12]LogModuleManager: Shutting down and abandoning module AssetRegistry (162)
[2017.08.06-11.36.49:680][ 12]LogDirectoryWatcher: A directory notification for '../../../Engine/Content/' was aborted.
[2017.08.06-11.36.49:680][ 12]LogDirectoryWatcher: A directory notification for '../../../../../../Users/Toni.DESKTOP-EC9GL36/Documents/Unreal Projects/pangville/Content/' was aborted.
[2017.08.06-11.36.49:680][ 12]LogDirectoryWatcher: A directory notification for '../../../Engine/Plugins/2D/Paper2D/Content/' was aborted.
[2017.08.06-11.36.49:682][ 12]LogDirectoryWatcher: A directory notification for '../../../Engine/Plugins/Runtime/GearVR/Content/' was aborted.
[2017.08.06-11.36.49:686][ 12]LogModuleManager: Shutting down and abandoning module DirectoryWatcher (161)
[2017.08.06-11.36.49:687][ 12]LogModuleManager: Shutting down and abandoning module KismetCompiler (158)
[2017.08.06-11.36.49:687][ 12]LogModuleManager: Shutting down and abandoning module LevelSequence (156)
[2017.08.06-11.36.49:687][ 12]LogModuleManager: Shutting down and abandoning module PhysXFormats (154)
[2017.08.06-11.36.49:687][ 12]LogModuleManager: Shutting down and abandoning module MeshUtilities (152)
[2017.08.06-11.36.49:688][ 12]LogModuleManager: Shutting down and abandoning module SimplygonSwarm (151)
[2017.08.06-11.36.49:689][ 12]LogModuleManager: Shutting down and abandoning module SimplygonMeshReduction (149)
[2017.08.06-11.36.49:689][ 12]LogModuleManager: Shutting down and abandoning module QuadricMeshReduction (147)
[2017.08.06-11.36.49:691][ 12]LogModuleManager: Shutting down and abandoning module DerivedDataCache (144)
[2017.08.06-11.36.49:716][ 12]LogDerivedDataCache: Shutdown
[2017.08.06-11.36.49:716][ 12]LogModuleManager: Shutting down and abandoning module TargetPlatform (142)
[2017.08.06-11.36.49:716][ 12]LogModuleManager: Shutting down and abandoning module VulkanShaderFormat (141)
[2017.08.06-11.36.49:717][ 12]LogModuleManager: Shutting down and abandoning module ShaderFormatVectorVM (139)
[2017.08.06-11.36.49:718][ 12]LogModuleManager: Shutting down and abandoning module ShaderFormatOpenGL (137)
[2017.08.06-11.36.49:718][ 12]LogModuleManager: Shutting down and abandoning module ShaderFormatD3D (135)
[2017.08.06-11.36.49:719][ 12]LogModuleManager: Shutting down and abandoning module MetalShaderFormat (133)
[2017.08.06-11.36.49:720][ 12]LogModuleManager: Shutting down and abandoning module TextureFormatUncompressed (131)
[2017.08.06-11.36.49:720][ 12]LogModuleManager: Shutting down and abandoning module TextureFormatPVR (129)
[2017.08.06-11.36.49:720][ 12]LogModuleManager: Shutting down and abandoning module TextureFormatDXT (127)
[2017.08.06-11.36.49:720][ 12]LogModuleManager: Shutting down and abandoning module TextureFormatIntelISPCTexComp (125)
[2017.08.06-11.36.49:720][ 12]LogModuleManager: Shutting down and abandoning module TextureFormatASTC (123)
[2017.08.06-11.36.49:720][ 12]LogModuleManager: Shutting down and abandoning module ImageWrapper (122)
[2017.08.06-11.36.49:720][ 12]LogModuleManager: Shutting down and abandoning module TextureFormatAndroid (119)
[2017.08.06-11.36.49:720][ 12]LogModuleManager: Shutting down and abandoning module AudioFormatOpus (117)
[2017.08.06-11.36.49:720][ 12]LogModuleManager: Shutting down and abandoning module AudioFormatOgg (115)
[2017.08.06-11.36.49:720][ 12]LogModuleManager: Shutting down and abandoning module AudioFormatADPCM (113)
[2017.08.06-11.36.49:720][ 12]LogModuleManager: Shutting down and abandoning module LinuxTargetPlatform (111)
[2017.08.06-11.36.49:721][ 12]LogModuleManager: Shutting down and abandoning module LinuxServerTargetPlatform (109)
[2017.08.06-11.36.49:721][ 12]LogModuleManager: Shutting down and abandoning module LinuxNoEditorTargetPlatform (107)
[2017.08.06-11.36.49:721][ 12]LogModuleManager: Shutting down and abandoning module LinuxClientTargetPlatform (105)
[2017.08.06-11.36.49:721][ 12]LogModuleManager: Shutting down and abandoning module TVOSTargetPlatform (103)
[2017.08.06-11.36.49:721][ 12]LogModuleManager: Shutting down and abandoning module Messaging (101)
[2017.08.06-11.36.49:721][ 12]LogModuleManager: Shutting down and abandoning module IOSTargetPlatform (99)
[2017.08.06-11.36.49:721][ 12]LogModuleManager: Shutting down and abandoning module HTML5TargetPlatform (97)
[2017.08.06-11.36.49:721][ 12]LogModuleManager: Shutting down and abandoning module Android_PVRTCTargetPlatform (95)
[2017.08.06-11.36.49:721][ 12]LogModuleManager: Shutting down and abandoning module Android_MultiTargetPlatform (93)
[2017.08.06-11.36.49:721][ 12]LogModuleManager: Shutting down and abandoning module Android_ETC2TargetPlatform (91)
[2017.08.06-11.36.49:721][ 12]LogModuleManager: Shutting down and abandoning module Android_ETC1TargetPlatform (89)
[2017.08.06-11.36.49:722][ 12]LogModuleManager: Shutting down and abandoning module Android_DXTTargetPlatform (87)
[2017.08.06-11.36.49:722][ 12]LogModuleManager: Shutting down and abandoning module Android_ATCTargetPlatform (85)
[2017.08.06-11.36.49:722][ 12]LogModuleManager: Shutting down and abandoning module Android_ASTCTargetPlatform (83)
[2017.08.06-11.36.49:722][ 12]LogModuleManager: Shutting down and abandoning module AndroidTargetPlatform (81)
[2017.08.06-11.36.49:722][ 12]LogModuleManager: Shutting down and abandoning module WindowsTargetPlatform (79)
[2017.08.06-11.36.49:723][ 12]LogModuleManager: Shutting down and abandoning module WindowsServerTargetPlatform (77)
[2017.08.06-11.36.49:723][ 12]LogModuleManager: Shutting down and abandoning module WindowsNoEditorTargetPlatform (75)
[2017.08.06-11.36.49:723][ 12]LogModuleManager: Shutting down and abandoning module WindowsClientTargetPlatform (73)
[2017.08.06-11.36.49:723][ 12]LogModuleManager: Shutting down and abandoning module MacTargetPlatform (71)
[2017.08.06-11.36.49:723][ 12]LogModuleManager: Shutting down and abandoning module MacServerTargetPlatform (69)
[2017.08.06-11.36.49:723][ 12]LogModuleManager: Shutting down and abandoning module MacNoEditorTargetPlatform (67)
[2017.08.06-11.36.49:723][ 12]LogModuleManager: Shutting down and abandoning module MacClientTargetPlatform (65)
[2017.08.06-11.36.49:723][ 12]LogModuleManager: Shutting down and abandoning module AllDesktopTargetPlatform (63)
[2017.08.06-11.36.49:723][ 12]LogModuleManager: Shutting down and abandoning module InputCore (60)
[2017.08.06-11.36.49:723][ 12]LogModuleManager: Shutting down and abandoning module Settings (58)
[2017.08.06-11.36.49:723][ 12]LogModuleManager: Shutting down and abandoning module OculusRift (56)
[2017.08.06-11.36.49:724][ 12]LogModuleManager: Shutting down and abandoning module GearVRController (54)
[2017.08.06-11.36.49:724][ 12]LogModuleManager: Shutting down and abandoning module GearVR (52)
[2017.08.06-11.36.49:724][ 12]LogModuleManager: Shutting down and abandoning module ExampleDeviceProfileSelector (50)
[2017.08.06-11.36.49:724][ 12]LogModuleManager: Shutting down and abandoning module OnlineBlueprintSupport (48)
[2017.08.06-11.36.49:724][ 12]LogModuleManager: Shutting down and abandoning module OnlineSubsystem (44)
[2017.08.06-11.36.49:724][ 12]LogOnline:Display: Unloading online subsystem: NULL
[2017.08.06-11.36.49:726][ 12]LogModuleManager: Shutting down and abandoning module XMPP (43)
[2017.08.06-11.36.49:727][ 12]LogModuleManager: Shutting down and abandoning module HTTP (41)
[2017.08.06-11.36.49:727][ 12]LogHttp:Display: Http module shutting down, but needs to wait on 1 outstanding Http requests:
[2017.08.06-11.36.49:727][ 12]LogHttp:Display: 	verb=[POST] url=[https://datarouter.ol.epicgames.com/datarouter/api/v1/public/data?SessionID=%7B14F61CD6-4DE6-ADB4-1B2A-2F8FDF187768%7D&AppID=UEEditor.Rocket.Release&AppVersion=4.16.2-3514769%2B%2B%2BUE4%2BRelease-4.16&UserID=5da4a2254d017bb36ffd67b4d02d2883%7Cbce1e967dcb64867b7d0299e3e63fc62%7Cc9de2e5d-d163-4b38-ba29-084ad4b7c711&AppEnvironment=datacollector-binary&UploadType=eteventstream] status=Processing
[2017.08.06-11.36.49:756][ 12]LogModuleManager: Shutting down and abandoning module SSL (40)
[2017.08.06-11.36.49:758][ 12]LogModuleManager: Shutting down and abandoning module HTTPChunkInstaller (36)
[2017.08.06-11.36.49:759][ 12]LogModuleManager: Shutting down and abandoning module AnimationModifiers (34)
[2017.08.06-11.36.49:759][ 12]LogModuleManager: Shutting down and abandoning module PropertyEditor (33)
[2017.08.06-11.36.49:759][ 12]LogModuleManager: Shutting down and abandoning module AudioEditor (30)
[2017.08.06-11.36.49:760][ 12]LogModuleManager: Shutting down and abandoning module TextureCompressor (28)
[2017.08.06-11.36.49:760][ 12]LogModuleManager: Shutting down and abandoning module ShaderCore (26)
[2017.08.06-11.36.49:760][ 12]LogModuleManager: Shutting down and abandoning module Landscape (24)
[2017.08.06-11.36.49:760][ 12]LogModuleManager: Shutting down and abandoning module SlateRHIRenderer (22)
[2017.08.06-11.36.49:762][ 12]LogModuleManager: Shutting down and abandoning module OpenGLDrv (20)
[2017.08.06-11.36.49:763][ 12]LogModuleManager: Shutting down and abandoning module D3D11RHI (18)
[2017.08.06-11.36.49:763][ 12]LogModuleManager: Shutting down and abandoning module AnimGraphRuntime (16)
[2017.08.06-11.36.49:764][ 12]LogModuleManager: Shutting down and abandoning module Renderer (14)
[2017.08.06-11.36.49:764][ 12]LogModuleManager: Shutting down and abandoning module Engine (12)
[2017.08.06-11.36.49:764][ 12]LogModuleManager: Shutting down and abandoning module CoreUObject (10)
[2017.08.06-11.36.49:764][ 12]LogModuleManager: Shutting down and abandoning module NetworkFile (8)
[2017.08.06-11.36.49:764][ 12]LogModuleManager: Shutting down and abandoning module StreamingFile (6)
[2017.08.06-11.36.49:764][ 12]LogModuleManager: Shutting down and abandoning module SandboxFile (4)
[2017.08.06-11.36.49:765][ 12]LogModuleManager: Shutting down and abandoning module PakFile (2)
[2017.08.06-11.36.49:768][ 12]LogExit: Exiting.
[2017.08.06-11.36.49:795][ 12]Log file closed, 08/06/17 13:36:49
